[  0%] Built target geometry_msgs_generate_messages_py
[  0%] Built target std_msgs_generate_messages_py
[  0%] Built target actionlib_msgs_generate_messages_py
[  0%] Built target sensor_msgs_generate_messages_py
[  0%] Built target std_msgs_generate_messages_cpp
[  0%] Built target actionlib_msgs_generate_messages_cpp
[  0%] Built target sensor_msgs_generate_messages_cpp
[  0%] Built target geometry_msgs_generate_messages_cpp
[  0%] Built target std_msgs_generate_messages_lisp
[  0%] Built target roscpp_generate_messages_eus
[  0%] Built target actionlib_msgs_generate_messages_lisp
[  0%] Built target geometry_msgs_generate_messages_eus
[  0%] Built target sensor_msgs_generate_messages_eus
[  0%] Built target sensor_msgs_generate_messages_nodejs
[  0%] Built target sensor_msgs_generate_messages_lisp
[  0%] Built target std_msgs_generate_messages_eus
[  0%] Built target actionlib_msgs_generate_messages_eus
[  0%] Built target rosgraph_msgs_generate_messages_eus
[  0%] Built target roscpp_generate_messages_cpp
[  0%] Built target geometry_msgs_generate_messages_lisp
[  0%] Built target rosgraph_msgs_generate_messages_cpp
[  0%] Built target std_msgs_generate_messages_nodejs
[  0%] Built target geometry_msgs_generate_messages_nodejs
[  0%] Built target roscpp_generate_messages_lisp
[  0%] Built target roscpp_generate_messages_nodejs
[  0%] Built target roscpp_generate_messages_py
[  0%] Built target rosgraph_msgs_generate_messages_py
[  0%] Built target actionlib_msgs_generate_messages_nodejs
[  0%] Built target rosgraph_msgs_generate_messages_nodejs
[  0%] Built target rosgraph_msgs_generate_messages_lisp
[  0%] Built target tf_generate_messages_nodejs
[  0%] Built target tf_generate_messages_cpp
[  0%] Built target actionlib_generate_messages_cpp
[  0%] Built target tf_generate_messages_lisp
[  0%] Built target actionlib_generate_messages_eus
[  0%] Built target actionlib_generate_messages_lisp
[  0%] Built target tf_generate_messages_eus
[  0%] Built target tf_generate_messages_py
[  0%] Built target actionlib_generate_messages_py
[  0%] Built target tf2_msgs_generate_messages_lisp
[  0%] Built target tf2_msgs_generate_messages_py
[  0%] Built target tf2_msgs_generate_messages_eus
[  0%] Built target actionlib_generate_messages_nodejs
[  0%] Built target tf2_msgs_generate_messages_nodejs
[  0%] Built target tf2_msgs_generate_messages_cpp
[  2%] Built target sss_payload
[  2%] Built target _auv_model_generate_messages_check_deps_SssSimGoal
[  2%] Built target _auv_model_generate_messages_check_deps_MbesSimAction
[  2%] Built target _auv_model_generate_messages_check_deps_MbesSimResult
[  2%] Built target _auv_model_generate_messages_check_deps_MbesSimGoal
[  2%] Built target _auv_model_generate_messages_check_deps_SssSimAction
[  2%] Built target _auv_model_generate_messages_check_deps_SssSimActionFeedback
[  2%] Built target _auv_model_generate_messages_check_deps_SssSimResult
[  2%] Built target _auv_model_generate_messages_check_deps_MbesSimFeedback
[  2%] Built target _auv_model_generate_messages_check_deps_MbesSimActionFeedback
[  2%] Built target _auv_model_generate_messages_check_deps_Sidescan
[  2%] Built target _auv_model_generate_messages_check_deps_SssSimFeedback
[  2%] Built target _auv_model_generate_messages_check_deps_MbesSimActionGoal
[  2%] Built target _auv_model_generate_messages_check_deps_SssSimActionResult
[  2%] Built target _auv_model_generate_messages_check_deps_SssSimActionGoal
[  2%] Built target _auv_model_generate_messages_check_deps_MbesSimActionResult
[ 21%] Built target auv_model_generate_messages_py
[ 40%] Built target auv_model_generate_messages_eus
[ 58%] Built target auv_model_generate_messages_lisp
[ 76%] Built target auv_model_generate_messages_cpp
[ 94%] Built target auv_model_generate_messages_nodejs
[ 94%] Built target auv_model_generate_messages
[ 97%] Built target auv_motion_model
[100%] Built target auv_payload_cpp
