Linked: (/root/catkin_ws/devel/.private/auv_model/share/auv_model/msg/MbesSimAction.msg, /root/catkin_ws/devel/share/auv_model/msg/MbesSimAction.msg)
Linked: (/root/catkin_ws/devel/.private/auv_model/share/auv_model/msg/MbesSimGoal.msg, /root/catkin_ws/devel/share/auv_model/msg/MbesSimGoal.msg)
Linked: (/root/catkin_ws/devel/.private/auv_model/share/auv_model/msg/MbesSimActionGoal.msg, /root/catkin_ws/devel/share/auv_model/msg/MbesSimActionGoal.msg)
Linked: (/root/catkin_ws/devel/.private/auv_model/share/auv_model/msg/MbesSimResult.msg, /root/catkin_ws/devel/share/auv_model/msg/MbesSimResult.msg)
Linked: (/root/catkin_ws/devel/.private/auv_model/share/auv_model/msg/MbesSimActionResult.msg, /root/catkin_ws/devel/share/auv_model/msg/MbesSimActionResult.msg)
Linked: (/root/catkin_ws/devel/.private/auv_model/share/auv_model/msg/MbesSimFeedback.msg, /root/catkin_ws/devel/share/auv_model/msg/MbesSimFeedback.msg)
Linked: (/root/catkin_ws/devel/.private/auv_model/share/auv_model/msg/MbesSimActionFeedback.msg, /root/catkin_ws/devel/share/auv_model/msg/MbesSimActionFeedback.msg)
Linked: (/root/catkin_ws/devel/.private/auv_model/share/auv_model/msg/SssSimAction.msg, /root/catkin_ws/devel/share/auv_model/msg/SssSimAction.msg)
Linked: (/root/catkin_ws/devel/.private/auv_model/share/auv_model/msg/SssSimGoal.msg, /root/catkin_ws/devel/share/auv_model/msg/SssSimGoal.msg)
Linked: (/root/catkin_ws/devel/.private/auv_model/share/auv_model/msg/SssSimActionGoal.msg, /root/catkin_ws/devel/share/auv_model/msg/SssSimActionGoal.msg)
Linked: (/root/catkin_ws/devel/.private/auv_model/share/auv_model/msg/SssSimResult.msg, /root/catkin_ws/devel/share/auv_model/msg/SssSimResult.msg)
Linked: (/root/catkin_ws/devel/.private/auv_model/share/auv_model/msg/SssSimActionResult.msg, /root/catkin_ws/devel/share/auv_model/msg/SssSimActionResult.msg)
Linked: (/root/catkin_ws/devel/.private/auv_model/share/auv_model/msg/SssSimFeedback.msg, /root/catkin_ws/devel/share/auv_model/msg/SssSimFeedback.msg)
Linked: (/root/catkin_ws/devel/.private/auv_model/share/auv_model/msg/SssSimActionFeedback.msg, /root/catkin_ws/devel/share/auv_model/msg/SssSimActionFeedback.msg)
Linked: (/root/catkin_ws/devel/.private/auv_model/share/auv_model/cmake/auv_model-msg-paths.cmake, /root/catkin_ws/devel/share/auv_model/cmake/auv_model-msg-paths.cmake)
Linked: (/root/catkin_ws/devel/.private/auv_model/share/auv_model/cmake/auv_model-msg-extras.cmake, /root/catkin_ws/devel/share/auv_model/cmake/auv_model-msg-extras.cmake)
Linked: (/root/catkin_ws/devel/.private/auv_model/share/auv_model/cmake/auv_modelConfig.cmake, /root/catkin_ws/devel/share/auv_model/cmake/auv_modelConfig.cmake)
Linked: (/root/catkin_ws/devel/.private/auv_model/share/auv_model/cmake/auv_modelConfig-version.cmake, /root/catkin_ws/devel/share/auv_model/cmake/auv_modelConfig-version.cmake)
Linked: (/root/catkin_ws/devel/.private/auv_model/share/roseus/ros/auv_model/manifest.l, /root/catkin_ws/devel/share/roseus/ros/auv_model/manifest.l)
Linked: (/root/catkin_ws/devel/.private/auv_model/share/roseus/ros/auv_model/msg/Sidescan.l, /root/catkin_ws/devel/share/roseus/ros/auv_model/msg/Sidescan.l)
Linked: (/root/catkin_ws/devel/.private/auv_model/share/roseus/ros/auv_model/msg/MbesSimAction.l, /root/catkin_ws/devel/share/roseus/ros/auv_model/msg/MbesSimAction.l)
Linked: (/root/catkin_ws/devel/.private/auv_model/share/roseus/ros/auv_model/msg/MbesSimActionResult.l, /root/catkin_ws/devel/share/roseus/ros/auv_model/msg/MbesSimActionResult.l)
Linked: (/root/catkin_ws/devel/.private/auv_model/share/roseus/ros/auv_model/msg/MbesSimActionFeedback.l, /root/catkin_ws/devel/share/roseus/ros/auv_model/msg/MbesSimActionFeedback.l)
Linked: (/root/catkin_ws/devel/.private/auv_model/share/roseus/ros/auv_model/msg/MbesSimFeedback.l, /root/catkin_ws/devel/share/roseus/ros/auv_model/msg/MbesSimFeedback.l)
Linked: (/root/catkin_ws/devel/.private/auv_model/share/roseus/ros/auv_model/msg/MbesSimActionGoal.l, /root/catkin_ws/devel/share/roseus/ros/auv_model/msg/MbesSimActionGoal.l)
Linked: (/root/catkin_ws/devel/.private/auv_model/share/roseus/ros/auv_model/msg/SssSimAction.l, /root/catkin_ws/devel/share/roseus/ros/auv_model/msg/SssSimAction.l)
Linked: (/root/catkin_ws/devel/.private/auv_model/share/roseus/ros/auv_model/msg/SssSimGoal.l, /root/catkin_ws/devel/share/roseus/ros/auv_model/msg/SssSimGoal.l)
Linked: (/root/catkin_ws/devel/.private/auv_model/share/roseus/ros/auv_model/msg/SssSimActionResult.l, /root/catkin_ws/devel/share/roseus/ros/auv_model/msg/SssSimActionResult.l)
Linked: (/root/catkin_ws/devel/.private/auv_model/share/roseus/ros/auv_model/msg/SssSimActionGoal.l, /root/catkin_ws/devel/share/roseus/ros/auv_model/msg/SssSimActionGoal.l)
Linked: (/root/catkin_ws/devel/.private/auv_model/share/roseus/ros/auv_model/msg/SssSimResult.l, /root/catkin_ws/devel/share/roseus/ros/auv_model/msg/SssSimResult.l)
Linked: (/root/catkin_ws/devel/.private/auv_model/share/roseus/ros/auv_model/msg/SssSimFeedback.l, /root/catkin_ws/devel/share/roseus/ros/auv_model/msg/SssSimFeedback.l)
Linked: (/root/catkin_ws/devel/.private/auv_model/share/roseus/ros/auv_model/msg/MbesSimResult.l, /root/catkin_ws/devel/share/roseus/ros/auv_model/msg/MbesSimResult.l)
Linked: (/root/catkin_ws/devel/.private/auv_model/share/roseus/ros/auv_model/msg/MbesSimGoal.l, /root/catkin_ws/devel/share/roseus/ros/auv_model/msg/MbesSimGoal.l)
Linked: (/root/catkin_ws/devel/.private/auv_model/share/roseus/ros/auv_model/msg/SssSimActionFeedback.l, /root/catkin_ws/devel/share/roseus/ros/auv_model/msg/SssSimActionFeedback.l)
Linked: (/root/catkin_ws/devel/.private/auv_model/share/common-lisp/ros/auv_model/msg/MbesSimFeedback.lisp, /root/catkin_ws/devel/share/common-lisp/ros/auv_model/msg/MbesSimFeedback.lisp)
Linked: (/root/catkin_ws/devel/.private/auv_model/share/common-lisp/ros/auv_model/msg/_package_MbesSimFeedback.lisp, /root/catkin_ws/devel/share/common-lisp/ros/auv_model/msg/_package_MbesSimFeedback.lisp)
Linked: (/root/catkin_ws/devel/.private/auv_model/share/common-lisp/ros/auv_model/msg/_package.lisp, /root/catkin_ws/devel/share/common-lisp/ros/auv_model/msg/_package.lisp)
Linked: (/root/catkin_ws/devel/.private/auv_model/share/common-lisp/ros/auv_model/msg/auv_model-msg.asd, /root/catkin_ws/devel/share/common-lisp/ros/auv_model/msg/auv_model-msg.asd)
Linked: (/root/catkin_ws/devel/.private/auv_model/share/common-lisp/ros/auv_model/msg/MbesSimAction.lisp, /root/catkin_ws/devel/share/common-lisp/ros/auv_model/msg/MbesSimAction.lisp)
Linked: (/root/catkin_ws/devel/.private/auv_model/share/common-lisp/ros/auv_model/msg/_package_MbesSimAction.lisp, /root/catkin_ws/devel/share/common-lisp/ros/auv_model/msg/_package_MbesSimAction.lisp)
Linked: (/root/catkin_ws/devel/.private/auv_model/share/common-lisp/ros/auv_model/msg/SssSimResult.lisp, /root/catkin_ws/devel/share/common-lisp/ros/auv_model/msg/SssSimResult.lisp)
Linked: (/root/catkin_ws/devel/.private/auv_model/share/common-lisp/ros/auv_model/msg/_package_SssSimResult.lisp, /root/catkin_ws/devel/share/common-lisp/ros/auv_model/msg/_package_SssSimResult.lisp)
Linked: (/root/catkin_ws/devel/.private/auv_model/share/common-lisp/ros/auv_model/msg/SssSimActionResult.lisp, /root/catkin_ws/devel/share/common-lisp/ros/auv_model/msg/SssSimActionResult.lisp)
Linked: (/root/catkin_ws/devel/.private/auv_model/share/common-lisp/ros/auv_model/msg/_package_SssSimActionResult.lisp, /root/catkin_ws/devel/share/common-lisp/ros/auv_model/msg/_package_SssSimActionResult.lisp)
Linked: (/root/catkin_ws/devel/.private/auv_model/share/common-lisp/ros/auv_model/msg/SssSimFeedback.lisp, /root/catkin_ws/devel/share/common-lisp/ros/auv_model/msg/SssSimFeedback.lisp)
Linked: (/root/catkin_ws/devel/.private/auv_model/share/common-lisp/ros/auv_model/msg/_package_SssSimFeedback.lisp, /root/catkin_ws/devel/share/common-lisp/ros/auv_model/msg/_package_SssSimFeedback.lisp)
Linked: (/root/catkin_ws/devel/.private/auv_model/share/common-lisp/ros/auv_model/msg/MbesSimActionResult.lisp, /root/catkin_ws/devel/share/common-lisp/ros/auv_model/msg/MbesSimActionResult.lisp)
Linked: (/root/catkin_ws/devel/.private/auv_model/share/common-lisp/ros/auv_model/msg/_package_MbesSimActionResult.lisp, /root/catkin_ws/devel/share/common-lisp/ros/auv_model/msg/_package_MbesSimActionResult.lisp)
Linked: (/root/catkin_ws/devel/.private/auv_model/share/common-lisp/ros/auv_model/msg/Sidescan.lisp, /root/catkin_ws/devel/share/common-lisp/ros/auv_model/msg/Sidescan.lisp)
Linked: (/root/catkin_ws/devel/.private/auv_model/share/common-lisp/ros/auv_model/msg/_package_Sidescan.lisp, /root/catkin_ws/devel/share/common-lisp/ros/auv_model/msg/_package_Sidescan.lisp)
Linked: (/root/catkin_ws/devel/.private/auv_model/share/common-lisp/ros/auv_model/msg/MbesSimGoal.lisp, /root/catkin_ws/devel/share/common-lisp/ros/auv_model/msg/MbesSimGoal.lisp)
Linked: (/root/catkin_ws/devel/.private/auv_model/share/common-lisp/ros/auv_model/msg/_package_MbesSimGoal.lisp, /root/catkin_ws/devel/share/common-lisp/ros/auv_model/msg/_package_MbesSimGoal.lisp)
Linked: (/root/catkin_ws/devel/.private/auv_model/share/common-lisp/ros/auv_model/msg/MbesSimActionGoal.lisp, /root/catkin_ws/devel/share/common-lisp/ros/auv_model/msg/MbesSimActionGoal.lisp)
Linked: (/root/catkin_ws/devel/.private/auv_model/share/common-lisp/ros/auv_model/msg/_package_MbesSimActionGoal.lisp, /root/catkin_ws/devel/share/common-lisp/ros/auv_model/msg/_package_MbesSimActionGoal.lisp)
Linked: (/root/catkin_ws/devel/.private/auv_model/share/common-lisp/ros/auv_model/msg/SssSimActionFeedback.lisp, /root/catkin_ws/devel/share/common-lisp/ros/auv_model/msg/SssSimActionFeedback.lisp)
Linked: (/root/catkin_ws/devel/.private/auv_model/share/common-lisp/ros/auv_model/msg/_package_SssSimActionFeedback.lisp, /root/catkin_ws/devel/share/common-lisp/ros/auv_model/msg/_package_SssSimActionFeedback.lisp)
Linked: (/root/catkin_ws/devel/.private/auv_model/share/common-lisp/ros/auv_model/msg/MbesSimActionFeedback.lisp, /root/catkin_ws/devel/share/common-lisp/ros/auv_model/msg/MbesSimActionFeedback.lisp)
Linked: (/root/catkin_ws/devel/.private/auv_model/share/common-lisp/ros/auv_model/msg/_package_MbesSimActionFeedback.lisp, /root/catkin_ws/devel/share/common-lisp/ros/auv_model/msg/_package_MbesSimActionFeedback.lisp)
Linked: (/root/catkin_ws/devel/.private/auv_model/share/common-lisp/ros/auv_model/msg/SssSimAction.lisp, /root/catkin_ws/devel/share/common-lisp/ros/auv_model/msg/SssSimAction.lisp)
Linked: (/root/catkin_ws/devel/.private/auv_model/share/common-lisp/ros/auv_model/msg/_package_SssSimAction.lisp, /root/catkin_ws/devel/share/common-lisp/ros/auv_model/msg/_package_SssSimAction.lisp)
Linked: (/root/catkin_ws/devel/.private/auv_model/share/common-lisp/ros/auv_model/msg/SssSimGoal.lisp, /root/catkin_ws/devel/share/common-lisp/ros/auv_model/msg/SssSimGoal.lisp)
Linked: (/root/catkin_ws/devel/.private/auv_model/share/common-lisp/ros/auv_model/msg/_package_SssSimGoal.lisp, /root/catkin_ws/devel/share/common-lisp/ros/auv_model/msg/_package_SssSimGoal.lisp)
Linked: (/root/catkin_ws/devel/.private/auv_model/share/common-lisp/ros/auv_model/msg/SssSimActionGoal.lisp, /root/catkin_ws/devel/share/common-lisp/ros/auv_model/msg/SssSimActionGoal.lisp)
Linked: (/root/catkin_ws/devel/.private/auv_model/share/common-lisp/ros/auv_model/msg/_package_SssSimActionGoal.lisp, /root/catkin_ws/devel/share/common-lisp/ros/auv_model/msg/_package_SssSimActionGoal.lisp)
Linked: (/root/catkin_ws/devel/.private/auv_model/share/common-lisp/ros/auv_model/msg/MbesSimResult.lisp, /root/catkin_ws/devel/share/common-lisp/ros/auv_model/msg/MbesSimResult.lisp)
Linked: (/root/catkin_ws/devel/.private/auv_model/share/common-lisp/ros/auv_model/msg/_package_MbesSimResult.lisp, /root/catkin_ws/devel/share/common-lisp/ros/auv_model/msg/_package_MbesSimResult.lisp)
Linked: (/root/catkin_ws/devel/.private/auv_model/share/gennodejs/ros/auv_model/_index.js, /root/catkin_ws/devel/share/gennodejs/ros/auv_model/_index.js)
Linked: (/root/catkin_ws/devel/.private/auv_model/share/gennodejs/ros/auv_model/msg/MbesSimAction.js, /root/catkin_ws/devel/share/gennodejs/ros/auv_model/msg/MbesSimAction.js)
Linked: (/root/catkin_ws/devel/.private/auv_model/share/gennodejs/ros/auv_model/msg/_index.js, /root/catkin_ws/devel/share/gennodejs/ros/auv_model/msg/_index.js)
Linked: (/root/catkin_ws/devel/.private/auv_model/share/gennodejs/ros/auv_model/msg/MbesSimActionResult.js, /root/catkin_ws/devel/share/gennodejs/ros/auv_model/msg/MbesSimActionResult.js)
Linked: (/root/catkin_ws/devel/.private/auv_model/share/gennodejs/ros/auv_model/msg/MbesSimResult.js, /root/catkin_ws/devel/share/gennodejs/ros/auv_model/msg/MbesSimResult.js)
Linked: (/root/catkin_ws/devel/.private/auv_model/share/gennodejs/ros/auv_model/msg/MbesSimActionFeedback.js, /root/catkin_ws/devel/share/gennodejs/ros/auv_model/msg/MbesSimActionFeedback.js)
Linked: (/root/catkin_ws/devel/.private/auv_model/share/gennodejs/ros/auv_model/msg/SssSimActionGoal.js, /root/catkin_ws/devel/share/gennodejs/ros/auv_model/msg/SssSimActionGoal.js)
Linked: (/root/catkin_ws/devel/.private/auv_model/share/gennodejs/ros/auv_model/msg/SssSimResult.js, /root/catkin_ws/devel/share/gennodejs/ros/auv_model/msg/SssSimResult.js)
Linked: (/root/catkin_ws/devel/.private/auv_model/share/gennodejs/ros/auv_model/msg/MbesSimGoal.js, /root/catkin_ws/devel/share/gennodejs/ros/auv_model/msg/MbesSimGoal.js)
Linked: (/root/catkin_ws/devel/.private/auv_model/share/gennodejs/ros/auv_model/msg/MbesSimFeedback.js, /root/catkin_ws/devel/share/gennodejs/ros/auv_model/msg/MbesSimFeedback.js)
Linked: (/root/catkin_ws/devel/.private/auv_model/share/gennodejs/ros/auv_model/msg/SssSimActionFeedback.js, /root/catkin_ws/devel/share/gennodejs/ros/auv_model/msg/SssSimActionFeedback.js)
Linked: (/root/catkin_ws/devel/.private/auv_model/share/gennodejs/ros/auv_model/msg/SssSimGoal.js, /root/catkin_ws/devel/share/gennodejs/ros/auv_model/msg/SssSimGoal.js)
Linked: (/root/catkin_ws/devel/.private/auv_model/share/gennodejs/ros/auv_model/msg/SssSimFeedback.js, /root/catkin_ws/devel/share/gennodejs/ros/auv_model/msg/SssSimFeedback.js)
Linked: (/root/catkin_ws/devel/.private/auv_model/share/gennodejs/ros/auv_model/msg/MbesSimActionGoal.js, /root/catkin_ws/devel/share/gennodejs/ros/auv_model/msg/MbesSimActionGoal.js)
Linked: (/root/catkin_ws/devel/.private/auv_model/share/gennodejs/ros/auv_model/msg/SssSimActionResult.js, /root/catkin_ws/devel/share/gennodejs/ros/auv_model/msg/SssSimActionResult.js)
Linked: (/root/catkin_ws/devel/.private/auv_model/share/gennodejs/ros/auv_model/msg/SssSimAction.js, /root/catkin_ws/devel/share/gennodejs/ros/auv_model/msg/SssSimAction.js)
Linked: (/root/catkin_ws/devel/.private/auv_model/share/gennodejs/ros/auv_model/msg/Sidescan.js, /root/catkin_ws/devel/share/gennodejs/ros/auv_model/msg/Sidescan.js)
Linked: (/root/catkin_ws/devel/.private/auv_model/include/auv_model/MbesSimAction.h, /root/catkin_ws/devel/include/auv_model/MbesSimAction.h)
Linked: (/root/catkin_ws/devel/.private/auv_model/include/auv_model/MbesSimActionGoal.h, /root/catkin_ws/devel/include/auv_model/MbesSimActionGoal.h)
Linked: (/root/catkin_ws/devel/.private/auv_model/include/auv_model/Sidescan.h, /root/catkin_ws/devel/include/auv_model/Sidescan.h)
Linked: (/root/catkin_ws/devel/.private/auv_model/include/auv_model/MbesSimActionResult.h, /root/catkin_ws/devel/include/auv_model/MbesSimActionResult.h)
Linked: (/root/catkin_ws/devel/.private/auv_model/include/auv_model/MbesSimGoal.h, /root/catkin_ws/devel/include/auv_model/MbesSimGoal.h)
Linked: (/root/catkin_ws/devel/.private/auv_model/include/auv_model/MbesSimFeedback.h, /root/catkin_ws/devel/include/auv_model/MbesSimFeedback.h)
Linked: (/root/catkin_ws/devel/.private/auv_model/include/auv_model/MbesSimResult.h, /root/catkin_ws/devel/include/auv_model/MbesSimResult.h)
Linked: (/root/catkin_ws/devel/.private/auv_model/include/auv_model/SssSimActionResult.h, /root/catkin_ws/devel/include/auv_model/SssSimActionResult.h)
Linked: (/root/catkin_ws/devel/.private/auv_model/include/auv_model/SssSimActionFeedback.h, /root/catkin_ws/devel/include/auv_model/SssSimActionFeedback.h)
Linked: (/root/catkin_ws/devel/.private/auv_model/include/auv_model/SssSimGoal.h, /root/catkin_ws/devel/include/auv_model/SssSimGoal.h)
Linked: (/root/catkin_ws/devel/.private/auv_model/include/auv_model/SssSimActionGoal.h, /root/catkin_ws/devel/include/auv_model/SssSimActionGoal.h)
Linked: (/root/catkin_ws/devel/.private/auv_model/include/auv_model/SssSimResult.h, /root/catkin_ws/devel/include/auv_model/SssSimResult.h)
Linked: (/root/catkin_ws/devel/.private/auv_model/include/auv_model/MbesSimActionFeedback.h, /root/catkin_ws/devel/include/auv_model/MbesSimActionFeedback.h)
Linked: (/root/catkin_ws/devel/.private/auv_model/include/auv_model/SssSimAction.h, /root/catkin_ws/devel/include/auv_model/SssSimAction.h)
Linked: (/root/catkin_ws/devel/.private/auv_model/include/auv_model/SssSimFeedback.h, /root/catkin_ws/devel/include/auv_model/SssSimFeedback.h)
Linked: (/root/catkin_ws/devel/.private/auv_model/lib/libsss_payload.so, /root/catkin_ws/devel/lib/libsss_payload.so)
Linked: (/root/catkin_ws/devel/.private/auv_model/lib/python3/dist-packages/auv_model/__init__.py, /root/catkin_ws/devel/lib/python3/dist-packages/auv_model/__init__.py)
Linked: (/root/catkin_ws/devel/.private/auv_model/lib/python3/dist-packages/auv_model/msg/_SssSimResult.py, /root/catkin_ws/devel/lib/python3/dist-packages/auv_model/msg/_SssSimResult.py)
Linked: (/root/catkin_ws/devel/.private/auv_model/lib/python3/dist-packages/auv_model/msg/_SssSimFeedback.py, /root/catkin_ws/devel/lib/python3/dist-packages/auv_model/msg/_SssSimFeedback.py)
Linked: (/root/catkin_ws/devel/.private/auv_model/lib/python3/dist-packages/auv_model/msg/_SssSimActionGoal.py, /root/catkin_ws/devel/lib/python3/dist-packages/auv_model/msg/_SssSimActionGoal.py)
Linked: (/root/catkin_ws/devel/.private/auv_model/lib/python3/dist-packages/auv_model/msg/_MbesSimActionFeedback.py, /root/catkin_ws/devel/lib/python3/dist-packages/auv_model/msg/_MbesSimActionFeedback.py)
Linked: (/root/catkin_ws/devel/.private/auv_model/lib/python3/dist-packages/auv_model/msg/_SssSimGoal.py, /root/catkin_ws/devel/lib/python3/dist-packages/auv_model/msg/_SssSimGoal.py)
Linked: (/root/catkin_ws/devel/.private/auv_model/lib/python3/dist-packages/auv_model/msg/_MbesSimAction.py, /root/catkin_ws/devel/lib/python3/dist-packages/auv_model/msg/_MbesSimAction.py)
Linked: (/root/catkin_ws/devel/.private/auv_model/lib/python3/dist-packages/auv_model/msg/_Sidescan.py, /root/catkin_ws/devel/lib/python3/dist-packages/auv_model/msg/_Sidescan.py)
Linked: (/root/catkin_ws/devel/.private/auv_model/lib/python3/dist-packages/auv_model/msg/_SssSimAction.py, /root/catkin_ws/devel/lib/python3/dist-packages/auv_model/msg/_SssSimAction.py)
Linked: (/root/catkin_ws/devel/.private/auv_model/lib/python3/dist-packages/auv_model/msg/_MbesSimGoal.py, /root/catkin_ws/devel/lib/python3/dist-packages/auv_model/msg/_MbesSimGoal.py)
Linked: (/root/catkin_ws/devel/.private/auv_model/lib/python3/dist-packages/auv_model/msg/_MbesSimResult.py, /root/catkin_ws/devel/lib/python3/dist-packages/auv_model/msg/_MbesSimResult.py)
Linked: (/root/catkin_ws/devel/.private/auv_model/lib/python3/dist-packages/auv_model/msg/_SssSimActionFeedback.py, /root/catkin_ws/devel/lib/python3/dist-packages/auv_model/msg/_SssSimActionFeedback.py)
Linked: (/root/catkin_ws/devel/.private/auv_model/lib/python3/dist-packages/auv_model/msg/_MbesSimFeedback.py, /root/catkin_ws/devel/lib/python3/dist-packages/auv_model/msg/_MbesSimFeedback.py)
Linked: (/root/catkin_ws/devel/.private/auv_model/lib/python3/dist-packages/auv_model/msg/_SssSimActionResult.py, /root/catkin_ws/devel/lib/python3/dist-packages/auv_model/msg/_SssSimActionResult.py)
Linked: (/root/catkin_ws/devel/.private/auv_model/lib/python3/dist-packages/auv_model/msg/_MbesSimActionResult.py, /root/catkin_ws/devel/lib/python3/dist-packages/auv_model/msg/_MbesSimActionResult.py)
Linked: (/root/catkin_ws/devel/.private/auv_model/lib/python3/dist-packages/auv_model/msg/_MbesSimActionGoal.py, /root/catkin_ws/devel/lib/python3/dist-packages/auv_model/msg/_MbesSimActionGoal.py)
Linked: (/root/catkin_ws/devel/.private/auv_model/lib/python3/dist-packages/auv_model/msg/__init__.py, /root/catkin_ws/devel/lib/python3/dist-packages/auv_model/msg/__init__.py)
Linked: (/root/catkin_ws/devel/.private/auv_model/lib/pkgconfig/auv_model.pc, /root/catkin_ws/devel/lib/pkgconfig/auv_model.pc)
Linked: (/root/catkin_ws/devel/.private/auv_model/lib/auv_model/auv_motion_model, /root/catkin_ws/devel/lib/auv_model/auv_motion_model)
Linked: (/root/catkin_ws/devel/.private/auv_model/lib/auv_model/auv_payload_cpp, /root/catkin_ws/devel/lib/auv_model/auv_payload_cpp)
