[  0%] Built target geometry_msgs_generate_messages_nodejs
[  0%] Built target actionlib_msgs_generate_messages_nodejs
[  0%] Built target nav_msgs_generate_messages_nodejs
[ 14%] Built target actionlib_msgs_generate_messages_eus
[ 14%] [32mBuilding CXX object CMakeFiles/rbpf_slam.dir/src/rbpf_par_slam.cpp.o[0m
[ 28%] [32mBuilding CXX object CMakeFiles/rbpf_slam.dir/src/rbpf_particle.cpp.o[0m
[ 28%] Built target nav_msgs_generate_messages_py
[ 28%] Built target std_msgs_generate_messages_lisp
[ 28%] Built target roscpp_generate_messages_cpp
[ 28%] Built target geometry_msgs_generate_messages_py
[ 28%] Built target actionlib_msgs_generate_messages_cpp
[ 28%] Built target actionlib_msgs_generate_messages_py
[ 28%] Built target actionlib_msgs_generate_messages_lisp
[ 28%] Built target std_msgs_generate_messages_eus
[ 28%] Built target roscpp_generate_messages_eus
[ 28%] Built target roscpp_generate_messages_lisp
[ 28%] Built target std_msgs_generate_messages_cpp
[ 28%] Built target roscpp_generate_messages_nodejs
[ 28%] Built target nav_msgs_generate_messages_eus
[ 28%] Built target nav_msgs_generate_messages_lisp
[ 28%] Built target std_msgs_generate_messages_nodejs
[ 28%] Built target roscpp_generate_messages_py
[ 28%] Built target nav_msgs_generate_messages_cpp
[ 28%] Built target rosgraph_msgs_generate_messages_eus
[ 28%] Built target rosgraph_msgs_generate_messages_py
[ 28%] Built target std_msgs_generate_messages_py
[ 28%] Built target tf_generate_messages_lisp
[ 28%] Built target tf_generate_messages_cpp
[ 28%] Built target tf_generate_messages_nodejs
[ 28%] Built target rosgraph_msgs_generate_messages_lisp
[ 28%] Built target tf_generate_messages_py
[ 28%] Built target rosgraph_msgs_generate_messages_cpp
[ 28%] Built target sensor_msgs_generate_messages_py
[ 28%] Built target tf_generate_messages_eus
[ 28%] Built target actionlib_generate_messages_cpp
[ 28%] Built target sensor_msgs_generate_messages_cpp
[ 28%] Built target sensor_msgs_generate_messages_eus
[ 28%] Built target rosgraph_msgs_generate_messages_nodejs
[ 28%] Built target sensor_msgs_generate_messages_lisp
[ 28%] Built target sensor_msgs_generate_messages_nodejs
[ 28%] Built target actionlib_generate_messages_lisp
[ 28%] Built target tf2_msgs_generate_messages_cpp
[ 28%] Built target actionlib_generate_messages_nodejs
[ 28%] Built target actionlib_generate_messages_py
[ 28%] Built target tf2_msgs_generate_messages_nodejs
[ 28%] Built target dynamic_reconfigure_generate_messages_cpp
[ 28%] Built target tf2_msgs_generate_messages_lisp
[ 28%] Built target pcl_ros_gencfg
[ 28%] Built target dynamic_reconfigure_generate_messages_py
[ 28%] Built target nodelet_generate_messages_cpp
[ 28%] Built target dynamic_reconfigure_generate_messages_nodejs
[ 28%] Built target dynamic_reconfigure_generate_messages_lisp
[ 28%] Built target actionlib_generate_messages_eus
[ 28%] Built target nodelet_generate_messages_lisp
[ 28%] Built target tf2_msgs_generate_messages_eus
[ 28%] Built target tf2_msgs_generate_messages_py
[ 28%] Built target nodelet_generate_messages_eus
[ 28%] Built target nodelet_generate_messages_py
[ 28%] Built target dynamic_reconfigure_gencfg
[ 28%] Built target nodelet_topic_tools_gencfg
[ 28%] Built target pcl_msgs_generate_messages_nodejs
[ 28%] Built target bond_generate_messages_lisp
[ 28%] Built target bond_generate_messages_cpp
[ 28%] Built target pcl_msgs_generate_messages_eus
[ 28%] Built target nodelet_generate_messages_nodejs
[ 28%] Built target bond_generate_messages_py
[ 28%] Built target dynamic_reconfigure_generate_messages_eus
[ 28%] Built target bond_generate_messages_nodejs
[ 28%] Built target std_srvs_generate_messages_eus
[ 28%] Built target pcl_msgs_generate_messages_cpp
[ 28%] Built target pcl_msgs_generate_messages_py
[ 28%] Built target std_srvs_generate_messages_lisp
[ 28%] Built target std_srvs_generate_messages_nodejs
[ 28%] Built target bond_generate_messages_eus
[ 28%] Built target std_srvs_generate_messages_cpp
[ 28%] Built target pcl_msgs_generate_messages_lisp
[ 28%] Built target topic_tools_generate_messages_eus
[ 28%] Built target slam_msgs_generate_messages_cpp
[ 28%] Built target topic_tools_generate_messages_lisp
[ 28%] Built target topic_tools_generate_messages_py
[ 28%] Built target std_srvs_generate_messages_py
[ 28%] Built target slam_msgs_generate_messages_eus
[ 28%] Built target topic_tools_generate_messages_nodejs
[ 28%] Built target topic_tools_generate_messages_cpp
[ 28%] Built target geometry_msgs_generate_messages_eus
[ 28%] Built target geometry_msgs_generate_messages_lisp
[ 28%] Built target geometry_msgs_generate_messages_cpp
[ 28%] Built target slam_msgs_generate_messages_lisp
[ 28%] Built target slam_msgs_generate_messages_py
[ 28%] Built target slam_msgs_generate_messages_nodejs
[ 42%] [32mBuilding CXX object CMakeFiles/rbpf_par_slam_node.dir/src/rbpf_par_slam_node.cpp.o[0m
[ 57%] [32mBuilding CXX object CMakeFiles/rbpf_par_slam_node.dir/src/rbpf_particle.cpp.o[0m
[ 71%] [32mBuilding CXX object CMakeFiles/rbpf_par_slam_node.dir/src/rbpf_par_slam.cpp.o[0m
[ 85%] [32m[1mLinking CXX executable /root/catkin_ws/devel/.private/rbpf_slam/lib/rbpf_slam/rbpf_par_slam_node[0m
[ 85%] Built target rbpf_par_slam_node
[100%] [32m[1mLinking CXX shared library /root/catkin_ws/devel/.private/rbpf_slam/lib/librbpf_slam.so[0m
[100%] Built target rbpf_slam
