/usr/local/bin/cmake -S/root/catkin_ws/src/UWExploration/slam/slam_msgs -B/root/catkin_ws/build/slam_msgs --check-build-system CMakeFiles/Makefile.cmake 0
/usr/local/bin/cmake -E cmake_progress_start /root/catkin_ws/build/slam_msgs/CMakeFiles /root/catkin_ws/build/slam_msgs//CMakeFiles/progress.marks
/usr/bin/make  -f CMakeFiles/Makefile2 all
make[1]: Entering directory '/root/catkin_ws/build/slam_msgs'
/usr/bin/make  -f CMakeFiles/_slam_msgs_generate_messages_check_deps_Resample.dir/build.make CMakeFiles/_slam_msgs_generate_messages_check_deps_Resample.dir/depend
/usr/bin/make  -f CMakeFiles/std_msgs_generate_messages_py.dir/build.make CMakeFiles/std_msgs_generate_messages_py.dir/depend
/usr/bin/make  -f CMakeFiles/sensor_msgs_generate_messages_py.dir/build.make CMakeFiles/sensor_msgs_generate_messages_py.dir/depend
/usr/bin/make  -f CMakeFiles/actionlib_msgs_generate_messages_py.dir/build.make CMakeFiles/actionlib_msgs_generate_messages_py.dir/depend
/usr/bin/make  -f CMakeFiles/_slam_msgs_generate_messages_check_deps_MbRequest.dir/build.make CMakeFiles/_slam_msgs_generate_messages_check_deps_MbRequest.dir/depend
/usr/bin/make  -f CMakeFiles/_slam_msgs_generate_messages_check_deps_MbResult.dir/build.make CMakeFiles/_slam_msgs_generate_messages_check_deps_MbResult.dir/depend
make[2]: Entering directory '/root/catkin_ws/build/slam_msgs'
cd /root/catkin_ws/build/slam_msgs && /usr/local/bin/cmake -E cmake_depends "Unix Makefiles" /root/catkin_ws/src/UWExploration/slam/slam_msgs /root/catkin_ws/src/UWExploration/slam/slam_msgs /root/catkin_ws/build/slam_msgs /root/catkin_ws/build/slam_msgs /root/catkin_ws/build/slam_msgs/CMakeFiles/_slam_msgs_generate_messages_check_deps_Resample.dir/DependInfo.cmake "--color="
/usr/bin/make  -f CMakeFiles/_slam_msgs_generate_messages_check_deps_PlotPosteriorAction.dir/build.make CMakeFiles/_slam_msgs_generate_messages_check_deps_PlotPosteriorAction.dir/depend
make[2]: Entering directory '/root/catkin_ws/build/slam_msgs'
cd /root/catkin_ws/build/slam_msgs && /usr/local/bin/cmake -E cmake_depends "Unix Makefiles" /root/catkin_ws/src/UWExploration/slam/slam_msgs /root/catkin_ws/src/UWExploration/slam/slam_msgs /root/catkin_ws/build/slam_msgs /root/catkin_ws/build/slam_msgs /root/catkin_ws/build/slam_msgs/CMakeFiles/std_msgs_generate_messages_py.dir/DependInfo.cmake "--color="
/usr/bin/make  -f CMakeFiles/_slam_msgs_generate_messages_check_deps_PlotPosteriorActionGoal.dir/build.make CMakeFiles/_slam_msgs_generate_messages_check_deps_PlotPosteriorActionGoal.dir/depend
/usr/bin/make  -f CMakeFiles/_slam_msgs_generate_messages_check_deps_PlotPosteriorActionResult.dir/build.make CMakeFiles/_slam_msgs_generate_messages_check_deps_PlotPosteriorActionResult.dir/depend
/usr/bin/make  -f CMakeFiles/_slam_msgs_generate_messages_check_deps_PlotPosteriorActionFeedback.dir/build.make CMakeFiles/_slam_msgs_generate_messages_check_deps_PlotPosteriorActionFeedback.dir/depend
/usr/bin/make  -f CMakeFiles/_slam_msgs_generate_messages_check_deps_PlotPosteriorGoal.dir/build.make CMakeFiles/_slam_msgs_generate_messages_check_deps_PlotPosteriorGoal.dir/depend
make[2]: Entering directory '/root/catkin_ws/build/slam_msgs'
cd /root/catkin_ws/build/slam_msgs && /usr/local/bin/cmake -E cmake_depends "Unix Makefiles" /root/catkin_ws/src/UWExploration/slam/slam_msgs /root/catkin_ws/src/UWExploration/slam/slam_msgs /root/catkin_ws/build/slam_msgs /root/catkin_ws/build/slam_msgs /root/catkin_ws/build/slam_msgs/CMakeFiles/sensor_msgs_generate_messages_py.dir/DependInfo.cmake "--color="
/usr/bin/make  -f CMakeFiles/_slam_msgs_generate_messages_check_deps_PlotPosteriorResult.dir/build.make CMakeFiles/_slam_msgs_generate_messages_check_deps_PlotPosteriorResult.dir/depend
make[2]: Entering directory '/root/catkin_ws/build/slam_msgs'
cd /root/catkin_ws/build/slam_msgs && /usr/local/bin/cmake -E cmake_depends "Unix Makefiles" /root/catkin_ws/src/UWExploration/slam/slam_msgs /root/catkin_ws/src/UWExploration/slam/slam_msgs /root/catkin_ws/build/slam_msgs /root/catkin_ws/build/slam_msgs /root/catkin_ws/build/slam_msgs/CMakeFiles/_slam_msgs_generate_messages_check_deps_MbRequest.dir/DependInfo.cmake "--color="
make[2]: Entering directory '/root/catkin_ws/build/slam_msgs'
cd /root/catkin_ws/build/slam_msgs && /usr/local/bin/cmake -E cmake_depends "Unix Makefiles" /root/catkin_ws/src/UWExploration/slam/slam_msgs /root/catkin_ws/src/UWExploration/slam/slam_msgs /root/catkin_ws/build/slam_msgs /root/catkin_ws/build/slam_msgs /root/catkin_ws/build/slam_msgs/CMakeFiles/_slam_msgs_generate_messages_check_deps_MbResult.dir/DependInfo.cmake "--color="
/usr/bin/make  -f CMakeFiles/_slam_msgs_generate_messages_check_deps_PlotPosteriorFeedback.dir/build.make CMakeFiles/_slam_msgs_generate_messages_check_deps_PlotPosteriorFeedback.dir/depend
make[2]: Entering directory '/root/catkin_ws/build/slam_msgs'
cd /root/catkin_ws/build/slam_msgs && /usr/local/bin/cmake -E cmake_depends "Unix Makefiles" /root/catkin_ws/src/UWExploration/slam/slam_msgs /root/catkin_ws/src/UWExploration/slam/slam_msgs /root/catkin_ws/build/slam_msgs /root/catkin_ws/build/slam_msgs /root/catkin_ws/build/slam_msgs/CMakeFiles/actionlib_msgs_generate_messages_py.dir/DependInfo.cmake "--color="
/usr/bin/make  -f CMakeFiles/_slam_msgs_generate_messages_check_deps_SamplePosteriorAction.dir/build.make CMakeFiles/_slam_msgs_generate_messages_check_deps_SamplePosteriorAction.dir/depend
/usr/bin/make  -f CMakeFiles/_slam_msgs_generate_messages_check_deps_SamplePosteriorActionGoal.dir/build.make CMakeFiles/_slam_msgs_generate_messages_check_deps_SamplePosteriorActionGoal.dir/depend
/usr/bin/make  -f CMakeFiles/_slam_msgs_generate_messages_check_deps_SamplePosteriorActionResult.dir/build.make CMakeFiles/_slam_msgs_generate_messages_check_deps_SamplePosteriorActionResult.dir/depend
make[2]: Entering directory '/root/catkin_ws/build/slam_msgs'
cd /root/catkin_ws/build/slam_msgs && /usr/local/bin/cmake -E cmake_depends "Unix Makefiles" /root/catkin_ws/src/UWExploration/slam/slam_msgs /root/catkin_ws/src/UWExploration/slam/slam_msgs /root/catkin_ws/build/slam_msgs /root/catkin_ws/build/slam_msgs /root/catkin_ws/build/slam_msgs/CMakeFiles/_slam_msgs_generate_messages_check_deps_PlotPosteriorAction.dir/DependInfo.cmake "--color="
/usr/bin/make  -f CMakeFiles/_slam_msgs_generate_messages_check_deps_SamplePosteriorActionFeedback.dir/build.make CMakeFiles/_slam_msgs_generate_messages_check_deps_SamplePosteriorActionFeedback.dir/depend
/usr/bin/make  -f CMakeFiles/_slam_msgs_generate_messages_check_deps_SamplePosteriorGoal.dir/build.make CMakeFiles/_slam_msgs_generate_messages_check_deps_SamplePosteriorGoal.dir/depend
make[2]: Entering directory '/root/catkin_ws/build/slam_msgs'
cd /root/catkin_ws/build/slam_msgs && /usr/local/bin/cmake -E cmake_depends "Unix Makefiles" /root/catkin_ws/src/UWExploration/slam/slam_msgs /root/catkin_ws/src/UWExploration/slam/slam_msgs /root/catkin_ws/build/slam_msgs /root/catkin_ws/build/slam_msgs /root/catkin_ws/build/slam_msgs/CMakeFiles/_slam_msgs_generate_messages_check_deps_PlotPosteriorActionFeedback.dir/DependInfo.cmake "--color="
make[2]: Entering directory '/root/catkin_ws/build/slam_msgs'
cd /root/catkin_ws/build/slam_msgs && /usr/local/bin/cmake -E cmake_depends "Unix Makefiles" /root/catkin_ws/src/UWExploration/slam/slam_msgs /root/catkin_ws/src/UWExploration/slam/slam_msgs /root/catkin_ws/build/slam_msgs /root/catkin_ws/build/slam_msgs /root/catkin_ws/build/slam_msgs/CMakeFiles/_slam_msgs_generate_messages_check_deps_PlotPosteriorActionGoal.dir/DependInfo.cmake "--color="
/usr/bin/make  -f CMakeFiles/_slam_msgs_generate_messages_check_deps_SamplePosteriorResult.dir/build.make CMakeFiles/_slam_msgs_generate_messages_check_deps_SamplePosteriorResult.dir/depend
/usr/bin/make  -f CMakeFiles/_slam_msgs_generate_messages_check_deps_SamplePosteriorFeedback.dir/build.make CMakeFiles/_slam_msgs_generate_messages_check_deps_SamplePosteriorFeedback.dir/depend
make[2]: Entering directory '/root/catkin_ws/build/slam_msgs'
cd /root/catkin_ws/build/slam_msgs && /usr/local/bin/cmake -E cmake_depends "Unix Makefiles" /root/catkin_ws/src/UWExploration/slam/slam_msgs /root/catkin_ws/src/UWExploration/slam/slam_msgs /root/catkin_ws/build/slam_msgs /root/catkin_ws/build/slam_msgs /root/catkin_ws/build/slam_msgs/CMakeFiles/_slam_msgs_generate_messages_check_deps_PlotPosteriorActionResult.dir/DependInfo.cmake "--color="
make[2]: Entering directory '/root/catkin_ws/build/slam_msgs'
cd /root/catkin_ws/build/slam_msgs && /usr/local/bin/cmake -E cmake_depends "Unix Makefiles" /root/catkin_ws/src/UWExploration/slam/slam_msgs /root/catkin_ws/src/UWExploration/slam/slam_msgs /root/catkin_ws/build/slam_msgs /root/catkin_ws/build/slam_msgs /root/catkin_ws/build/slam_msgs/CMakeFiles/_slam_msgs_generate_messages_check_deps_PlotPosteriorFeedback.dir/DependInfo.cmake "--color="
make[2]: Entering directory '/root/catkin_ws/build/slam_msgs'
cd /root/catkin_ws/build/slam_msgs && /usr/local/bin/cmake -E cmake_depends "Unix Makefiles" /root/catkin_ws/src/UWExploration/slam/slam_msgs /root/catkin_ws/src/UWExploration/slam/slam_msgs /root/catkin_ws/build/slam_msgs /root/catkin_ws/build/slam_msgs /root/catkin_ws/build/slam_msgs/CMakeFiles/_slam_msgs_generate_messages_check_deps_PlotPosteriorResult.dir/DependInfo.cmake "--color="
/usr/bin/make  -f CMakeFiles/_slam_msgs_generate_messages_check_deps_ManipulatePosteriorAction.dir/build.make CMakeFiles/_slam_msgs_generate_messages_check_deps_ManipulatePosteriorAction.dir/depend
/usr/bin/make  -f CMakeFiles/_slam_msgs_generate_messages_check_deps_ManipulatePosteriorActionGoal.dir/build.make CMakeFiles/_slam_msgs_generate_messages_check_deps_ManipulatePosteriorActionGoal.dir/depend
make[2]: Entering directory '/root/catkin_ws/build/slam_msgs'
cd /root/catkin_ws/build/slam_msgs && /usr/local/bin/cmake -E cmake_depends "Unix Makefiles" /root/catkin_ws/src/UWExploration/slam/slam_msgs /root/catkin_ws/src/UWExploration/slam/slam_msgs /root/catkin_ws/build/slam_msgs /root/catkin_ws/build/slam_msgs /root/catkin_ws/build/slam_msgs/CMakeFiles/_slam_msgs_generate_messages_check_deps_SamplePosteriorAction.dir/DependInfo.cmake "--color="
/usr/bin/make  -f CMakeFiles/_slam_msgs_generate_messages_check_deps_ManipulatePosteriorActionResult.dir/build.make CMakeFiles/_slam_msgs_generate_messages_check_deps_ManipulatePosteriorActionResult.dir/depend
/usr/bin/make  -f CMakeFiles/_slam_msgs_generate_messages_check_deps_ManipulatePosteriorActionFeedback.dir/build.make CMakeFiles/_slam_msgs_generate_messages_check_deps_ManipulatePosteriorActionFeedback.dir/depend
/usr/bin/make  -f CMakeFiles/_slam_msgs_generate_messages_check_deps_ManipulatePosteriorGoal.dir/build.make CMakeFiles/_slam_msgs_generate_messages_check_deps_ManipulatePosteriorGoal.dir/depend
make[2]: Entering directory '/root/catkin_ws/build/slam_msgs'
cd /root/catkin_ws/build/slam_msgs && /usr/local/bin/cmake -E cmake_depends "Unix Makefiles" /root/catkin_ws/src/UWExploration/slam/slam_msgs /root/catkin_ws/src/UWExploration/slam/slam_msgs /root/catkin_ws/build/slam_msgs /root/catkin_ws/build/slam_msgs /root/catkin_ws/build/slam_msgs/CMakeFiles/_slam_msgs_generate_messages_check_deps_PlotPosteriorGoal.dir/DependInfo.cmake "--color="
/usr/bin/make  -f CMakeFiles/_slam_msgs_generate_messages_check_deps_ManipulatePosteriorResult.dir/build.make CMakeFiles/_slam_msgs_generate_messages_check_deps_ManipulatePosteriorResult.dir/depend
make[2]: Entering directory '/root/catkin_ws/build/slam_msgs'
cd /root/catkin_ws/build/slam_msgs && /usr/local/bin/cmake -E cmake_depends "Unix Makefiles" /root/catkin_ws/src/UWExploration/slam/slam_msgs /root/catkin_ws/src/UWExploration/slam/slam_msgs /root/catkin_ws/build/slam_msgs /root/catkin_ws/build/slam_msgs /root/catkin_ws/build/slam_msgs/CMakeFiles/_slam_msgs_generate_messages_check_deps_SamplePosteriorActionFeedback.dir/DependInfo.cmake "--color="
/usr/bin/make  -f CMakeFiles/_slam_msgs_generate_messages_check_deps_ManipulatePosteriorFeedback.dir/build.make CMakeFiles/_slam_msgs_generate_messages_check_deps_ManipulatePosteriorFeedback.dir/depend
make[2]: Entering directory '/root/catkin_ws/build/slam_msgs'
cd /root/catkin_ws/build/slam_msgs && /usr/local/bin/cmake -E cmake_depends "Unix Makefiles" /root/catkin_ws/src/UWExploration/slam/slam_msgs /root/catkin_ws/src/UWExploration/slam/slam_msgs /root/catkin_ws/build/slam_msgs /root/catkin_ws/build/slam_msgs /root/catkin_ws/build/slam_msgs/CMakeFiles/_slam_msgs_generate_messages_check_deps_SamplePosteriorActionGoal.dir/DependInfo.cmake "--color="
/usr/bin/make  -f CMakeFiles/_slam_msgs_generate_messages_check_deps_MinibatchTrainingAction.dir/build.make CMakeFiles/_slam_msgs_generate_messages_check_deps_MinibatchTrainingAction.dir/depend
make[2]: Entering directory '/root/catkin_ws/build/slam_msgs'
cd /root/catkin_ws/build/slam_msgs && /usr/local/bin/cmake -E cmake_depends "Unix Makefiles" /root/catkin_ws/src/UWExploration/slam/slam_msgs /root/catkin_ws/src/UWExploration/slam/slam_msgs /root/catkin_ws/build/slam_msgs /root/catkin_ws/build/slam_msgs /root/catkin_ws/build/slam_msgs/CMakeFiles/_slam_msgs_generate_messages_check_deps_SamplePosteriorActionResult.dir/DependInfo.cmake "--color="
/usr/bin/make  -f CMakeFiles/_slam_msgs_generate_messages_check_deps_MinibatchTrainingActionGoal.dir/build.make CMakeFiles/_slam_msgs_generate_messages_check_deps_MinibatchTrainingActionGoal.dir/depend
/usr/bin/make  -f CMakeFiles/_slam_msgs_generate_messages_check_deps_MinibatchTrainingActionResult.dir/build.make CMakeFiles/_slam_msgs_generate_messages_check_deps_MinibatchTrainingActionResult.dir/depend
make[2]: Leaving directory '/root/catkin_ws/build/slam_msgs'
make[2]: Entering directory '/root/catkin_ws/build/slam_msgs'
cd /root/catkin_ws/build/slam_msgs && /usr/local/bin/cmake -E cmake_depends "Unix Makefiles" /root/catkin_ws/src/UWExploration/slam/slam_msgs /root/catkin_ws/src/UWExploration/slam/slam_msgs /root/catkin_ws/build/slam_msgs /root/catkin_ws/build/slam_msgs /root/catkin_ws/build/slam_msgs/CMakeFiles/_slam_msgs_generate_messages_check_deps_SamplePosteriorGoal.dir/DependInfo.cmake "--color="
/usr/bin/make  -f CMakeFiles/_slam_msgs_generate_messages_check_deps_MinibatchTrainingActionFeedback.dir/build.make CMakeFiles/_slam_msgs_generate_messages_check_deps_MinibatchTrainingActionFeedback.dir/depend
make[2]: Entering directory '/root/catkin_ws/build/slam_msgs'
cd /root/catkin_ws/build/slam_msgs && /usr/local/bin/cmake -E cmake_depends "Unix Makefiles" /root/catkin_ws/src/UWExploration/slam/slam_msgs /root/catkin_ws/src/UWExploration/slam/slam_msgs /root/catkin_ws/build/slam_msgs /root/catkin_ws/build/slam_msgs /root/catkin_ws/build/slam_msgs/CMakeFiles/_slam_msgs_generate_messages_check_deps_ManipulatePosteriorAction.dir/DependInfo.cmake "--color="
/usr/bin/make  -f CMakeFiles/std_msgs_generate_messages_py.dir/build.make CMakeFiles/std_msgs_generate_messages_py.dir/build
make[2]: Entering directory '/root/catkin_ws/build/slam_msgs'
cd /root/catkin_ws/build/slam_msgs && /usr/local/bin/cmake -E cmake_depends "Unix Makefiles" /root/catkin_ws/src/UWExploration/slam/slam_msgs /root/catkin_ws/src/UWExploration/slam/slam_msgs /root/catkin_ws/build/slam_msgs /root/catkin_ws/build/slam_msgs /root/catkin_ws/build/slam_msgs/CMakeFiles/_slam_msgs_generate_messages_check_deps_SamplePosteriorResult.dir/DependInfo.cmake "--color="
/usr/bin/make  -f CMakeFiles/_slam_msgs_generate_messages_check_deps_MinibatchTrainingGoal.dir/build.make CMakeFiles/_slam_msgs_generate_messages_check_deps_MinibatchTrainingGoal.dir/depend
make[2]: Leaving directory '/root/catkin_ws/build/slam_msgs'
make[2]: Entering directory '/root/catkin_ws/build/slam_msgs'
cd /root/catkin_ws/build/slam_msgs && /usr/local/bin/cmake -E cmake_depends "Unix Makefiles" /root/catkin_ws/src/UWExploration/slam/slam_msgs /root/catkin_ws/src/UWExploration/slam/slam_msgs /root/catkin_ws/build/slam_msgs /root/catkin_ws/build/slam_msgs /root/catkin_ws/build/slam_msgs/CMakeFiles/_slam_msgs_generate_messages_check_deps_ManipulatePosteriorActionFeedback.dir/DependInfo.cmake "--color="
/usr/bin/make  -f CMakeFiles/actionlib_msgs_generate_messages_py.dir/build.make CMakeFiles/actionlib_msgs_generate_messages_py.dir/build
/usr/bin/make  -f CMakeFiles/_slam_msgs_generate_messages_check_deps_MinibatchTrainingResult.dir/build.make CMakeFiles/_slam_msgs_generate_messages_check_deps_MinibatchTrainingResult.dir/depend
make[2]: Entering directory '/root/catkin_ws/build/slam_msgs'
cd /root/catkin_ws/build/slam_msgs && /usr/local/bin/cmake -E cmake_depends "Unix Makefiles" /root/catkin_ws/src/UWExploration/slam/slam_msgs /root/catkin_ws/src/UWExploration/slam/slam_msgs /root/catkin_ws/build/slam_msgs /root/catkin_ws/build/slam_msgs /root/catkin_ws/build/slam_msgs/CMakeFiles/_slam_msgs_generate_messages_check_deps_ManipulatePosteriorActionGoal.dir/DependInfo.cmake "--color="
/usr/bin/make  -f CMakeFiles/_slam_msgs_generate_messages_check_deps_MinibatchTrainingFeedback.dir/build.make CMakeFiles/_slam_msgs_generate_messages_check_deps_MinibatchTrainingFeedback.dir/depend
/usr/bin/make  -f CMakeFiles/std_msgs_generate_messages_cpp.dir/build.make CMakeFiles/std_msgs_generate_messages_cpp.dir/depend
/usr/bin/make  -f CMakeFiles/sensor_msgs_generate_messages_cpp.dir/build.make CMakeFiles/sensor_msgs_generate_messages_cpp.dir/depend
make[2]: Entering directory '/root/catkin_ws/build/slam_msgs'
cd /root/catkin_ws/build/slam_msgs && /usr/local/bin/cmake -E cmake_depends "Unix Makefiles" /root/catkin_ws/src/UWExploration/slam/slam_msgs /root/catkin_ws/src/UWExploration/slam/slam_msgs /root/catkin_ws/build/slam_msgs /root/catkin_ws/build/slam_msgs /root/catkin_ws/build/slam_msgs/CMakeFiles/_slam_msgs_generate_messages_check_deps_MinibatchTrainingActionGoal.dir/DependInfo.cmake "--color="
/usr/bin/make  -f CMakeFiles/actionlib_msgs_generate_messages_cpp.dir/build.make CMakeFiles/actionlib_msgs_generate_messages_cpp.dir/depend
make[2]: Entering directory '/root/catkin_ws/build/slam_msgs'
cd /root/catkin_ws/build/slam_msgs && /usr/local/bin/cmake -E cmake_depends "Unix Makefiles" /root/catkin_ws/src/UWExploration/slam/slam_msgs /root/catkin_ws/src/UWExploration/slam/slam_msgs /root/catkin_ws/build/slam_msgs /root/catkin_ws/build/slam_msgs /root/catkin_ws/build/slam_msgs/CMakeFiles/_slam_msgs_generate_messages_check_deps_ManipulatePosteriorActionResult.dir/DependInfo.cmake "--color="
/usr/bin/make  -f CMakeFiles/std_msgs_generate_messages_eus.dir/build.make CMakeFiles/std_msgs_generate_messages_eus.dir/depend
make[2]: Entering directory '/root/catkin_ws/build/slam_msgs'
cd /root/catkin_ws/build/slam_msgs && /usr/local/bin/cmake -E cmake_depends "Unix Makefiles" /root/catkin_ws/src/UWExploration/slam/slam_msgs /root/catkin_ws/src/UWExploration/slam/slam_msgs /root/catkin_ws/build/slam_msgs /root/catkin_ws/build/slam_msgs /root/catkin_ws/build/slam_msgs/CMakeFiles/_slam_msgs_generate_messages_check_deps_MinibatchTrainingActionResult.dir/DependInfo.cmake "--color="
/usr/bin/make  -f CMakeFiles/sensor_msgs_generate_messages_eus.dir/build.make CMakeFiles/sensor_msgs_generate_messages_eus.dir/depend
make[2]: Entering directory '/root/catkin_ws/build/slam_msgs'
cd /root/catkin_ws/build/slam_msgs && /usr/local/bin/cmake -E cmake_depends "Unix Makefiles" /root/catkin_ws/src/UWExploration/slam/slam_msgs /root/catkin_ws/src/UWExploration/slam/slam_msgs /root/catkin_ws/build/slam_msgs /root/catkin_ws/build/slam_msgs /root/catkin_ws/build/slam_msgs/CMakeFiles/_slam_msgs_generate_messages_check_deps_MinibatchTrainingAction.dir/DependInfo.cmake "--color="
make[2]: Leaving directory '/root/catkin_ws/build/slam_msgs'
make[2]: Leaving directory '/root/catkin_ws/build/slam_msgs'
/usr/bin/make  -f CMakeFiles/_slam_msgs_generate_messages_check_deps_MbRequest.dir/build.make CMakeFiles/_slam_msgs_generate_messages_check_deps_MbRequest.dir/build
make[2]: Entering directory '/root/catkin_ws/build/slam_msgs'
cd /root/catkin_ws/build/slam_msgs && /usr/local/bin/cmake -E cmake_depends "Unix Makefiles" /root/catkin_ws/src/UWExploration/slam/slam_msgs /root/catkin_ws/src/UWExploration/slam/slam_msgs /root/catkin_ws/build/slam_msgs /root/catkin_ws/build/slam_msgs /root/catkin_ws/build/slam_msgs/CMakeFiles/_slam_msgs_generate_messages_check_deps_MinibatchTrainingResult.dir/DependInfo.cmake "--color="
make[2]: Entering directory '/root/catkin_ws/build/slam_msgs'
cd /root/catkin_ws/build/slam_msgs && /usr/local/bin/cmake -E cmake_depends "Unix Makefiles" /root/catkin_ws/src/UWExploration/slam/slam_msgs /root/catkin_ws/src/UWExploration/slam/slam_msgs /root/catkin_ws/build/slam_msgs /root/catkin_ws/build/slam_msgs /root/catkin_ws/build/slam_msgs/CMakeFiles/_slam_msgs_generate_messages_check_deps_ManipulatePosteriorResult.dir/DependInfo.cmake "--color="
make[2]: Leaving directory '/root/catkin_ws/build/slam_msgs'
/usr/bin/make  -f CMakeFiles/sensor_msgs_generate_messages_py.dir/build.make CMakeFiles/sensor_msgs_generate_messages_py.dir/build
make[2]: Leaving directory '/root/catkin_ws/build/slam_msgs'
make[2]: Entering directory '/root/catkin_ws/build/slam_msgs'
cd /root/catkin_ws/build/slam_msgs && /usr/local/bin/cmake -E cmake_depends "Unix Makefiles" /root/catkin_ws/src/UWExploration/slam/slam_msgs /root/catkin_ws/src/UWExploration/slam/slam_msgs /root/catkin_ws/build/slam_msgs /root/catkin_ws/build/slam_msgs /root/catkin_ws/build/slam_msgs/CMakeFiles/_slam_msgs_generate_messages_check_deps_MinibatchTrainingFeedback.dir/DependInfo.cmake "--color="
make[2]: Entering directory '/root/catkin_ws/build/slam_msgs'
make[2]: Nothing to be done for 'CMakeFiles/actionlib_msgs_generate_messages_py.dir/build'.
make[2]: Leaving directory '/root/catkin_ws/build/slam_msgs'
make[2]: Entering directory '/root/catkin_ws/build/slam_msgs'
cd /root/catkin_ws/build/slam_msgs && /usr/local/bin/cmake -E cmake_depends "Unix Makefiles" /root/catkin_ws/src/UWExploration/slam/slam_msgs /root/catkin_ws/src/UWExploration/slam/slam_msgs /root/catkin_ws/build/slam_msgs /root/catkin_ws/build/slam_msgs /root/catkin_ws/build/slam_msgs/CMakeFiles/_slam_msgs_generate_messages_check_deps_ManipulatePosteriorFeedback.dir/DependInfo.cmake "--color="
/usr/bin/make  -f CMakeFiles/_slam_msgs_generate_messages_check_deps_Resample.dir/build.make CMakeFiles/_slam_msgs_generate_messages_check_deps_Resample.dir/build
make[2]: Entering directory '/root/catkin_ws/build/slam_msgs'
make[2]: Nothing to be done for 'CMakeFiles/std_msgs_generate_messages_py.dir/build'.
make[2]: Leaving directory '/root/catkin_ws/build/slam_msgs'
make[2]: Leaving directory '/root/catkin_ws/build/slam_msgs'
/usr/bin/make  -f CMakeFiles/_slam_msgs_generate_messages_check_deps_PlotPosteriorActionGoal.dir/build.make CMakeFiles/_slam_msgs_generate_messages_check_deps_PlotPosteriorActionGoal.dir/build
make[2]: Leaving directory '/root/catkin_ws/build/slam_msgs'
make[2]: Entering directory '/root/catkin_ws/build/slam_msgs'
cd /root/catkin_ws/build/slam_msgs && /usr/local/bin/cmake -E cmake_depends "Unix Makefiles" /root/catkin_ws/src/UWExploration/slam/slam_msgs /root/catkin_ws/src/UWExploration/slam/slam_msgs /root/catkin_ws/build/slam_msgs /root/catkin_ws/build/slam_msgs /root/catkin_ws/build/slam_msgs/CMakeFiles/_slam_msgs_generate_messages_check_deps_SamplePosteriorFeedback.dir/DependInfo.cmake "--color="
make[2]: Leaving directory '/root/catkin_ws/build/slam_msgs'
make[2]: Entering directory '/root/catkin_ws/build/slam_msgs'
cd /root/catkin_ws/build/slam_msgs && /usr/local/bin/cmake -E cmake_depends "Unix Makefiles" /root/catkin_ws/src/UWExploration/slam/slam_msgs /root/catkin_ws/src/UWExploration/slam/slam_msgs /root/catkin_ws/build/slam_msgs /root/catkin_ws/build/slam_msgs /root/catkin_ws/build/slam_msgs/CMakeFiles/_slam_msgs_generate_messages_check_deps_ManipulatePosteriorGoal.dir/DependInfo.cmake "--color="
make[2]: Entering directory '/root/catkin_ws/build/slam_msgs'
cd /root/catkin_ws/build/slam_msgs && /usr/local/bin/cmake -E cmake_depends "Unix Makefiles" /root/catkin_ws/src/UWExploration/slam/slam_msgs /root/catkin_ws/src/UWExploration/slam/slam_msgs /root/catkin_ws/build/slam_msgs /root/catkin_ws/build/slam_msgs /root/catkin_ws/build/slam_msgs/CMakeFiles/_slam_msgs_generate_messages_check_deps_MinibatchTrainingGoal.dir/DependInfo.cmake "--color="
/usr/bin/make  -f CMakeFiles/_slam_msgs_generate_messages_check_deps_MbResult.dir/build.make CMakeFiles/_slam_msgs_generate_messages_check_deps_MbResult.dir/build
make[2]: Leaving directory '/root/catkin_ws/build/slam_msgs'
/usr/bin/make  -f CMakeFiles/_slam_msgs_generate_messages_check_deps_PlotPosteriorAction.dir/build.make CMakeFiles/_slam_msgs_generate_messages_check_deps_PlotPosteriorAction.dir/build
make[2]: Leaving directory '/root/catkin_ws/build/slam_msgs'
/usr/bin/make  -f CMakeFiles/_slam_msgs_generate_messages_check_deps_PlotPosteriorActionResult.dir/build.make CMakeFiles/_slam_msgs_generate_messages_check_deps_PlotPosteriorActionResult.dir/build
make[2]: Entering directory '/root/catkin_ws/build/slam_msgs'
cd /root/catkin_ws/build/slam_msgs && /usr/local/bin/cmake -E cmake_depends "Unix Makefiles" /root/catkin_ws/src/UWExploration/slam/slam_msgs /root/catkin_ws/src/UWExploration/slam/slam_msgs /root/catkin_ws/build/slam_msgs /root/catkin_ws/build/slam_msgs /root/catkin_ws/build/slam_msgs/CMakeFiles/_slam_msgs_generate_messages_check_deps_MinibatchTrainingActionFeedback.dir/DependInfo.cmake "--color="
make[2]: Leaving directory '/root/catkin_ws/build/slam_msgs'
/usr/bin/make  -f CMakeFiles/_slam_msgs_generate_messages_check_deps_PlotPosteriorActionFeedback.dir/build.make CMakeFiles/_slam_msgs_generate_messages_check_deps_PlotPosteriorActionFeedback.dir/build
/usr/bin/make  -f CMakeFiles/_slam_msgs_generate_messages_check_deps_PlotPosteriorGoal.dir/build.make CMakeFiles/_slam_msgs_generate_messages_check_deps_PlotPosteriorGoal.dir/build
make[2]: Leaving directory '/root/catkin_ws/build/slam_msgs'
/usr/bin/make  -f CMakeFiles/_slam_msgs_generate_messages_check_deps_PlotPosteriorResult.dir/build.make CMakeFiles/_slam_msgs_generate_messages_check_deps_PlotPosteriorResult.dir/build
/usr/bin/make  -f CMakeFiles/_slam_msgs_generate_messages_check_deps_PlotPosteriorFeedback.dir/build.make CMakeFiles/_slam_msgs_generate_messages_check_deps_PlotPosteriorFeedback.dir/build
make[2]: Entering directory '/root/catkin_ws/build/slam_msgs'
cd /root/catkin_ws/build/slam_msgs && /usr/local/bin/cmake -E cmake_depends "Unix Makefiles" /root/catkin_ws/src/UWExploration/slam/slam_msgs /root/catkin_ws/src/UWExploration/slam/slam_msgs /root/catkin_ws/build/slam_msgs /root/catkin_ws/build/slam_msgs /root/catkin_ws/build/slam_msgs/CMakeFiles/std_msgs_generate_messages_cpp.dir/DependInfo.cmake "--color="
make[2]: Entering directory '/root/catkin_ws/build/slam_msgs'
cd /root/catkin_ws/build/slam_msgs && /usr/local/bin/cmake -E cmake_depends "Unix Makefiles" /root/catkin_ws/src/UWExploration/slam/slam_msgs /root/catkin_ws/src/UWExploration/slam/slam_msgs /root/catkin_ws/build/slam_msgs /root/catkin_ws/build/slam_msgs /root/catkin_ws/build/slam_msgs/CMakeFiles/actionlib_msgs_generate_messages_cpp.dir/DependInfo.cmake "--color="
make[2]: Entering directory '/root/catkin_ws/build/slam_msgs'
cd /root/catkin_ws/build/slam_msgs && /usr/local/bin/cmake -E cmake_depends "Unix Makefiles" /root/catkin_ws/src/UWExploration/slam/slam_msgs /root/catkin_ws/src/UWExploration/slam/slam_msgs /root/catkin_ws/build/slam_msgs /root/catkin_ws/build/slam_msgs /root/catkin_ws/build/slam_msgs/CMakeFiles/sensor_msgs_generate_messages_cpp.dir/DependInfo.cmake "--color="
make[2]: Leaving directory '/root/catkin_ws/build/slam_msgs'
make[2]: Entering directory '/root/catkin_ws/build/slam_msgs'
cd /root/catkin_ws/build/slam_msgs && /usr/local/bin/cmake -E cmake_depends "Unix Makefiles" /root/catkin_ws/src/UWExploration/slam/slam_msgs /root/catkin_ws/src/UWExploration/slam/slam_msgs /root/catkin_ws/build/slam_msgs /root/catkin_ws/build/slam_msgs /root/catkin_ws/build/slam_msgs/CMakeFiles/std_msgs_generate_messages_eus.dir/DependInfo.cmake "--color="
make[2]: Leaving directory '/root/catkin_ws/build/slam_msgs'
/usr/bin/make  -f CMakeFiles/_slam_msgs_generate_messages_check_deps_SamplePosteriorActionGoal.dir/build.make CMakeFiles/_slam_msgs_generate_messages_check_deps_SamplePosteriorActionGoal.dir/build
make[2]: Leaving directory '/root/catkin_ws/build/slam_msgs'
/usr/bin/make  -f CMakeFiles/_slam_msgs_generate_messages_check_deps_SamplePosteriorActionFeedback.dir/build.make CMakeFiles/_slam_msgs_generate_messages_check_deps_SamplePosteriorActionFeedback.dir/build
make[2]: Leaving directory '/root/catkin_ws/build/slam_msgs'
/usr/bin/make  -f CMakeFiles/_slam_msgs_generate_messages_check_deps_ManipulatePosteriorActionFeedback.dir/build.make CMakeFiles/_slam_msgs_generate_messages_check_deps_ManipulatePosteriorActionFeedback.dir/build
make[2]: Leaving directory '/root/catkin_ws/build/slam_msgs'
make[2]: Entering directory '/root/catkin_ws/build/slam_msgs'
catkin_generated/env_cached.sh /usr/bin/python3 /opt/ros/noetic/share/genmsg/cmake/../../../lib/genmsg/genmsg_check_deps.py slam_msgs /root/catkin_ws/src/UWExploration/slam/slam_msgs/msg/MbRequest.msg 
/usr/bin/make  -f CMakeFiles/_slam_msgs_generate_messages_check_deps_SamplePosteriorAction.dir/build.make CMakeFiles/_slam_msgs_generate_messages_check_deps_SamplePosteriorAction.dir/build
/usr/bin/make  -f CMakeFiles/_slam_msgs_generate_messages_check_deps_SamplePosteriorGoal.dir/build.make CMakeFiles/_slam_msgs_generate_messages_check_deps_SamplePosteriorGoal.dir/build
make[2]: Leaving directory '/root/catkin_ws/build/slam_msgs'
/usr/bin/make  -f CMakeFiles/_slam_msgs_generate_messages_check_deps_SamplePosteriorResult.dir/build.make CMakeFiles/_slam_msgs_generate_messages_check_deps_SamplePosteriorResult.dir/build
make[2]: Entering directory '/root/catkin_ws/build/slam_msgs'
catkin_generated/env_cached.sh /usr/bin/python3 /opt/ros/noetic/share/genmsg/cmake/../../../lib/genmsg/genmsg_check_deps.py slam_msgs /root/catkin_ws/src/UWExploration/slam/slam_msgs/srv/Resample.srv 
make[2]: Entering directory '/root/catkin_ws/build/slam_msgs'
catkin_generated/env_cached.sh /usr/bin/python3 /opt/ros/noetic/share/genmsg/cmake/../../../lib/genmsg/genmsg_check_deps.py slam_msgs /root/catkin_ws/devel/.private/slam_msgs/share/slam_msgs/msg/PlotPosteriorAction.msg slam_msgs/PlotPosteriorActionGoal:slam_msgs/PlotPosteriorActionFeedback:slam_msgs/PlotPosteriorResult:sensor_msgs/PointField:actionlib_msgs/GoalStatus:slam_msgs/PlotPosteriorFeedback:slam_msgs/PlotPosteriorGoal:sensor_msgs/PointCloud2:std_msgs/Header:actionlib_msgs/GoalID:slam_msgs/PlotPosteriorActionResult
make[2]: Entering directory '/root/catkin_ws/build/slam_msgs'
cd /root/catkin_ws/build/slam_msgs && /usr/local/bin/cmake -E cmake_depends "Unix Makefiles" /root/catkin_ws/src/UWExploration/slam/slam_msgs /root/catkin_ws/src/UWExploration/slam/slam_msgs /root/catkin_ws/build/slam_msgs /root/catkin_ws/build/slam_msgs /root/catkin_ws/build/slam_msgs/CMakeFiles/sensor_msgs_generate_messages_eus.dir/DependInfo.cmake "--color="
make[2]: Entering directory '/root/catkin_ws/build/slam_msgs'
catkin_generated/env_cached.sh /usr/bin/python3 /opt/ros/noetic/share/genmsg/cmake/../../../lib/genmsg/genmsg_check_deps.py slam_msgs /root/catkin_ws/devel/.private/slam_msgs/share/slam_msgs/msg/PlotPosteriorGoal.msg std_msgs/Header:sensor_msgs/PointCloud2:sensor_msgs/PointField
/usr/bin/make  -f CMakeFiles/actionlib_msgs_generate_messages_eus.dir/build.make CMakeFiles/actionlib_msgs_generate_messages_eus.dir/depend
make[2]: Entering directory '/root/catkin_ws/build/slam_msgs'
catkin_generated/env_cached.sh /usr/bin/python3 /opt/ros/noetic/share/genmsg/cmake/../../../lib/genmsg/genmsg_check_deps.py slam_msgs /root/catkin_ws/devel/.private/slam_msgs/share/slam_msgs/msg/PlotPosteriorActionFeedback.msg std_msgs/Header:slam_msgs/PlotPosteriorFeedback:actionlib_msgs/GoalID:actionlib_msgs/GoalStatus
/usr/bin/make  -f CMakeFiles/std_msgs_generate_messages_lisp.dir/build.make CMakeFiles/std_msgs_generate_messages_lisp.dir/depend
make[2]: Entering directory '/root/catkin_ws/build/slam_msgs'
catkin_generated/env_cached.sh /usr/bin/python3 /opt/ros/noetic/share/genmsg/cmake/../../../lib/genmsg/genmsg_check_deps.py slam_msgs /root/catkin_ws/src/UWExploration/slam/slam_msgs/msg/MbResult.msg std_msgs/Header:sensor_msgs/PointCloud2:sensor_msgs/PointField
make[2]: Entering directory '/root/catkin_ws/build/slam_msgs'
catkin_generated/env_cached.sh /usr/bin/python3 /opt/ros/noetic/share/genmsg/cmake/../../../lib/genmsg/genmsg_check_deps.py slam_msgs /root/catkin_ws/devel/.private/slam_msgs/share/slam_msgs/msg/PlotPosteriorActionGoal.msg sensor_msgs/PointField:slam_msgs/PlotPosteriorGoal:sensor_msgs/PointCloud2:std_msgs/Header:actionlib_msgs/GoalID
/usr/bin/make  -f CMakeFiles/sensor_msgs_generate_messages_lisp.dir/build.make CMakeFiles/sensor_msgs_generate_messages_lisp.dir/depend
make[2]: Leaving directory '/root/catkin_ws/build/slam_msgs'
/usr/bin/make  -f CMakeFiles/actionlib_msgs_generate_messages_lisp.dir/build.make CMakeFiles/actionlib_msgs_generate_messages_lisp.dir/depend
make[2]: Entering directory '/root/catkin_ws/build/slam_msgs'
make[2]: Nothing to be done for 'CMakeFiles/sensor_msgs_generate_messages_py.dir/build'.
make[2]: Leaving directory '/root/catkin_ws/build/slam_msgs'
make[2]: Leaving directory '/root/catkin_ws/build/slam_msgs'
/usr/bin/make  -f CMakeFiles/_slam_msgs_generate_messages_check_deps_SamplePosteriorActionResult.dir/build.make CMakeFiles/_slam_msgs_generate_messages_check_deps_SamplePosteriorActionResult.dir/build
make[2]: Leaving directory '/root/catkin_ws/build/slam_msgs'
/usr/bin/make  -f CMakeFiles/_slam_msgs_generate_messages_check_deps_ManipulatePosteriorAction.dir/build.make CMakeFiles/_slam_msgs_generate_messages_check_deps_ManipulatePosteriorAction.dir/build
make[2]: Entering directory '/root/catkin_ws/build/slam_msgs'
catkin_generated/env_cached.sh /usr/bin/python3 /opt/ros/noetic/share/genmsg/cmake/../../../lib/genmsg/genmsg_check_deps.py slam_msgs /root/catkin_ws/devel/.private/slam_msgs/share/slam_msgs/msg/PlotPosteriorActionResult.msg std_msgs/Header:slam_msgs/PlotPosteriorResult:actionlib_msgs/GoalID:actionlib_msgs/GoalStatus
/usr/bin/make  -f CMakeFiles/_slam_msgs_generate_messages_check_deps_ManipulatePosteriorActionGoal.dir/build.make CMakeFiles/_slam_msgs_generate_messages_check_deps_ManipulatePosteriorActionGoal.dir/build
make[2]: Leaving directory '/root/catkin_ws/build/slam_msgs'
make[2]: Leaving directory '/root/catkin_ws/build/slam_msgs'
make[2]: Entering directory '/root/catkin_ws/build/slam_msgs'
catkin_generated/env_cached.sh /usr/bin/python3 /opt/ros/noetic/share/genmsg/cmake/../../../lib/genmsg/genmsg_check_deps.py slam_msgs /root/catkin_ws/devel/.private/slam_msgs/share/slam_msgs/msg/PlotPosteriorFeedback.msg 
/usr/bin/make  -f CMakeFiles/_slam_msgs_generate_messages_check_deps_MinibatchTrainingActionGoal.dir/build.make CMakeFiles/_slam_msgs_generate_messages_check_deps_MinibatchTrainingActionGoal.dir/build
make[2]: Entering directory '/root/catkin_ws/build/slam_msgs'
catkin_generated/env_cached.sh /usr/bin/python3 /opt/ros/noetic/share/genmsg/cmake/../../../lib/genmsg/genmsg_check_deps.py slam_msgs /root/catkin_ws/devel/.private/slam_msgs/share/slam_msgs/msg/PlotPosteriorResult.msg 
make[2]: Leaving directory '/root/catkin_ws/build/slam_msgs'
make[2]: Leaving directory '/root/catkin_ws/build/slam_msgs'
/usr/bin/make  -f CMakeFiles/_slam_msgs_generate_messages_check_deps_MinibatchTrainingAction.dir/build.make CMakeFiles/_slam_msgs_generate_messages_check_deps_MinibatchTrainingAction.dir/build
make[2]: Leaving directory '/root/catkin_ws/build/slam_msgs'
/usr/bin/make  -f CMakeFiles/_slam_msgs_generate_messages_check_deps_ManipulatePosteriorActionResult.dir/build.make CMakeFiles/_slam_msgs_generate_messages_check_deps_ManipulatePosteriorActionResult.dir/build
make[2]: Leaving directory '/root/catkin_ws/build/slam_msgs'
/usr/bin/make  -f CMakeFiles/_slam_msgs_generate_messages_check_deps_SamplePosteriorFeedback.dir/build.make CMakeFiles/_slam_msgs_generate_messages_check_deps_SamplePosteriorFeedback.dir/build
make[2]: Entering directory '/root/catkin_ws/build/slam_msgs'
catkin_generated/env_cached.sh /usr/bin/python3 /opt/ros/noetic/share/genmsg/cmake/../../../lib/genmsg/genmsg_check_deps.py slam_msgs /root/catkin_ws/devel/.private/slam_msgs/share/slam_msgs/msg/ManipulatePosteriorActionFeedback.msg std_msgs/Header:actionlib_msgs/GoalID:slam_msgs/ManipulatePosteriorFeedback:actionlib_msgs/GoalStatus
make[2]: Leaving directory '/root/catkin_ws/build/slam_msgs'
/usr/bin/make  -f CMakeFiles/_slam_msgs_generate_messages_check_deps_MinibatchTrainingActionResult.dir/build.make CMakeFiles/_slam_msgs_generate_messages_check_deps_MinibatchTrainingActionResult.dir/build
make[2]: Leaving directory '/root/catkin_ws/build/slam_msgs'
make[2]: Entering directory '/root/catkin_ws/build/slam_msgs'
catkin_generated/env_cached.sh /usr/bin/python3 /opt/ros/noetic/share/genmsg/cmake/../../../lib/genmsg/genmsg_check_deps.py slam_msgs /root/catkin_ws/devel/.private/slam_msgs/share/slam_msgs/msg/SamplePosteriorResult.msg std_msgs/Header:sensor_msgs/PointCloud2:sensor_msgs/PointField
/usr/bin/make  -f CMakeFiles/_slam_msgs_generate_messages_check_deps_ManipulatePosteriorFeedback.dir/build.make CMakeFiles/_slam_msgs_generate_messages_check_deps_ManipulatePosteriorFeedback.dir/build
/usr/bin/make  -f CMakeFiles/_slam_msgs_generate_messages_check_deps_MinibatchTrainingGoal.dir/build.make CMakeFiles/_slam_msgs_generate_messages_check_deps_MinibatchTrainingGoal.dir/build
make[2]: Entering directory '/root/catkin_ws/build/slam_msgs'
/usr/bin/make  -f CMakeFiles/_slam_msgs_generate_messages_check_deps_MinibatchTrainingResult.dir/build.make CMakeFiles/_slam_msgs_generate_messages_check_deps_MinibatchTrainingResult.dir/build
catkin_generated/env_cached.sh /usr/bin/python3 /opt/ros/noetic/share/genmsg/cmake/../../../lib/genmsg/genmsg_check_deps.py slam_msgs /root/catkin_ws/devel/.private/slam_msgs/share/slam_msgs/msg/SamplePosteriorActionFeedback.msg std_msgs/Header:slam_msgs/SamplePosteriorFeedback:actionlib_msgs/GoalID:actionlib_msgs/GoalStatus
make[2]: Entering directory '/root/catkin_ws/build/slam_msgs'
catkin_generated/env_cached.sh /usr/bin/python3 /opt/ros/noetic/share/genmsg/cmake/../../../lib/genmsg/genmsg_check_deps.py slam_msgs /root/catkin_ws/devel/.private/slam_msgs/share/slam_msgs/msg/SamplePosteriorActionGoal.msg std_msgs/Header:actionlib_msgs/GoalID:slam_msgs/SamplePosteriorGoal
make[2]: Entering directory '/root/catkin_ws/build/slam_msgs'
cd /root/catkin_ws/build/slam_msgs && /usr/local/bin/cmake -E cmake_depends "Unix Makefiles" /root/catkin_ws/src/UWExploration/slam/slam_msgs /root/catkin_ws/src/UWExploration/slam/slam_msgs /root/catkin_ws/build/slam_msgs /root/catkin_ws/build/slam_msgs /root/catkin_ws/build/slam_msgs/CMakeFiles/std_msgs_generate_messages_lisp.dir/DependInfo.cmake "--color="
make[2]: Leaving directory '/root/catkin_ws/build/slam_msgs'
make[2]: Entering directory '/root/catkin_ws/build/slam_msgs'
catkin_generated/env_cached.sh /usr/bin/python3 /opt/ros/noetic/share/genmsg/cmake/../../../lib/genmsg/genmsg_check_deps.py slam_msgs /root/catkin_ws/devel/.private/slam_msgs/share/slam_msgs/msg/SamplePosteriorAction.msg slam_msgs/SamplePosteriorFeedback:slam_msgs/SamplePosteriorActionResult:slam_msgs/SamplePosteriorActionFeedback:sensor_msgs/PointField:actionlib_msgs/GoalStatus:sensor_msgs/PointCloud2:slam_msgs/SamplePosteriorGoal:std_msgs/Header:slam_msgs/SamplePosteriorActionGoal:slam_msgs/SamplePosteriorResult:actionlib_msgs/GoalID
make[2]: Leaving directory '/root/catkin_ws/build/slam_msgs'
make[2]: Entering directory '/root/catkin_ws/build/slam_msgs'
make[2]: Entering directory '/root/catkin_ws/build/slam_msgs'
catkin_generated/env_cached.sh /usr/bin/python3 /opt/ros/noetic/share/genmsg/cmake/../../../lib/genmsg/genmsg_check_deps.py slam_msgs /root/catkin_ws/devel/.private/slam_msgs/share/slam_msgs/msg/SamplePosteriorGoal.msg 
cd /root/catkin_ws/build/slam_msgs && /usr/local/bin/cmake -E cmake_depends "Unix Makefiles" /root/catkin_ws/src/UWExploration/slam/slam_msgs /root/catkin_ws/src/UWExploration/slam/slam_msgs /root/catkin_ws/build/slam_msgs /root/catkin_ws/build/slam_msgs /root/catkin_ws/build/slam_msgs/CMakeFiles/actionlib_msgs_generate_messages_eus.dir/DependInfo.cmake "--color="
/usr/bin/make  -f CMakeFiles/_slam_msgs_generate_messages_check_deps_ManipulatePosteriorResult.dir/build.make CMakeFiles/_slam_msgs_generate_messages_check_deps_ManipulatePosteriorResult.dir/build
/usr/bin/make  -f CMakeFiles/_slam_msgs_generate_messages_check_deps_MinibatchTrainingFeedback.dir/build.make CMakeFiles/_slam_msgs_generate_messages_check_deps_MinibatchTrainingFeedback.dir/build
/usr/bin/make  -f CMakeFiles/std_msgs_generate_messages_nodejs.dir/build.make CMakeFiles/std_msgs_generate_messages_nodejs.dir/depend
make[2]: Entering directory '/root/catkin_ws/build/slam_msgs'
catkin_generated/env_cached.sh /usr/bin/python3 /opt/ros/noetic/share/genmsg/cmake/../../../lib/genmsg/genmsg_check_deps.py slam_msgs /root/catkin_ws/devel/.private/slam_msgs/share/slam_msgs/msg/ManipulatePosteriorAction.msg slam_msgs/ManipulatePosteriorGoal:sensor_msgs/PointField:actionlib_msgs/GoalStatus:slam_msgs/ManipulatePosteriorActionResult:sensor_msgs/PointCloud2:slam_msgs/ManipulatePosteriorActionGoal:slam_msgs/ManipulatePosteriorResult:slam_msgs/ManipulatePosteriorFeedback:std_msgs/Header:slam_msgs/ManipulatePosteriorActionFeedback:actionlib_msgs/GoalID
/usr/bin/make  -f CMakeFiles/sensor_msgs_generate_messages_nodejs.dir/build.make CMakeFiles/sensor_msgs_generate_messages_nodejs.dir/depend
make[2]: Leaving directory '/root/catkin_ws/build/slam_msgs'
/usr/bin/make  -f CMakeFiles/actionlib_msgs_generate_messages_nodejs.dir/build.make CMakeFiles/actionlib_msgs_generate_messages_nodejs.dir/depend
make[2]: Leaving directory '/root/catkin_ws/build/slam_msgs'
/usr/bin/make  -f CMakeFiles/_slam_msgs_generate_messages_check_deps_MinibatchTrainingActionFeedback.dir/build.make CMakeFiles/_slam_msgs_generate_messages_check_deps_MinibatchTrainingActionFeedback.dir/build
make[2]: Entering directory '/root/catkin_ws/build/slam_msgs'
catkin_generated/env_cached.sh /usr/bin/python3 /opt/ros/noetic/share/genmsg/cmake/../../../lib/genmsg/genmsg_check_deps.py slam_msgs /root/catkin_ws/devel/.private/slam_msgs/share/slam_msgs/msg/MinibatchTrainingActionGoal.msg std_msgs/Header:actionlib_msgs/GoalID:slam_msgs/MinibatchTrainingGoal
make[2]: Entering directory '/root/catkin_ws/build/slam_msgs'
cd /root/catkin_ws/build/slam_msgs && /usr/local/bin/cmake -E cmake_depends "Unix Makefiles" /root/catkin_ws/src/UWExploration/slam/slam_msgs /root/catkin_ws/src/UWExploration/slam/slam_msgs /root/catkin_ws/build/slam_msgs /root/catkin_ws/build/slam_msgs /root/catkin_ws/build/slam_msgs/CMakeFiles/sensor_msgs_generate_messages_lisp.dir/DependInfo.cmake "--color="
make[2]: Entering directory '/root/catkin_ws/build/slam_msgs'
cd /root/catkin_ws/build/slam_msgs && /usr/local/bin/cmake -E cmake_depends "Unix Makefiles" /root/catkin_ws/src/UWExploration/slam/slam_msgs /root/catkin_ws/src/UWExploration/slam/slam_msgs /root/catkin_ws/build/slam_msgs /root/catkin_ws/build/slam_msgs /root/catkin_ws/build/slam_msgs/CMakeFiles/actionlib_msgs_generate_messages_lisp.dir/DependInfo.cmake "--color="
/usr/bin/make  -f CMakeFiles/_slam_msgs_generate_messages_check_deps_ManipulatePosteriorGoal.dir/build.make CMakeFiles/_slam_msgs_generate_messages_check_deps_ManipulatePosteriorGoal.dir/build
make[2]: Entering directory '/root/catkin_ws/build/slam_msgs'
catkin_generated/env_cached.sh /usr/bin/python3 /opt/ros/noetic/share/genmsg/cmake/../../../lib/genmsg/genmsg_check_deps.py slam_msgs /root/catkin_ws/devel/.private/slam_msgs/share/slam_msgs/msg/MinibatchTrainingActionResult.msg sensor_msgs/PointField:actionlib_msgs/GoalStatus:slam_msgs/MinibatchTrainingResult:sensor_msgs/PointCloud2:std_msgs/Header:actionlib_msgs/GoalID
make[2]: Entering directory '/root/catkin_ws/build/slam_msgs'
catkin_generated/env_cached.sh /usr/bin/python3 /opt/ros/noetic/share/genmsg/cmake/../../../lib/genmsg/genmsg_check_deps.py slam_msgs /root/catkin_ws/devel/.private/slam_msgs/share/slam_msgs/msg/SamplePosteriorActionResult.msg sensor_msgs/PointField:actionlib_msgs/GoalStatus:sensor_msgs/PointCloud2:std_msgs/Header:actionlib_msgs/GoalID:slam_msgs/SamplePosteriorResult
make[2]: Entering directory '/root/catkin_ws/build/slam_msgs'
catkin_generated/env_cached.sh /usr/bin/python3 /opt/ros/noetic/share/genmsg/cmake/../../../lib/genmsg/genmsg_check_deps.py slam_msgs /root/catkin_ws/devel/.private/slam_msgs/share/slam_msgs/msg/ManipulatePosteriorActionGoal.msg slam_msgs/ManipulatePosteriorGoal:sensor_msgs/PointField:sensor_msgs/PointCloud2:std_msgs/Header:actionlib_msgs/GoalID
make[2]: Entering directory '/root/catkin_ws/build/slam_msgs'
catkin_generated/env_cached.sh /usr/bin/python3 /opt/ros/noetic/share/genmsg/cmake/../../../lib/genmsg/genmsg_check_deps.py slam_msgs /root/catkin_ws/devel/.private/slam_msgs/share/slam_msgs/msg/MinibatchTrainingAction.msg slam_msgs/MinibatchTrainingActionFeedback:slam_msgs/MinibatchTrainingActionResult:slam_msgs/MinibatchTrainingActionGoal:sensor_msgs/PointField:actionlib_msgs/GoalStatus:slam_msgs/MinibatchTrainingResult:sensor_msgs/PointCloud2:slam_msgs/MinibatchTrainingFeedback:std_msgs/Header:actionlib_msgs/GoalID:slam_msgs/MinibatchTrainingGoal
make[2]: Entering directory '/root/catkin_ws/build/slam_msgs'
catkin_generated/env_cached.sh /usr/bin/python3 /opt/ros/noetic/share/genmsg/cmake/../../../lib/genmsg/genmsg_check_deps.py slam_msgs /root/catkin_ws/devel/.private/slam_msgs/share/slam_msgs/msg/ManipulatePosteriorFeedback.msg 
make[2]: Leaving directory '/root/catkin_ws/build/slam_msgs'
make[2]: Entering directory '/root/catkin_ws/build/slam_msgs'
catkin_generated/env_cached.sh /usr/bin/python3 /opt/ros/noetic/share/genmsg/cmake/../../../lib/genmsg/genmsg_check_deps.py slam_msgs /root/catkin_ws/devel/.private/slam_msgs/share/slam_msgs/msg/ManipulatePosteriorActionResult.msg std_msgs/Header:actionlib_msgs/GoalID:slam_msgs/ManipulatePosteriorResult:actionlib_msgs/GoalStatus
make[2]: Entering directory '/root/catkin_ws/build/slam_msgs'
catkin_generated/env_cached.sh /usr/bin/python3 /opt/ros/noetic/share/genmsg/cmake/../../../lib/genmsg/genmsg_check_deps.py slam_msgs /root/catkin_ws/devel/.private/slam_msgs/share/slam_msgs/msg/MinibatchTrainingGoal.msg 
make[2]: Entering directory '/root/catkin_ws/build/slam_msgs'
catkin_generated/env_cached.sh /usr/bin/python3 /opt/ros/noetic/share/genmsg/cmake/../../../lib/genmsg/genmsg_check_deps.py slam_msgs /root/catkin_ws/devel/.private/slam_msgs/share/slam_msgs/msg/SamplePosteriorFeedback.msg 
/usr/bin/make  -f CMakeFiles/std_msgs_generate_messages_cpp.dir/build.make CMakeFiles/std_msgs_generate_messages_cpp.dir/build
make[2]: Leaving directory '/root/catkin_ws/build/slam_msgs'
/usr/bin/make  -f CMakeFiles/sensor_msgs_generate_messages_cpp.dir/build.make CMakeFiles/sensor_msgs_generate_messages_cpp.dir/build
make[2]: Leaving directory '/root/catkin_ws/build/slam_msgs'
make[2]: Leaving directory '/root/catkin_ws/build/slam_msgs'
make[2]: Entering directory '/root/catkin_ws/build/slam_msgs'
make[2]: Entering directory '/root/catkin_ws/build/slam_msgs'
catkin_generated/env_cached.sh /usr/bin/python3 /opt/ros/noetic/share/genmsg/cmake/../../../lib/genmsg/genmsg_check_deps.py slam_msgs /root/catkin_ws/devel/.private/slam_msgs/share/slam_msgs/msg/MinibatchTrainingFeedback.msg 
catkin_generated/env_cached.sh /usr/bin/python3 /opt/ros/noetic/share/genmsg/cmake/../../../lib/genmsg/genmsg_check_deps.py slam_msgs /root/catkin_ws/devel/.private/slam_msgs/share/slam_msgs/msg/MinibatchTrainingResult.msg std_msgs/Header:sensor_msgs/PointCloud2:sensor_msgs/PointField
/usr/bin/make  -f CMakeFiles/std_msgs_generate_messages_eus.dir/build.make CMakeFiles/std_msgs_generate_messages_eus.dir/build
make[2]: Entering directory '/root/catkin_ws/build/slam_msgs'
catkin_generated/env_cached.sh /usr/bin/python3 /opt/ros/noetic/share/genmsg/cmake/../../../lib/genmsg/genmsg_check_deps.py slam_msgs /root/catkin_ws/devel/.private/slam_msgs/share/slam_msgs/msg/ManipulatePosteriorResult.msg 
/usr/bin/make  -f CMakeFiles/actionlib_msgs_generate_messages_cpp.dir/build.make CMakeFiles/actionlib_msgs_generate_messages_cpp.dir/build
make[2]: Entering directory '/root/catkin_ws/build/slam_msgs'
cd /root/catkin_ws/build/slam_msgs && /usr/local/bin/cmake -E cmake_depends "Unix Makefiles" /root/catkin_ws/src/UWExploration/slam/slam_msgs /root/catkin_ws/src/UWExploration/slam/slam_msgs /root/catkin_ws/build/slam_msgs /root/catkin_ws/build/slam_msgs /root/catkin_ws/build/slam_msgs/CMakeFiles/std_msgs_generate_messages_nodejs.dir/DependInfo.cmake "--color="
[  0%] Built target actionlib_msgs_generate_messages_py
[  0%] Built target std_msgs_generate_messages_py
make[2]: Leaving directory '/root/catkin_ws/build/slam_msgs'
make[2]: Entering directory '/root/catkin_ws/build/slam_msgs'
cd /root/catkin_ws/build/slam_msgs && /usr/local/bin/cmake -E cmake_depends "Unix Makefiles" /root/catkin_ws/src/UWExploration/slam/slam_msgs /root/catkin_ws/src/UWExploration/slam/slam_msgs /root/catkin_ws/build/slam_msgs /root/catkin_ws/build/slam_msgs /root/catkin_ws/build/slam_msgs/CMakeFiles/sensor_msgs_generate_messages_nodejs.dir/DependInfo.cmake "--color="
/usr/bin/make  -f CMakeFiles/sensor_msgs_generate_messages_eus.dir/build.make CMakeFiles/sensor_msgs_generate_messages_eus.dir/build
make[2]: Entering directory '/root/catkin_ws/build/slam_msgs'
cd /root/catkin_ws/build/slam_msgs && /usr/local/bin/cmake -E cmake_depends "Unix Makefiles" /root/catkin_ws/src/UWExploration/slam/slam_msgs /root/catkin_ws/src/UWExploration/slam/slam_msgs /root/catkin_ws/build/slam_msgs /root/catkin_ws/build/slam_msgs /root/catkin_ws/build/slam_msgs/CMakeFiles/actionlib_msgs_generate_messages_nodejs.dir/DependInfo.cmake "--color="
make[2]: Entering directory '/root/catkin_ws/build/slam_msgs'
catkin_generated/env_cached.sh /usr/bin/python3 /opt/ros/noetic/share/genmsg/cmake/../../../lib/genmsg/genmsg_check_deps.py slam_msgs /root/catkin_ws/devel/.private/slam_msgs/share/slam_msgs/msg/MinibatchTrainingActionFeedback.msg std_msgs/Header:actionlib_msgs/GoalID:slam_msgs/MinibatchTrainingFeedback:actionlib_msgs/GoalStatus
make[2]: Entering directory '/root/catkin_ws/build/slam_msgs'
catkin_generated/env_cached.sh /usr/bin/python3 /opt/ros/noetic/share/genmsg/cmake/../../../lib/genmsg/genmsg_check_deps.py slam_msgs /root/catkin_ws/devel/.private/slam_msgs/share/slam_msgs/msg/ManipulatePosteriorGoal.msg std_msgs/Header:sensor_msgs/PointCloud2:sensor_msgs/PointField
[  0%] Built target sensor_msgs_generate_messages_py
make[2]: Entering directory '/root/catkin_ws/build/slam_msgs'
make[2]: Nothing to be done for 'CMakeFiles/std_msgs_generate_messages_cpp.dir/build'.
make[2]: Leaving directory '/root/catkin_ws/build/slam_msgs'
make[2]: Leaving directory '/root/catkin_ws/build/slam_msgs'
make[2]: Entering directory '/root/catkin_ws/build/slam_msgs'
make[2]: Nothing to be done for 'CMakeFiles/actionlib_msgs_generate_messages_cpp.dir/build'.
make[2]: Leaving directory '/root/catkin_ws/build/slam_msgs'
/usr/bin/make  -f CMakeFiles/actionlib_msgs_generate_messages_eus.dir/build.make CMakeFiles/actionlib_msgs_generate_messages_eus.dir/build
make[2]: Entering directory '/root/catkin_ws/build/slam_msgs'
make[2]: Nothing to be done for 'CMakeFiles/std_msgs_generate_messages_eus.dir/build'.
make[2]: Leaving directory '/root/catkin_ws/build/slam_msgs'
make[2]: Entering directory '/root/catkin_ws/build/slam_msgs'
make[2]: Nothing to be done for 'CMakeFiles/sensor_msgs_generate_messages_cpp.dir/build'.
make[2]: Leaving directory '/root/catkin_ws/build/slam_msgs'
make[2]: Leaving directory '/root/catkin_ws/build/slam_msgs'
/usr/bin/make  -f CMakeFiles/std_msgs_generate_messages_lisp.dir/build.make CMakeFiles/std_msgs_generate_messages_lisp.dir/build
make[2]: Leaving directory '/root/catkin_ws/build/slam_msgs'
/usr/bin/make  -f CMakeFiles/actionlib_msgs_generate_messages_lisp.dir/build.make CMakeFiles/actionlib_msgs_generate_messages_lisp.dir/build
make[2]: Entering directory '/root/catkin_ws/build/slam_msgs'
make[2]: Nothing to be done for 'CMakeFiles/sensor_msgs_generate_messages_eus.dir/build'.
make[2]: Leaving directory '/root/catkin_ws/build/slam_msgs'
make[2]: Leaving directory '/root/catkin_ws/build/slam_msgs'
/usr/bin/make  -f CMakeFiles/sensor_msgs_generate_messages_lisp.dir/build.make CMakeFiles/sensor_msgs_generate_messages_lisp.dir/build
make[2]: Entering directory '/root/catkin_ws/build/slam_msgs'
make[2]: Nothing to be done for 'CMakeFiles/actionlib_msgs_generate_messages_eus.dir/build'.
make[2]: Leaving directory '/root/catkin_ws/build/slam_msgs'
make[2]: Entering directory '/root/catkin_ws/build/slam_msgs'
make[2]: Nothing to be done for 'CMakeFiles/actionlib_msgs_generate_messages_lisp.dir/build'.
make[2]: Leaving directory '/root/catkin_ws/build/slam_msgs'
make[2]: Entering directory '/root/catkin_ws/build/slam_msgs'
make[2]: Nothing to be done for 'CMakeFiles/std_msgs_generate_messages_lisp.dir/build'.
make[2]: Leaving directory '/root/catkin_ws/build/slam_msgs'
make[2]: Leaving directory '/root/catkin_ws/build/slam_msgs'
/usr/bin/make  -f CMakeFiles/sensor_msgs_generate_messages_nodejs.dir/build.make CMakeFiles/sensor_msgs_generate_messages_nodejs.dir/build
make[2]: Entering directory '/root/catkin_ws/build/slam_msgs'
make[2]: Nothing to be done for 'CMakeFiles/sensor_msgs_generate_messages_lisp.dir/build'.
make[2]: Leaving directory '/root/catkin_ws/build/slam_msgs'
[  0%] Built target std_msgs_generate_messages_cpp
make[2]: Leaving directory '/root/catkin_ws/build/slam_msgs'
/usr/bin/make  -f CMakeFiles/actionlib_msgs_generate_messages_nodejs.dir/build.make CMakeFiles/actionlib_msgs_generate_messages_nodejs.dir/build
make[2]: Leaving directory '/root/catkin_ws/build/slam_msgs'
/usr/bin/make  -f CMakeFiles/std_msgs_generate_messages_nodejs.dir/build.make CMakeFiles/std_msgs_generate_messages_nodejs.dir/build
[  0%] Built target sensor_msgs_generate_messages_cpp
make[2]: Entering directory '/root/catkin_ws/build/slam_msgs'
make[2]: Nothing to be done for 'CMakeFiles/sensor_msgs_generate_messages_nodejs.dir/build'.
make[2]: Leaving directory '/root/catkin_ws/build/slam_msgs'
[  0%] Built target sensor_msgs_generate_messages_eus
[  0%] Built target std_msgs_generate_messages_eus
[  0%] Built target actionlib_msgs_generate_messages_cpp
[  0%] Built target actionlib_msgs_generate_messages_lisp
make[2]: Entering directory '/root/catkin_ws/build/slam_msgs'
make[2]: Nothing to be done for 'CMakeFiles/actionlib_msgs_generate_messages_nodejs.dir/build'.
make[2]: Leaving directory '/root/catkin_ws/build/slam_msgs'
make[2]: Entering directory '/root/catkin_ws/build/slam_msgs'
make[2]: Nothing to be done for 'CMakeFiles/std_msgs_generate_messages_nodejs.dir/build'.
make[2]: Leaving directory '/root/catkin_ws/build/slam_msgs'
[  0%] Built target actionlib_msgs_generate_messages_eus
[  0%] Built target sensor_msgs_generate_messages_lisp
[  0%] Built target std_msgs_generate_messages_lisp
[  0%] Built target sensor_msgs_generate_messages_nodejs
[  0%] Built target std_msgs_generate_messages_nodejs
[  0%] Built target actionlib_msgs_generate_messages_nodejs
make[2]: Leaving directory '/root/catkin_ws/build/slam_msgs'
make[2]: Leaving directory '/root/catkin_ws/build/slam_msgs'
[  0%] Built target _slam_msgs_generate_messages_check_deps_PlotPosteriorFeedback
[  0%] Built target _slam_msgs_generate_messages_check_deps_PlotPosteriorResult
make[2]: Leaving directory '/root/catkin_ws/build/slam_msgs'
make[2]: Leaving directory '/root/catkin_ws/build/slam_msgs'
make[2]: Leaving directory '/root/catkin_ws/build/slam_msgs'
make[2]: Leaving directory '/root/catkin_ws/build/slam_msgs'
make[2]: Leaving directory '/root/catkin_ws/build/slam_msgs'
[  0%] Built target _slam_msgs_generate_messages_check_deps_Resample
[  0%] Built target _slam_msgs_generate_messages_check_deps_ManipulatePosteriorActionFeedback
[  0%] Built target _slam_msgs_generate_messages_check_deps_ManipulatePosteriorAction
[  0%] Built target _slam_msgs_generate_messages_check_deps_MinibatchTrainingActionGoal
make[2]: Leaving directory '/root/catkin_ws/build/slam_msgs'
make[2]: Leaving directory '/root/catkin_ws/build/slam_msgs'
make[2]: Leaving directory '/root/catkin_ws/build/slam_msgs'
make[2]: Leaving directory '/root/catkin_ws/build/slam_msgs'
[  0%] Built target _slam_msgs_generate_messages_check_deps_ManipulatePosteriorActionGoal
[  0%] Built target _slam_msgs_generate_messages_check_deps_PlotPosteriorGoal
[  0%] Built target _slam_msgs_generate_messages_check_deps_MbResult
[  0%] Built target _slam_msgs_generate_messages_check_deps_MinibatchTrainingActionFeedback
make[2]: Leaving directory '/root/catkin_ws/build/slam_msgs'
[  0%] Built target _slam_msgs_generate_messages_check_deps_PlotPosteriorActionFeedback
make[2]: Leaving directory '/root/catkin_ws/build/slam_msgs'
make[2]: Leaving directory '/root/catkin_ws/build/slam_msgs'
[  0%] Built target _slam_msgs_generate_messages_check_deps_SamplePosteriorFeedback
make[2]: Leaving directory '/root/catkin_ws/build/slam_msgs'
make[2]: Leaving directory '/root/catkin_ws/build/slam_msgs'
make[2]: Leaving directory '/root/catkin_ws/build/slam_msgs'
[  0%] Built target _slam_msgs_generate_messages_check_deps_ManipulatePosteriorActionResult
[  0%] Built target _slam_msgs_generate_messages_check_deps_MinibatchTrainingGoal
make[2]: Leaving directory '/root/catkin_ws/build/slam_msgs'
make[2]: Leaving directory '/root/catkin_ws/build/slam_msgs'
make[2]: Leaving directory '/root/catkin_ws/build/slam_msgs'
[  0%] Built target _slam_msgs_generate_messages_check_deps_SamplePosteriorAction
make[2]: Leaving directory '/root/catkin_ws/build/slam_msgs'
[  0%] Built target _slam_msgs_generate_messages_check_deps_MinibatchTrainingAction
[  0%] Built target _slam_msgs_generate_messages_check_deps_ManipulatePosteriorResult
[  0%] Built target _slam_msgs_generate_messages_check_deps_MinibatchTrainingActionResult
make[2]: Leaving directory '/root/catkin_ws/build/slam_msgs'
[  0%] Built target _slam_msgs_generate_messages_check_deps_PlotPosteriorAction
make[2]: Leaving directory '/root/catkin_ws/build/slam_msgs'
make[2]: Leaving directory '/root/catkin_ws/build/slam_msgs'
[  0%] Built target _slam_msgs_generate_messages_check_deps_PlotPosteriorActionResult
make[2]: Leaving directory '/root/catkin_ws/build/slam_msgs'
[  0%] Built target _slam_msgs_generate_messages_check_deps_ManipulatePosteriorGoal
[  0%] Built target _slam_msgs_generate_messages_check_deps_SamplePosteriorResult
make[2]: Leaving directory '/root/catkin_ws/build/slam_msgs'
make[2]: Leaving directory '/root/catkin_ws/build/slam_msgs'
make[2]: Leaving directory '/root/catkin_ws/build/slam_msgs'
[  0%] Built target _slam_msgs_generate_messages_check_deps_MbRequest
[  0%] Built target _slam_msgs_generate_messages_check_deps_SamplePosteriorActionGoal
[  0%] Built target _slam_msgs_generate_messages_check_deps_SamplePosteriorActionResult
[  0%] Built target _slam_msgs_generate_messages_check_deps_PlotPosteriorActionGoal
[  0%] Built target _slam_msgs_generate_messages_check_deps_MinibatchTrainingFeedback
[  0%] Built target _slam_msgs_generate_messages_check_deps_SamplePosteriorGoal
make[2]: Leaving directory '/root/catkin_ws/build/slam_msgs'
make[2]: Leaving directory '/root/catkin_ws/build/slam_msgs'
make[2]: Leaving directory '/root/catkin_ws/build/slam_msgs'
[  0%] Built target _slam_msgs_generate_messages_check_deps_MinibatchTrainingResult
[  0%] Built target _slam_msgs_generate_messages_check_deps_SamplePosteriorActionFeedback
[  0%] Built target _slam_msgs_generate_messages_check_deps_ManipulatePosteriorFeedback
/usr/bin/make  -f CMakeFiles/slam_msgs_generate_messages_py.dir/build.make CMakeFiles/slam_msgs_generate_messages_py.dir/depend
/usr/bin/make  -f CMakeFiles/slam_msgs_generate_messages_cpp.dir/build.make CMakeFiles/slam_msgs_generate_messages_cpp.dir/depend
/usr/bin/make  -f CMakeFiles/slam_msgs_generate_messages_eus.dir/build.make CMakeFiles/slam_msgs_generate_messages_eus.dir/depend
/usr/bin/make  -f CMakeFiles/slam_msgs_generate_messages_lisp.dir/build.make CMakeFiles/slam_msgs_generate_messages_lisp.dir/depend
/usr/bin/make  -f CMakeFiles/slam_msgs_generate_messages_nodejs.dir/build.make CMakeFiles/slam_msgs_generate_messages_nodejs.dir/depend
make[2]: Entering directory '/root/catkin_ws/build/slam_msgs'
cd /root/catkin_ws/build/slam_msgs && /usr/local/bin/cmake -E cmake_depends "Unix Makefiles" /root/catkin_ws/src/UWExploration/slam/slam_msgs /root/catkin_ws/src/UWExploration/slam/slam_msgs /root/catkin_ws/build/slam_msgs /root/catkin_ws/build/slam_msgs /root/catkin_ws/build/slam_msgs/CMakeFiles/slam_msgs_generate_messages_cpp.dir/DependInfo.cmake "--color="
make[2]: Entering directory '/root/catkin_ws/build/slam_msgs'
cd /root/catkin_ws/build/slam_msgs && /usr/local/bin/cmake -E cmake_depends "Unix Makefiles" /root/catkin_ws/src/UWExploration/slam/slam_msgs /root/catkin_ws/src/UWExploration/slam/slam_msgs /root/catkin_ws/build/slam_msgs /root/catkin_ws/build/slam_msgs /root/catkin_ws/build/slam_msgs/CMakeFiles/slam_msgs_generate_messages_eus.dir/DependInfo.cmake "--color="
make[2]: Entering directory '/root/catkin_ws/build/slam_msgs'
cd /root/catkin_ws/build/slam_msgs && /usr/local/bin/cmake -E cmake_depends "Unix Makefiles" /root/catkin_ws/src/UWExploration/slam/slam_msgs /root/catkin_ws/src/UWExploration/slam/slam_msgs /root/catkin_ws/build/slam_msgs /root/catkin_ws/build/slam_msgs /root/catkin_ws/build/slam_msgs/CMakeFiles/slam_msgs_generate_messages_py.dir/DependInfo.cmake "--color="
make[2]: Entering directory '/root/catkin_ws/build/slam_msgs'
cd /root/catkin_ws/build/slam_msgs && /usr/local/bin/cmake -E cmake_depends "Unix Makefiles" /root/catkin_ws/src/UWExploration/slam/slam_msgs /root/catkin_ws/src/UWExploration/slam/slam_msgs /root/catkin_ws/build/slam_msgs /root/catkin_ws/build/slam_msgs /root/catkin_ws/build/slam_msgs/CMakeFiles/slam_msgs_generate_messages_lisp.dir/DependInfo.cmake "--color="
make[2]: Entering directory '/root/catkin_ws/build/slam_msgs'
cd /root/catkin_ws/build/slam_msgs && /usr/local/bin/cmake -E cmake_depends "Unix Makefiles" /root/catkin_ws/src/UWExploration/slam/slam_msgs /root/catkin_ws/src/UWExploration/slam/slam_msgs /root/catkin_ws/build/slam_msgs /root/catkin_ws/build/slam_msgs /root/catkin_ws/build/slam_msgs/CMakeFiles/slam_msgs_generate_messages_nodejs.dir/DependInfo.cmake "--color="
make[2]: Leaving directory '/root/catkin_ws/build/slam_msgs'
make[2]: Leaving directory '/root/catkin_ws/build/slam_msgs'
/usr/bin/make  -f CMakeFiles/slam_msgs_generate_messages_cpp.dir/build.make CMakeFiles/slam_msgs_generate_messages_cpp.dir/build
/usr/bin/make  -f CMakeFiles/slam_msgs_generate_messages_py.dir/build.make CMakeFiles/slam_msgs_generate_messages_py.dir/build
make[2]: Leaving directory '/root/catkin_ws/build/slam_msgs'
/usr/bin/make  -f CMakeFiles/slam_msgs_generate_messages_lisp.dir/build.make CMakeFiles/slam_msgs_generate_messages_lisp.dir/build
make[2]: Leaving directory '/root/catkin_ws/build/slam_msgs'
make[2]: Leaving directory '/root/catkin_ws/build/slam_msgs'
/usr/bin/make  -f CMakeFiles/slam_msgs_generate_messages_eus.dir/build.make CMakeFiles/slam_msgs_generate_messages_eus.dir/build
/usr/bin/make  -f CMakeFiles/slam_msgs_generate_messages_nodejs.dir/build.make CMakeFiles/slam_msgs_generate_messages_nodejs.dir/build
make[2]: Entering directory '/root/catkin_ws/build/slam_msgs'
make[2]: Nothing to be done for 'CMakeFiles/slam_msgs_generate_messages_cpp.dir/build'.
make[2]: Leaving directory '/root/catkin_ws/build/slam_msgs'
make[2]: Entering directory '/root/catkin_ws/build/slam_msgs'
make[2]: Nothing to be done for 'CMakeFiles/slam_msgs_generate_messages_py.dir/build'.
make[2]: Entering directory '/root/catkin_ws/build/slam_msgs'
make[2]: Leaving directory '/root/catkin_ws/build/slam_msgs'
make[2]: Nothing to be done for 'CMakeFiles/slam_msgs_generate_messages_lisp.dir/build'.
make[2]: Leaving directory '/root/catkin_ws/build/slam_msgs'
make[2]: Entering directory '/root/catkin_ws/build/slam_msgs'
make[2]: Nothing to be done for 'CMakeFiles/slam_msgs_generate_messages_eus.dir/build'.
make[2]: Leaving directory '/root/catkin_ws/build/slam_msgs'
make[2]: Entering directory '/root/catkin_ws/build/slam_msgs'
make[2]: Nothing to be done for 'CMakeFiles/slam_msgs_generate_messages_nodejs.dir/build'.
make[2]: Leaving directory '/root/catkin_ws/build/slam_msgs'
[ 19%] Built target slam_msgs_generate_messages_cpp
[ 82%] Built target slam_msgs_generate_messages_lisp
[ 85%] Built target slam_msgs_generate_messages_py
[ 97%] Built target slam_msgs_generate_messages_nodejs
[100%] Built target slam_msgs_generate_messages_eus
/usr/bin/make  -f CMakeFiles/slam_msgs_generate_messages.dir/build.make CMakeFiles/slam_msgs_generate_messages.dir/depend
make[2]: Entering directory '/root/catkin_ws/build/slam_msgs'
cd /root/catkin_ws/build/slam_msgs && /usr/local/bin/cmake -E cmake_depends "Unix Makefiles" /root/catkin_ws/src/UWExploration/slam/slam_msgs /root/catkin_ws/src/UWExploration/slam/slam_msgs /root/catkin_ws/build/slam_msgs /root/catkin_ws/build/slam_msgs /root/catkin_ws/build/slam_msgs/CMakeFiles/slam_msgs_generate_messages.dir/DependInfo.cmake "--color="
make[2]: Leaving directory '/root/catkin_ws/build/slam_msgs'
/usr/bin/make  -f CMakeFiles/slam_msgs_generate_messages.dir/build.make CMakeFiles/slam_msgs_generate_messages.dir/build
make[2]: Entering directory '/root/catkin_ws/build/slam_msgs'
make[2]: Nothing to be done for 'CMakeFiles/slam_msgs_generate_messages.dir/build'.
make[2]: Leaving directory '/root/catkin_ws/build/slam_msgs'
[100%] Built target slam_msgs_generate_messages
make[1]: Leaving directory '/root/catkin_ws/build/slam_msgs'
/usr/local/bin/cmake -E cmake_progress_start /root/catkin_ws/build/slam_msgs/CMakeFiles 0
