[  0%] Built target sensor_msgs_generate_messages_py
[  0%] Built target std_msgs_generate_messages_py
[  0%] Built target actionlib_msgs_generate_messages_py
[  0%] Built target actionlib_msgs_generate_messages_lisp
[  0%] Built target std_msgs_generate_messages_lisp
[  0%] Built target std_msgs_generate_messages_nodejs
[  0%] Built target std_msgs_generate_messages_cpp
[  0%] Built target std_msgs_generate_messages_eus
[  0%] Built target actionlib_msgs_generate_messages_eus
[  0%] Built target sensor_msgs_generate_messages_cpp
[  0%] Built target sensor_msgs_generate_messages_lisp
[  0%] Built target sensor_msgs_generate_messages_eus
[  0%] Built target actionlib_msgs_generate_messages_cpp
[  0%] Built target sensor_msgs_generate_messages_nodejs
[  0%] Built target actionlib_msgs_generate_messages_nodejs
[  0%] Built target _slam_msgs_generate_messages_check_deps_SamplePosteriorActionGoal
[  0%] Built target _slam_msgs_generate_messages_check_deps_MbResult
[  0%] Built target _slam_msgs_generate_messages_check_deps_SamplePosteriorAction
[  0%] Built target _slam_msgs_generate_messages_check_deps_ManipulatePosteriorActionFeedback
[  0%] Built target _slam_msgs_generate_messages_check_deps_PlotPosteriorActionGoal
[  0%] Built target _slam_msgs_generate_messages_check_deps_SamplePosteriorFeedback
[  0%] Built target _slam_msgs_generate_messages_check_deps_PlotPosteriorActionResult
[  0%] Built target _slam_msgs_generate_messages_check_deps_MinibatchTrainingActionGoal
[  0%] Built target _slam_msgs_generate_messages_check_deps_MinibatchTrainingActionResult
[  0%] Built target _slam_msgs_generate_messages_check_deps_ManipulatePosteriorFeedback
[  0%] Built target _slam_msgs_generate_messages_check_deps_ManipulatePosteriorResult
[  0%] Built target _slam_msgs_generate_messages_check_deps_MinibatchTrainingAction
[  0%] Built target _slam_msgs_generate_messages_check_deps_MinibatchTrainingResult
[  0%] Built target _slam_msgs_generate_messages_check_deps_SamplePosteriorResult
[  0%] Built target _slam_msgs_generate_messages_check_deps_MinibatchTrainingGoal
[  0%] Built target _slam_msgs_generate_messages_check_deps_ManipulatePosteriorActionResult
[  0%] Built target _slam_msgs_generate_messages_check_deps_Resample
[  0%] Built target _slam_msgs_generate_messages_check_deps_MinibatchTrainingActionFeedback
[  0%] Built target _slam_msgs_generate_messages_check_deps_ManipulatePosteriorGoal
[  0%] Built target _slam_msgs_generate_messages_check_deps_ManipulatePosteriorAction
[  0%] Built target _slam_msgs_generate_messages_check_deps_PlotPosteriorActionFeedback
[  0%] Built target _slam_msgs_generate_messages_check_deps_PlotPosteriorAction
[  0%] Built target _slam_msgs_generate_messages_check_deps_SamplePosteriorActionFeedback
[  0%] Built target _slam_msgs_generate_messages_check_deps_MbRequest
[  0%] Built target _slam_msgs_generate_messages_check_deps_PlotPosteriorGoal
[  0%] Built target _slam_msgs_generate_messages_check_deps_SamplePosteriorActionResult
[  0%] Built target _slam_msgs_generate_messages_check_deps_MinibatchTrainingFeedback
[  0%] Built target _slam_msgs_generate_messages_check_deps_ManipulatePosteriorActionGoal
[  0%] Built target _slam_msgs_generate_messages_check_deps_PlotPosteriorResult
[  0%] Built target _slam_msgs_generate_messages_check_deps_PlotPosteriorFeedback
[  0%] Built target _slam_msgs_generate_messages_check_deps_SamplePosteriorGoal
[ 66%] Built target slam_msgs_generate_messages_eus
[ 66%] Built target slam_msgs_generate_messages_lisp
[ 94%] Built target slam_msgs_generate_messages_nodejs
[ 96%] Built target slam_msgs_generate_messages_cpp
[100%] Built target slam_msgs_generate_messages_py
[100%] Built target slam_msgs_generate_messages
