Linked: (/root/catkin_ws/devel/.private/slam_msgs/include/slam_msgs/ManipulatePosteriorAction.h, /root/catkin_ws/devel/include/slam_msgs/ManipulatePosteriorAction.h)
Linked: (/root/catkin_ws/devel/.private/slam_msgs/include/slam_msgs/ManipulatePosteriorActionFeedback.h, /root/catkin_ws/devel/include/slam_msgs/ManipulatePosteriorActionFeedback.h)
Linked: (/root/catkin_ws/devel/.private/slam_msgs/include/slam_msgs/ManipulatePosteriorActionGoal.h, /root/catkin_ws/devel/include/slam_msgs/ManipulatePosteriorActionGoal.h)
Linked: (/root/catkin_ws/devel/.private/slam_msgs/include/slam_msgs/ManipulatePosteriorActionResult.h, /root/catkin_ws/devel/include/slam_msgs/ManipulatePosteriorActionResult.h)
Linked: (/root/catkin_ws/devel/.private/slam_msgs/include/slam_msgs/ManipulatePosteriorFeedback.h, /root/catkin_ws/devel/include/slam_msgs/ManipulatePosteriorFeedback.h)
Linked: (/root/catkin_ws/devel/.private/slam_msgs/include/slam_msgs/ManipulatePosteriorGoal.h, /root/catkin_ws/devel/include/slam_msgs/ManipulatePosteriorGoal.h)
Linked: (/root/catkin_ws/devel/.private/slam_msgs/include/slam_msgs/ManipulatePosteriorResult.h, /root/catkin_ws/devel/include/slam_msgs/ManipulatePosteriorResult.h)
Linked: (/root/catkin_ws/devel/.private/slam_msgs/include/slam_msgs/MbRequest.h, /root/catkin_ws/devel/include/slam_msgs/MbRequest.h)
Linked: (/root/catkin_ws/devel/.private/slam_msgs/include/slam_msgs/MbResult.h, /root/catkin_ws/devel/include/slam_msgs/MbResult.h)
Linked: (/root/catkin_ws/devel/.private/slam_msgs/include/slam_msgs/MinibatchTrainingAction.h, /root/catkin_ws/devel/include/slam_msgs/MinibatchTrainingAction.h)
Linked: (/root/catkin_ws/devel/.private/slam_msgs/include/slam_msgs/MinibatchTrainingActionFeedback.h, /root/catkin_ws/devel/include/slam_msgs/MinibatchTrainingActionFeedback.h)
Linked: (/root/catkin_ws/devel/.private/slam_msgs/include/slam_msgs/MinibatchTrainingActionGoal.h, /root/catkin_ws/devel/include/slam_msgs/MinibatchTrainingActionGoal.h)
Linked: (/root/catkin_ws/devel/.private/slam_msgs/include/slam_msgs/MinibatchTrainingActionResult.h, /root/catkin_ws/devel/include/slam_msgs/MinibatchTrainingActionResult.h)
Linked: (/root/catkin_ws/devel/.private/slam_msgs/include/slam_msgs/MinibatchTrainingFeedback.h, /root/catkin_ws/devel/include/slam_msgs/MinibatchTrainingFeedback.h)
Linked: (/root/catkin_ws/devel/.private/slam_msgs/include/slam_msgs/MinibatchTrainingGoal.h, /root/catkin_ws/devel/include/slam_msgs/MinibatchTrainingGoal.h)
Linked: (/root/catkin_ws/devel/.private/slam_msgs/include/slam_msgs/MinibatchTrainingResult.h, /root/catkin_ws/devel/include/slam_msgs/MinibatchTrainingResult.h)
Linked: (/root/catkin_ws/devel/.private/slam_msgs/include/slam_msgs/PlotPosteriorAction.h, /root/catkin_ws/devel/include/slam_msgs/PlotPosteriorAction.h)
Linked: (/root/catkin_ws/devel/.private/slam_msgs/include/slam_msgs/PlotPosteriorActionFeedback.h, /root/catkin_ws/devel/include/slam_msgs/PlotPosteriorActionFeedback.h)
Linked: (/root/catkin_ws/devel/.private/slam_msgs/include/slam_msgs/PlotPosteriorActionGoal.h, /root/catkin_ws/devel/include/slam_msgs/PlotPosteriorActionGoal.h)
Linked: (/root/catkin_ws/devel/.private/slam_msgs/include/slam_msgs/PlotPosteriorActionResult.h, /root/catkin_ws/devel/include/slam_msgs/PlotPosteriorActionResult.h)
Linked: (/root/catkin_ws/devel/.private/slam_msgs/include/slam_msgs/PlotPosteriorFeedback.h, /root/catkin_ws/devel/include/slam_msgs/PlotPosteriorFeedback.h)
Linked: (/root/catkin_ws/devel/.private/slam_msgs/include/slam_msgs/PlotPosteriorGoal.h, /root/catkin_ws/devel/include/slam_msgs/PlotPosteriorGoal.h)
Linked: (/root/catkin_ws/devel/.private/slam_msgs/include/slam_msgs/PlotPosteriorResult.h, /root/catkin_ws/devel/include/slam_msgs/PlotPosteriorResult.h)
Linked: (/root/catkin_ws/devel/.private/slam_msgs/include/slam_msgs/Resample.h, /root/catkin_ws/devel/include/slam_msgs/Resample.h)
Linked: (/root/catkin_ws/devel/.private/slam_msgs/include/slam_msgs/ResampleRequest.h, /root/catkin_ws/devel/include/slam_msgs/ResampleRequest.h)
Linked: (/root/catkin_ws/devel/.private/slam_msgs/include/slam_msgs/ResampleResponse.h, /root/catkin_ws/devel/include/slam_msgs/ResampleResponse.h)
Linked: (/root/catkin_ws/devel/.private/slam_msgs/include/slam_msgs/SamplePosteriorAction.h, /root/catkin_ws/devel/include/slam_msgs/SamplePosteriorAction.h)
Linked: (/root/catkin_ws/devel/.private/slam_msgs/include/slam_msgs/SamplePosteriorActionFeedback.h, /root/catkin_ws/devel/include/slam_msgs/SamplePosteriorActionFeedback.h)
Linked: (/root/catkin_ws/devel/.private/slam_msgs/include/slam_msgs/SamplePosteriorActionGoal.h, /root/catkin_ws/devel/include/slam_msgs/SamplePosteriorActionGoal.h)
Linked: (/root/catkin_ws/devel/.private/slam_msgs/include/slam_msgs/SamplePosteriorActionResult.h, /root/catkin_ws/devel/include/slam_msgs/SamplePosteriorActionResult.h)
Linked: (/root/catkin_ws/devel/.private/slam_msgs/include/slam_msgs/SamplePosteriorFeedback.h, /root/catkin_ws/devel/include/slam_msgs/SamplePosteriorFeedback.h)
Linked: (/root/catkin_ws/devel/.private/slam_msgs/include/slam_msgs/SamplePosteriorGoal.h, /root/catkin_ws/devel/include/slam_msgs/SamplePosteriorGoal.h)
Linked: (/root/catkin_ws/devel/.private/slam_msgs/include/slam_msgs/SamplePosteriorResult.h, /root/catkin_ws/devel/include/slam_msgs/SamplePosteriorResult.h)
Linked: (/root/catkin_ws/devel/.private/slam_msgs/lib/pkgconfig/slam_msgs.pc, /root/catkin_ws/devel/lib/pkgconfig/slam_msgs.pc)
Linked: (/root/catkin_ws/devel/.private/slam_msgs/lib/python3/dist-packages/slam_msgs/__init__.py, /root/catkin_ws/devel/lib/python3/dist-packages/slam_msgs/__init__.py)
Linked: (/root/catkin_ws/devel/.private/slam_msgs/lib/python3/dist-packages/slam_msgs/msg/_ManipulatePosteriorAction.py, /root/catkin_ws/devel/lib/python3/dist-packages/slam_msgs/msg/_ManipulatePosteriorAction.py)
Linked: (/root/catkin_ws/devel/.private/slam_msgs/lib/python3/dist-packages/slam_msgs/msg/_ManipulatePosteriorActionFeedback.py, /root/catkin_ws/devel/lib/python3/dist-packages/slam_msgs/msg/_ManipulatePosteriorActionFeedback.py)
Linked: (/root/catkin_ws/devel/.private/slam_msgs/lib/python3/dist-packages/slam_msgs/msg/_ManipulatePosteriorActionGoal.py, /root/catkin_ws/devel/lib/python3/dist-packages/slam_msgs/msg/_ManipulatePosteriorActionGoal.py)
Linked: (/root/catkin_ws/devel/.private/slam_msgs/lib/python3/dist-packages/slam_msgs/msg/_ManipulatePosteriorActionResult.py, /root/catkin_ws/devel/lib/python3/dist-packages/slam_msgs/msg/_ManipulatePosteriorActionResult.py)
Linked: (/root/catkin_ws/devel/.private/slam_msgs/lib/python3/dist-packages/slam_msgs/msg/_ManipulatePosteriorFeedback.py, /root/catkin_ws/devel/lib/python3/dist-packages/slam_msgs/msg/_ManipulatePosteriorFeedback.py)
Linked: (/root/catkin_ws/devel/.private/slam_msgs/lib/python3/dist-packages/slam_msgs/msg/_ManipulatePosteriorGoal.py, /root/catkin_ws/devel/lib/python3/dist-packages/slam_msgs/msg/_ManipulatePosteriorGoal.py)
Linked: (/root/catkin_ws/devel/.private/slam_msgs/lib/python3/dist-packages/slam_msgs/msg/_ManipulatePosteriorResult.py, /root/catkin_ws/devel/lib/python3/dist-packages/slam_msgs/msg/_ManipulatePosteriorResult.py)
Linked: (/root/catkin_ws/devel/.private/slam_msgs/lib/python3/dist-packages/slam_msgs/msg/_MbRequest.py, /root/catkin_ws/devel/lib/python3/dist-packages/slam_msgs/msg/_MbRequest.py)
Linked: (/root/catkin_ws/devel/.private/slam_msgs/lib/python3/dist-packages/slam_msgs/msg/_MbResult.py, /root/catkin_ws/devel/lib/python3/dist-packages/slam_msgs/msg/_MbResult.py)
Linked: (/root/catkin_ws/devel/.private/slam_msgs/lib/python3/dist-packages/slam_msgs/msg/_MinibatchTrainingAction.py, /root/catkin_ws/devel/lib/python3/dist-packages/slam_msgs/msg/_MinibatchTrainingAction.py)
Linked: (/root/catkin_ws/devel/.private/slam_msgs/lib/python3/dist-packages/slam_msgs/msg/_MinibatchTrainingActionFeedback.py, /root/catkin_ws/devel/lib/python3/dist-packages/slam_msgs/msg/_MinibatchTrainingActionFeedback.py)
Linked: (/root/catkin_ws/devel/.private/slam_msgs/lib/python3/dist-packages/slam_msgs/msg/_MinibatchTrainingActionGoal.py, /root/catkin_ws/devel/lib/python3/dist-packages/slam_msgs/msg/_MinibatchTrainingActionGoal.py)
Linked: (/root/catkin_ws/devel/.private/slam_msgs/lib/python3/dist-packages/slam_msgs/msg/_MinibatchTrainingActionResult.py, /root/catkin_ws/devel/lib/python3/dist-packages/slam_msgs/msg/_MinibatchTrainingActionResult.py)
Linked: (/root/catkin_ws/devel/.private/slam_msgs/lib/python3/dist-packages/slam_msgs/msg/_MinibatchTrainingFeedback.py, /root/catkin_ws/devel/lib/python3/dist-packages/slam_msgs/msg/_MinibatchTrainingFeedback.py)
Linked: (/root/catkin_ws/devel/.private/slam_msgs/lib/python3/dist-packages/slam_msgs/msg/_MinibatchTrainingGoal.py, /root/catkin_ws/devel/lib/python3/dist-packages/slam_msgs/msg/_MinibatchTrainingGoal.py)
Linked: (/root/catkin_ws/devel/.private/slam_msgs/lib/python3/dist-packages/slam_msgs/msg/_MinibatchTrainingResult.py, /root/catkin_ws/devel/lib/python3/dist-packages/slam_msgs/msg/_MinibatchTrainingResult.py)
Linked: (/root/catkin_ws/devel/.private/slam_msgs/lib/python3/dist-packages/slam_msgs/msg/_PlotPosteriorAction.py, /root/catkin_ws/devel/lib/python3/dist-packages/slam_msgs/msg/_PlotPosteriorAction.py)
Linked: (/root/catkin_ws/devel/.private/slam_msgs/lib/python3/dist-packages/slam_msgs/msg/_PlotPosteriorActionFeedback.py, /root/catkin_ws/devel/lib/python3/dist-packages/slam_msgs/msg/_PlotPosteriorActionFeedback.py)
Linked: (/root/catkin_ws/devel/.private/slam_msgs/lib/python3/dist-packages/slam_msgs/msg/_PlotPosteriorActionGoal.py, /root/catkin_ws/devel/lib/python3/dist-packages/slam_msgs/msg/_PlotPosteriorActionGoal.py)
Linked: (/root/catkin_ws/devel/.private/slam_msgs/lib/python3/dist-packages/slam_msgs/msg/_PlotPosteriorActionResult.py, /root/catkin_ws/devel/lib/python3/dist-packages/slam_msgs/msg/_PlotPosteriorActionResult.py)
Linked: (/root/catkin_ws/devel/.private/slam_msgs/lib/python3/dist-packages/slam_msgs/msg/_PlotPosteriorFeedback.py, /root/catkin_ws/devel/lib/python3/dist-packages/slam_msgs/msg/_PlotPosteriorFeedback.py)
Linked: (/root/catkin_ws/devel/.private/slam_msgs/lib/python3/dist-packages/slam_msgs/msg/_PlotPosteriorGoal.py, /root/catkin_ws/devel/lib/python3/dist-packages/slam_msgs/msg/_PlotPosteriorGoal.py)
Linked: (/root/catkin_ws/devel/.private/slam_msgs/lib/python3/dist-packages/slam_msgs/msg/_PlotPosteriorResult.py, /root/catkin_ws/devel/lib/python3/dist-packages/slam_msgs/msg/_PlotPosteriorResult.py)
Linked: (/root/catkin_ws/devel/.private/slam_msgs/lib/python3/dist-packages/slam_msgs/msg/_SamplePosteriorAction.py, /root/catkin_ws/devel/lib/python3/dist-packages/slam_msgs/msg/_SamplePosteriorAction.py)
Linked: (/root/catkin_ws/devel/.private/slam_msgs/lib/python3/dist-packages/slam_msgs/msg/_SamplePosteriorActionFeedback.py, /root/catkin_ws/devel/lib/python3/dist-packages/slam_msgs/msg/_SamplePosteriorActionFeedback.py)
Linked: (/root/catkin_ws/devel/.private/slam_msgs/lib/python3/dist-packages/slam_msgs/msg/_SamplePosteriorActionGoal.py, /root/catkin_ws/devel/lib/python3/dist-packages/slam_msgs/msg/_SamplePosteriorActionGoal.py)
Linked: (/root/catkin_ws/devel/.private/slam_msgs/lib/python3/dist-packages/slam_msgs/msg/_SamplePosteriorActionResult.py, /root/catkin_ws/devel/lib/python3/dist-packages/slam_msgs/msg/_SamplePosteriorActionResult.py)
Linked: (/root/catkin_ws/devel/.private/slam_msgs/lib/python3/dist-packages/slam_msgs/msg/_SamplePosteriorFeedback.py, /root/catkin_ws/devel/lib/python3/dist-packages/slam_msgs/msg/_SamplePosteriorFeedback.py)
Linked: (/root/catkin_ws/devel/.private/slam_msgs/lib/python3/dist-packages/slam_msgs/msg/_SamplePosteriorGoal.py, /root/catkin_ws/devel/lib/python3/dist-packages/slam_msgs/msg/_SamplePosteriorGoal.py)
Linked: (/root/catkin_ws/devel/.private/slam_msgs/lib/python3/dist-packages/slam_msgs/msg/_SamplePosteriorResult.py, /root/catkin_ws/devel/lib/python3/dist-packages/slam_msgs/msg/_SamplePosteriorResult.py)
Linked: (/root/catkin_ws/devel/.private/slam_msgs/lib/python3/dist-packages/slam_msgs/msg/__init__.py, /root/catkin_ws/devel/lib/python3/dist-packages/slam_msgs/msg/__init__.py)
Linked: (/root/catkin_ws/devel/.private/slam_msgs/lib/python3/dist-packages/slam_msgs/srv/_Resample.py, /root/catkin_ws/devel/lib/python3/dist-packages/slam_msgs/srv/_Resample.py)
Linked: (/root/catkin_ws/devel/.private/slam_msgs/lib/python3/dist-packages/slam_msgs/srv/__init__.py, /root/catkin_ws/devel/lib/python3/dist-packages/slam_msgs/srv/__init__.py)
Linked: (/root/catkin_ws/devel/.private/slam_msgs/share/common-lisp/ros/slam_msgs/msg/_package_PlotPosteriorAction.lisp, /root/catkin_ws/devel/share/common-lisp/ros/slam_msgs/msg/_package_PlotPosteriorAction.lisp)
Linked: (/root/catkin_ws/devel/.private/slam_msgs/share/common-lisp/ros/slam_msgs/msg/ManipulatePosteriorAction.lisp, /root/catkin_ws/devel/share/common-lisp/ros/slam_msgs/msg/ManipulatePosteriorAction.lisp)
Linked: (/root/catkin_ws/devel/.private/slam_msgs/share/common-lisp/ros/slam_msgs/msg/_package_MbRequest.lisp, /root/catkin_ws/devel/share/common-lisp/ros/slam_msgs/msg/_package_MbRequest.lisp)
Linked: (/root/catkin_ws/devel/.private/slam_msgs/share/common-lisp/ros/slam_msgs/msg/ManipulatePosteriorActionFeedback.lisp, /root/catkin_ws/devel/share/common-lisp/ros/slam_msgs/msg/ManipulatePosteriorActionFeedback.lisp)
Linked: (/root/catkin_ws/devel/.private/slam_msgs/share/common-lisp/ros/slam_msgs/msg/_package_PlotPosteriorActionFeedback.lisp, /root/catkin_ws/devel/share/common-lisp/ros/slam_msgs/msg/_package_PlotPosteriorActionFeedback.lisp)
Linked: (/root/catkin_ws/devel/.private/slam_msgs/share/common-lisp/ros/slam_msgs/msg/ManipulatePosteriorActionGoal.lisp, /root/catkin_ws/devel/share/common-lisp/ros/slam_msgs/msg/ManipulatePosteriorActionGoal.lisp)
Linked: (/root/catkin_ws/devel/.private/slam_msgs/share/common-lisp/ros/slam_msgs/msg/_package_PlotPosteriorActionGoal.lisp, /root/catkin_ws/devel/share/common-lisp/ros/slam_msgs/msg/_package_PlotPosteriorActionGoal.lisp)
Linked: (/root/catkin_ws/devel/.private/slam_msgs/share/common-lisp/ros/slam_msgs/msg/ManipulatePosteriorActionResult.lisp, /root/catkin_ws/devel/share/common-lisp/ros/slam_msgs/msg/ManipulatePosteriorActionResult.lisp)
Linked: (/root/catkin_ws/devel/.private/slam_msgs/share/common-lisp/ros/slam_msgs/msg/_package_PlotPosteriorActionResult.lisp, /root/catkin_ws/devel/share/common-lisp/ros/slam_msgs/msg/_package_PlotPosteriorActionResult.lisp)
Linked: (/root/catkin_ws/devel/.private/slam_msgs/share/common-lisp/ros/slam_msgs/msg/ManipulatePosteriorFeedback.lisp, /root/catkin_ws/devel/share/common-lisp/ros/slam_msgs/msg/ManipulatePosteriorFeedback.lisp)
Linked: (/root/catkin_ws/devel/.private/slam_msgs/share/common-lisp/ros/slam_msgs/msg/ManipulatePosteriorGoal.lisp, /root/catkin_ws/devel/share/common-lisp/ros/slam_msgs/msg/ManipulatePosteriorGoal.lisp)
Linked: (/root/catkin_ws/devel/.private/slam_msgs/share/common-lisp/ros/slam_msgs/msg/_package_PlotPosteriorFeedback.lisp, /root/catkin_ws/devel/share/common-lisp/ros/slam_msgs/msg/_package_PlotPosteriorFeedback.lisp)
Linked: (/root/catkin_ws/devel/.private/slam_msgs/share/common-lisp/ros/slam_msgs/msg/ManipulatePosteriorResult.lisp, /root/catkin_ws/devel/share/common-lisp/ros/slam_msgs/msg/ManipulatePosteriorResult.lisp)
Linked: (/root/catkin_ws/devel/.private/slam_msgs/share/common-lisp/ros/slam_msgs/msg/MbRequest.lisp, /root/catkin_ws/devel/share/common-lisp/ros/slam_msgs/msg/MbRequest.lisp)
Linked: (/root/catkin_ws/devel/.private/slam_msgs/share/common-lisp/ros/slam_msgs/msg/MbResult.lisp, /root/catkin_ws/devel/share/common-lisp/ros/slam_msgs/msg/MbResult.lisp)
Linked: (/root/catkin_ws/devel/.private/slam_msgs/share/common-lisp/ros/slam_msgs/msg/MinibatchTrainingAction.lisp, /root/catkin_ws/devel/share/common-lisp/ros/slam_msgs/msg/MinibatchTrainingAction.lisp)
Linked: (/root/catkin_ws/devel/.private/slam_msgs/share/common-lisp/ros/slam_msgs/msg/_package_PlotPosteriorGoal.lisp, /root/catkin_ws/devel/share/common-lisp/ros/slam_msgs/msg/_package_PlotPosteriorGoal.lisp)
Linked: (/root/catkin_ws/devel/.private/slam_msgs/share/common-lisp/ros/slam_msgs/msg/MinibatchTrainingActionFeedback.lisp, /root/catkin_ws/devel/share/common-lisp/ros/slam_msgs/msg/MinibatchTrainingActionFeedback.lisp)
Linked: (/root/catkin_ws/devel/.private/slam_msgs/share/common-lisp/ros/slam_msgs/msg/_package_PlotPosteriorResult.lisp, /root/catkin_ws/devel/share/common-lisp/ros/slam_msgs/msg/_package_PlotPosteriorResult.lisp)
Linked: (/root/catkin_ws/devel/.private/slam_msgs/share/common-lisp/ros/slam_msgs/msg/MinibatchTrainingActionGoal.lisp, /root/catkin_ws/devel/share/common-lisp/ros/slam_msgs/msg/MinibatchTrainingActionGoal.lisp)
Linked: (/root/catkin_ws/devel/.private/slam_msgs/share/common-lisp/ros/slam_msgs/msg/_package_SamplePosteriorAction.lisp, /root/catkin_ws/devel/share/common-lisp/ros/slam_msgs/msg/_package_SamplePosteriorAction.lisp)
Linked: (/root/catkin_ws/devel/.private/slam_msgs/share/common-lisp/ros/slam_msgs/msg/MinibatchTrainingActionResult.lisp, /root/catkin_ws/devel/share/common-lisp/ros/slam_msgs/msg/MinibatchTrainingActionResult.lisp)
Linked: (/root/catkin_ws/devel/.private/slam_msgs/share/common-lisp/ros/slam_msgs/msg/_package_SamplePosteriorActionFeedback.lisp, /root/catkin_ws/devel/share/common-lisp/ros/slam_msgs/msg/_package_SamplePosteriorActionFeedback.lisp)
Linked: (/root/catkin_ws/devel/.private/slam_msgs/share/common-lisp/ros/slam_msgs/msg/MinibatchTrainingFeedback.lisp, /root/catkin_ws/devel/share/common-lisp/ros/slam_msgs/msg/MinibatchTrainingFeedback.lisp)
Linked: (/root/catkin_ws/devel/.private/slam_msgs/share/common-lisp/ros/slam_msgs/msg/MinibatchTrainingGoal.lisp, /root/catkin_ws/devel/share/common-lisp/ros/slam_msgs/msg/MinibatchTrainingGoal.lisp)
Linked: (/root/catkin_ws/devel/.private/slam_msgs/share/common-lisp/ros/slam_msgs/msg/MinibatchTrainingResult.lisp, /root/catkin_ws/devel/share/common-lisp/ros/slam_msgs/msg/MinibatchTrainingResult.lisp)
Linked: (/root/catkin_ws/devel/.private/slam_msgs/share/common-lisp/ros/slam_msgs/msg/PlotPosteriorAction.lisp, /root/catkin_ws/devel/share/common-lisp/ros/slam_msgs/msg/PlotPosteriorAction.lisp)
Linked: (/root/catkin_ws/devel/.private/slam_msgs/share/common-lisp/ros/slam_msgs/msg/_package_SamplePosteriorActionGoal.lisp, /root/catkin_ws/devel/share/common-lisp/ros/slam_msgs/msg/_package_SamplePosteriorActionGoal.lisp)
Linked: (/root/catkin_ws/devel/.private/slam_msgs/share/common-lisp/ros/slam_msgs/msg/PlotPosteriorActionFeedback.lisp, /root/catkin_ws/devel/share/common-lisp/ros/slam_msgs/msg/PlotPosteriorActionFeedback.lisp)
Linked: (/root/catkin_ws/devel/.private/slam_msgs/share/common-lisp/ros/slam_msgs/msg/PlotPosteriorActionGoal.lisp, /root/catkin_ws/devel/share/common-lisp/ros/slam_msgs/msg/PlotPosteriorActionGoal.lisp)
Linked: (/root/catkin_ws/devel/.private/slam_msgs/share/common-lisp/ros/slam_msgs/msg/_package_SamplePosteriorActionResult.lisp, /root/catkin_ws/devel/share/common-lisp/ros/slam_msgs/msg/_package_SamplePosteriorActionResult.lisp)
Linked: (/root/catkin_ws/devel/.private/slam_msgs/share/common-lisp/ros/slam_msgs/msg/PlotPosteriorActionResult.lisp, /root/catkin_ws/devel/share/common-lisp/ros/slam_msgs/msg/PlotPosteriorActionResult.lisp)
Linked: (/root/catkin_ws/devel/.private/slam_msgs/share/common-lisp/ros/slam_msgs/msg/PlotPosteriorFeedback.lisp, /root/catkin_ws/devel/share/common-lisp/ros/slam_msgs/msg/PlotPosteriorFeedback.lisp)
Linked: (/root/catkin_ws/devel/.private/slam_msgs/share/common-lisp/ros/slam_msgs/msg/PlotPosteriorGoal.lisp, /root/catkin_ws/devel/share/common-lisp/ros/slam_msgs/msg/PlotPosteriorGoal.lisp)
Linked: (/root/catkin_ws/devel/.private/slam_msgs/share/common-lisp/ros/slam_msgs/msg/PlotPosteriorResult.lisp, /root/catkin_ws/devel/share/common-lisp/ros/slam_msgs/msg/PlotPosteriorResult.lisp)
Linked: (/root/catkin_ws/devel/.private/slam_msgs/share/common-lisp/ros/slam_msgs/msg/SamplePosteriorAction.lisp, /root/catkin_ws/devel/share/common-lisp/ros/slam_msgs/msg/SamplePosteriorAction.lisp)
Linked: (/root/catkin_ws/devel/.private/slam_msgs/share/common-lisp/ros/slam_msgs/msg/_package_SamplePosteriorFeedback.lisp, /root/catkin_ws/devel/share/common-lisp/ros/slam_msgs/msg/_package_SamplePosteriorFeedback.lisp)
Linked: (/root/catkin_ws/devel/.private/slam_msgs/share/common-lisp/ros/slam_msgs/msg/SamplePosteriorActionFeedback.lisp, /root/catkin_ws/devel/share/common-lisp/ros/slam_msgs/msg/SamplePosteriorActionFeedback.lisp)
Linked: (/root/catkin_ws/devel/.private/slam_msgs/share/common-lisp/ros/slam_msgs/msg/_package_SamplePosteriorGoal.lisp, /root/catkin_ws/devel/share/common-lisp/ros/slam_msgs/msg/_package_SamplePosteriorGoal.lisp)
Linked: (/root/catkin_ws/devel/.private/slam_msgs/share/common-lisp/ros/slam_msgs/msg/SamplePosteriorActionGoal.lisp, /root/catkin_ws/devel/share/common-lisp/ros/slam_msgs/msg/SamplePosteriorActionGoal.lisp)
Linked: (/root/catkin_ws/devel/.private/slam_msgs/share/common-lisp/ros/slam_msgs/msg/_package_SamplePosteriorResult.lisp, /root/catkin_ws/devel/share/common-lisp/ros/slam_msgs/msg/_package_SamplePosteriorResult.lisp)
Linked: (/root/catkin_ws/devel/.private/slam_msgs/share/common-lisp/ros/slam_msgs/msg/SamplePosteriorActionResult.lisp, /root/catkin_ws/devel/share/common-lisp/ros/slam_msgs/msg/SamplePosteriorActionResult.lisp)
Linked: (/root/catkin_ws/devel/.private/slam_msgs/share/common-lisp/ros/slam_msgs/msg/SamplePosteriorFeedback.lisp, /root/catkin_ws/devel/share/common-lisp/ros/slam_msgs/msg/SamplePosteriorFeedback.lisp)
Linked: (/root/catkin_ws/devel/.private/slam_msgs/share/common-lisp/ros/slam_msgs/msg/SamplePosteriorGoal.lisp, /root/catkin_ws/devel/share/common-lisp/ros/slam_msgs/msg/SamplePosteriorGoal.lisp)
Linked: (/root/catkin_ws/devel/.private/slam_msgs/share/common-lisp/ros/slam_msgs/msg/SamplePosteriorResult.lisp, /root/catkin_ws/devel/share/common-lisp/ros/slam_msgs/msg/SamplePosteriorResult.lisp)
Linked: (/root/catkin_ws/devel/.private/slam_msgs/share/common-lisp/ros/slam_msgs/msg/_package.lisp, /root/catkin_ws/devel/share/common-lisp/ros/slam_msgs/msg/_package.lisp)
Linked: (/root/catkin_ws/devel/.private/slam_msgs/share/common-lisp/ros/slam_msgs/msg/_package_MbResult.lisp, /root/catkin_ws/devel/share/common-lisp/ros/slam_msgs/msg/_package_MbResult.lisp)
Linked: (/root/catkin_ws/devel/.private/slam_msgs/share/common-lisp/ros/slam_msgs/msg/_package_ManipulatePosteriorAction.lisp, /root/catkin_ws/devel/share/common-lisp/ros/slam_msgs/msg/_package_ManipulatePosteriorAction.lisp)
Linked: (/root/catkin_ws/devel/.private/slam_msgs/share/common-lisp/ros/slam_msgs/msg/_package_ManipulatePosteriorGoal.lisp, /root/catkin_ws/devel/share/common-lisp/ros/slam_msgs/msg/_package_ManipulatePosteriorGoal.lisp)
Linked: (/root/catkin_ws/devel/.private/slam_msgs/share/common-lisp/ros/slam_msgs/msg/_package_ManipulatePosteriorActionFeedback.lisp, /root/catkin_ws/devel/share/common-lisp/ros/slam_msgs/msg/_package_ManipulatePosteriorActionFeedback.lisp)
Linked: (/root/catkin_ws/devel/.private/slam_msgs/share/common-lisp/ros/slam_msgs/msg/_package_MinibatchTrainingAction.lisp, /root/catkin_ws/devel/share/common-lisp/ros/slam_msgs/msg/_package_MinibatchTrainingAction.lisp)
Linked: (/root/catkin_ws/devel/.private/slam_msgs/share/common-lisp/ros/slam_msgs/msg/_package_ManipulatePosteriorActionGoal.lisp, /root/catkin_ws/devel/share/common-lisp/ros/slam_msgs/msg/_package_ManipulatePosteriorActionGoal.lisp)
Linked: (/root/catkin_ws/devel/.private/slam_msgs/share/common-lisp/ros/slam_msgs/msg/_package_ManipulatePosteriorResult.lisp, /root/catkin_ws/devel/share/common-lisp/ros/slam_msgs/msg/_package_ManipulatePosteriorResult.lisp)
Linked: (/root/catkin_ws/devel/.private/slam_msgs/share/common-lisp/ros/slam_msgs/msg/_package_ManipulatePosteriorActionResult.lisp, /root/catkin_ws/devel/share/common-lisp/ros/slam_msgs/msg/_package_ManipulatePosteriorActionResult.lisp)
Linked: (/root/catkin_ws/devel/.private/slam_msgs/share/common-lisp/ros/slam_msgs/msg/_package_MinibatchTrainingFeedback.lisp, /root/catkin_ws/devel/share/common-lisp/ros/slam_msgs/msg/_package_MinibatchTrainingFeedback.lisp)
Linked: (/root/catkin_ws/devel/.private/slam_msgs/share/common-lisp/ros/slam_msgs/msg/_package_ManipulatePosteriorFeedback.lisp, /root/catkin_ws/devel/share/common-lisp/ros/slam_msgs/msg/_package_ManipulatePosteriorFeedback.lisp)
Linked: (/root/catkin_ws/devel/.private/slam_msgs/share/common-lisp/ros/slam_msgs/msg/_package_MinibatchTrainingActionFeedback.lisp, /root/catkin_ws/devel/share/common-lisp/ros/slam_msgs/msg/_package_MinibatchTrainingActionFeedback.lisp)
Linked: (/root/catkin_ws/devel/.private/slam_msgs/share/common-lisp/ros/slam_msgs/msg/_package_MinibatchTrainingGoal.lisp, /root/catkin_ws/devel/share/common-lisp/ros/slam_msgs/msg/_package_MinibatchTrainingGoal.lisp)
Linked: (/root/catkin_ws/devel/.private/slam_msgs/share/common-lisp/ros/slam_msgs/msg/_package_MinibatchTrainingActionGoal.lisp, /root/catkin_ws/devel/share/common-lisp/ros/slam_msgs/msg/_package_MinibatchTrainingActionGoal.lisp)
Linked: (/root/catkin_ws/devel/.private/slam_msgs/share/common-lisp/ros/slam_msgs/msg/_package_MinibatchTrainingResult.lisp, /root/catkin_ws/devel/share/common-lisp/ros/slam_msgs/msg/_package_MinibatchTrainingResult.lisp)
Linked: (/root/catkin_ws/devel/.private/slam_msgs/share/common-lisp/ros/slam_msgs/msg/_package_MinibatchTrainingActionResult.lisp, /root/catkin_ws/devel/share/common-lisp/ros/slam_msgs/msg/_package_MinibatchTrainingActionResult.lisp)
Linked: (/root/catkin_ws/devel/.private/slam_msgs/share/common-lisp/ros/slam_msgs/msg/slam_msgs-msg.asd, /root/catkin_ws/devel/share/common-lisp/ros/slam_msgs/msg/slam_msgs-msg.asd)
Linked: (/root/catkin_ws/devel/.private/slam_msgs/share/common-lisp/ros/slam_msgs/srv/Resample.lisp, /root/catkin_ws/devel/share/common-lisp/ros/slam_msgs/srv/Resample.lisp)
Linked: (/root/catkin_ws/devel/.private/slam_msgs/share/common-lisp/ros/slam_msgs/srv/_package.lisp, /root/catkin_ws/devel/share/common-lisp/ros/slam_msgs/srv/_package.lisp)
Linked: (/root/catkin_ws/devel/.private/slam_msgs/share/common-lisp/ros/slam_msgs/srv/_package_Resample.lisp, /root/catkin_ws/devel/share/common-lisp/ros/slam_msgs/srv/_package_Resample.lisp)
Linked: (/root/catkin_ws/devel/.private/slam_msgs/share/common-lisp/ros/slam_msgs/srv/slam_msgs-srv.asd, /root/catkin_ws/devel/share/common-lisp/ros/slam_msgs/srv/slam_msgs-srv.asd)
Linked: (/root/catkin_ws/devel/.private/slam_msgs/share/gennodejs/ros/slam_msgs/_index.js, /root/catkin_ws/devel/share/gennodejs/ros/slam_msgs/_index.js)
Linked: (/root/catkin_ws/devel/.private/slam_msgs/share/gennodejs/ros/slam_msgs/msg/ManipulatePosteriorAction.js, /root/catkin_ws/devel/share/gennodejs/ros/slam_msgs/msg/ManipulatePosteriorAction.js)
Linked: (/root/catkin_ws/devel/.private/slam_msgs/share/gennodejs/ros/slam_msgs/msg/ManipulatePosteriorActionFeedback.js, /root/catkin_ws/devel/share/gennodejs/ros/slam_msgs/msg/ManipulatePosteriorActionFeedback.js)
Linked: (/root/catkin_ws/devel/.private/slam_msgs/share/gennodejs/ros/slam_msgs/msg/ManipulatePosteriorActionGoal.js, /root/catkin_ws/devel/share/gennodejs/ros/slam_msgs/msg/ManipulatePosteriorActionGoal.js)
Linked: (/root/catkin_ws/devel/.private/slam_msgs/share/gennodejs/ros/slam_msgs/msg/ManipulatePosteriorActionResult.js, /root/catkin_ws/devel/share/gennodejs/ros/slam_msgs/msg/ManipulatePosteriorActionResult.js)
Linked: (/root/catkin_ws/devel/.private/slam_msgs/share/gennodejs/ros/slam_msgs/msg/ManipulatePosteriorFeedback.js, /root/catkin_ws/devel/share/gennodejs/ros/slam_msgs/msg/ManipulatePosteriorFeedback.js)
Linked: (/root/catkin_ws/devel/.private/slam_msgs/share/gennodejs/ros/slam_msgs/msg/ManipulatePosteriorGoal.js, /root/catkin_ws/devel/share/gennodejs/ros/slam_msgs/msg/ManipulatePosteriorGoal.js)
Linked: (/root/catkin_ws/devel/.private/slam_msgs/share/gennodejs/ros/slam_msgs/msg/ManipulatePosteriorResult.js, /root/catkin_ws/devel/share/gennodejs/ros/slam_msgs/msg/ManipulatePosteriorResult.js)
Linked: (/root/catkin_ws/devel/.private/slam_msgs/share/gennodejs/ros/slam_msgs/msg/MbRequest.js, /root/catkin_ws/devel/share/gennodejs/ros/slam_msgs/msg/MbRequest.js)
Linked: (/root/catkin_ws/devel/.private/slam_msgs/share/gennodejs/ros/slam_msgs/msg/MbResult.js, /root/catkin_ws/devel/share/gennodejs/ros/slam_msgs/msg/MbResult.js)
Linked: (/root/catkin_ws/devel/.private/slam_msgs/share/gennodejs/ros/slam_msgs/msg/MinibatchTrainingAction.js, /root/catkin_ws/devel/share/gennodejs/ros/slam_msgs/msg/MinibatchTrainingAction.js)
Linked: (/root/catkin_ws/devel/.private/slam_msgs/share/gennodejs/ros/slam_msgs/msg/MinibatchTrainingActionFeedback.js, /root/catkin_ws/devel/share/gennodejs/ros/slam_msgs/msg/MinibatchTrainingActionFeedback.js)
Linked: (/root/catkin_ws/devel/.private/slam_msgs/share/gennodejs/ros/slam_msgs/msg/MinibatchTrainingActionGoal.js, /root/catkin_ws/devel/share/gennodejs/ros/slam_msgs/msg/MinibatchTrainingActionGoal.js)
Linked: (/root/catkin_ws/devel/.private/slam_msgs/share/gennodejs/ros/slam_msgs/msg/MinibatchTrainingActionResult.js, /root/catkin_ws/devel/share/gennodejs/ros/slam_msgs/msg/MinibatchTrainingActionResult.js)
Linked: (/root/catkin_ws/devel/.private/slam_msgs/share/gennodejs/ros/slam_msgs/msg/MinibatchTrainingFeedback.js, /root/catkin_ws/devel/share/gennodejs/ros/slam_msgs/msg/MinibatchTrainingFeedback.js)
Linked: (/root/catkin_ws/devel/.private/slam_msgs/share/gennodejs/ros/slam_msgs/msg/MinibatchTrainingGoal.js, /root/catkin_ws/devel/share/gennodejs/ros/slam_msgs/msg/MinibatchTrainingGoal.js)
Linked: (/root/catkin_ws/devel/.private/slam_msgs/share/gennodejs/ros/slam_msgs/msg/MinibatchTrainingResult.js, /root/catkin_ws/devel/share/gennodejs/ros/slam_msgs/msg/MinibatchTrainingResult.js)
Linked: (/root/catkin_ws/devel/.private/slam_msgs/share/gennodejs/ros/slam_msgs/msg/PlotPosteriorAction.js, /root/catkin_ws/devel/share/gennodejs/ros/slam_msgs/msg/PlotPosteriorAction.js)
Linked: (/root/catkin_ws/devel/.private/slam_msgs/share/gennodejs/ros/slam_msgs/msg/PlotPosteriorActionFeedback.js, /root/catkin_ws/devel/share/gennodejs/ros/slam_msgs/msg/PlotPosteriorActionFeedback.js)
Linked: (/root/catkin_ws/devel/.private/slam_msgs/share/gennodejs/ros/slam_msgs/msg/PlotPosteriorActionGoal.js, /root/catkin_ws/devel/share/gennodejs/ros/slam_msgs/msg/PlotPosteriorActionGoal.js)
Linked: (/root/catkin_ws/devel/.private/slam_msgs/share/gennodejs/ros/slam_msgs/msg/PlotPosteriorActionResult.js, /root/catkin_ws/devel/share/gennodejs/ros/slam_msgs/msg/PlotPosteriorActionResult.js)
Linked: (/root/catkin_ws/devel/.private/slam_msgs/share/gennodejs/ros/slam_msgs/msg/PlotPosteriorFeedback.js, /root/catkin_ws/devel/share/gennodejs/ros/slam_msgs/msg/PlotPosteriorFeedback.js)
Linked: (/root/catkin_ws/devel/.private/slam_msgs/share/gennodejs/ros/slam_msgs/msg/PlotPosteriorGoal.js, /root/catkin_ws/devel/share/gennodejs/ros/slam_msgs/msg/PlotPosteriorGoal.js)
Linked: (/root/catkin_ws/devel/.private/slam_msgs/share/gennodejs/ros/slam_msgs/msg/PlotPosteriorResult.js, /root/catkin_ws/devel/share/gennodejs/ros/slam_msgs/msg/PlotPosteriorResult.js)
Linked: (/root/catkin_ws/devel/.private/slam_msgs/share/gennodejs/ros/slam_msgs/msg/SamplePosteriorAction.js, /root/catkin_ws/devel/share/gennodejs/ros/slam_msgs/msg/SamplePosteriorAction.js)
Linked: (/root/catkin_ws/devel/.private/slam_msgs/share/gennodejs/ros/slam_msgs/msg/SamplePosteriorActionFeedback.js, /root/catkin_ws/devel/share/gennodejs/ros/slam_msgs/msg/SamplePosteriorActionFeedback.js)
Linked: (/root/catkin_ws/devel/.private/slam_msgs/share/gennodejs/ros/slam_msgs/msg/SamplePosteriorActionGoal.js, /root/catkin_ws/devel/share/gennodejs/ros/slam_msgs/msg/SamplePosteriorActionGoal.js)
Linked: (/root/catkin_ws/devel/.private/slam_msgs/share/gennodejs/ros/slam_msgs/msg/SamplePosteriorActionResult.js, /root/catkin_ws/devel/share/gennodejs/ros/slam_msgs/msg/SamplePosteriorActionResult.js)
Linked: (/root/catkin_ws/devel/.private/slam_msgs/share/gennodejs/ros/slam_msgs/msg/SamplePosteriorFeedback.js, /root/catkin_ws/devel/share/gennodejs/ros/slam_msgs/msg/SamplePosteriorFeedback.js)
Linked: (/root/catkin_ws/devel/.private/slam_msgs/share/gennodejs/ros/slam_msgs/msg/SamplePosteriorGoal.js, /root/catkin_ws/devel/share/gennodejs/ros/slam_msgs/msg/SamplePosteriorGoal.js)
Linked: (/root/catkin_ws/devel/.private/slam_msgs/share/gennodejs/ros/slam_msgs/msg/SamplePosteriorResult.js, /root/catkin_ws/devel/share/gennodejs/ros/slam_msgs/msg/SamplePosteriorResult.js)
Linked: (/root/catkin_ws/devel/.private/slam_msgs/share/gennodejs/ros/slam_msgs/msg/_index.js, /root/catkin_ws/devel/share/gennodejs/ros/slam_msgs/msg/_index.js)
Linked: (/root/catkin_ws/devel/.private/slam_msgs/share/gennodejs/ros/slam_msgs/srv/Resample.js, /root/catkin_ws/devel/share/gennodejs/ros/slam_msgs/srv/Resample.js)
Linked: (/root/catkin_ws/devel/.private/slam_msgs/share/gennodejs/ros/slam_msgs/srv/_index.js, /root/catkin_ws/devel/share/gennodejs/ros/slam_msgs/srv/_index.js)
Linked: (/root/catkin_ws/devel/.private/slam_msgs/share/roseus/ros/slam_msgs/manifest.l, /root/catkin_ws/devel/share/roseus/ros/slam_msgs/manifest.l)
Linked: (/root/catkin_ws/devel/.private/slam_msgs/share/roseus/ros/slam_msgs/msg/ManipulatePosteriorAction.l, /root/catkin_ws/devel/share/roseus/ros/slam_msgs/msg/ManipulatePosteriorAction.l)
Linked: (/root/catkin_ws/devel/.private/slam_msgs/share/roseus/ros/slam_msgs/msg/ManipulatePosteriorActionFeedback.l, /root/catkin_ws/devel/share/roseus/ros/slam_msgs/msg/ManipulatePosteriorActionFeedback.l)
Linked: (/root/catkin_ws/devel/.private/slam_msgs/share/roseus/ros/slam_msgs/msg/ManipulatePosteriorActionGoal.l, /root/catkin_ws/devel/share/roseus/ros/slam_msgs/msg/ManipulatePosteriorActionGoal.l)
Linked: (/root/catkin_ws/devel/.private/slam_msgs/share/roseus/ros/slam_msgs/msg/ManipulatePosteriorActionResult.l, /root/catkin_ws/devel/share/roseus/ros/slam_msgs/msg/ManipulatePosteriorActionResult.l)
Linked: (/root/catkin_ws/devel/.private/slam_msgs/share/roseus/ros/slam_msgs/msg/ManipulatePosteriorFeedback.l, /root/catkin_ws/devel/share/roseus/ros/slam_msgs/msg/ManipulatePosteriorFeedback.l)
Linked: (/root/catkin_ws/devel/.private/slam_msgs/share/roseus/ros/slam_msgs/msg/ManipulatePosteriorGoal.l, /root/catkin_ws/devel/share/roseus/ros/slam_msgs/msg/ManipulatePosteriorGoal.l)
Linked: (/root/catkin_ws/devel/.private/slam_msgs/share/roseus/ros/slam_msgs/msg/ManipulatePosteriorResult.l, /root/catkin_ws/devel/share/roseus/ros/slam_msgs/msg/ManipulatePosteriorResult.l)
Linked: (/root/catkin_ws/devel/.private/slam_msgs/share/roseus/ros/slam_msgs/msg/MbRequest.l, /root/catkin_ws/devel/share/roseus/ros/slam_msgs/msg/MbRequest.l)
Linked: (/root/catkin_ws/devel/.private/slam_msgs/share/roseus/ros/slam_msgs/msg/MbResult.l, /root/catkin_ws/devel/share/roseus/ros/slam_msgs/msg/MbResult.l)
Linked: (/root/catkin_ws/devel/.private/slam_msgs/share/roseus/ros/slam_msgs/msg/MinibatchTrainingAction.l, /root/catkin_ws/devel/share/roseus/ros/slam_msgs/msg/MinibatchTrainingAction.l)
Linked: (/root/catkin_ws/devel/.private/slam_msgs/share/roseus/ros/slam_msgs/msg/MinibatchTrainingActionFeedback.l, /root/catkin_ws/devel/share/roseus/ros/slam_msgs/msg/MinibatchTrainingActionFeedback.l)
Linked: (/root/catkin_ws/devel/.private/slam_msgs/share/roseus/ros/slam_msgs/msg/MinibatchTrainingActionGoal.l, /root/catkin_ws/devel/share/roseus/ros/slam_msgs/msg/MinibatchTrainingActionGoal.l)
Linked: (/root/catkin_ws/devel/.private/slam_msgs/share/roseus/ros/slam_msgs/msg/MinibatchTrainingActionResult.l, /root/catkin_ws/devel/share/roseus/ros/slam_msgs/msg/MinibatchTrainingActionResult.l)
Linked: (/root/catkin_ws/devel/.private/slam_msgs/share/roseus/ros/slam_msgs/msg/MinibatchTrainingFeedback.l, /root/catkin_ws/devel/share/roseus/ros/slam_msgs/msg/MinibatchTrainingFeedback.l)
Linked: (/root/catkin_ws/devel/.private/slam_msgs/share/roseus/ros/slam_msgs/msg/MinibatchTrainingGoal.l, /root/catkin_ws/devel/share/roseus/ros/slam_msgs/msg/MinibatchTrainingGoal.l)
Linked: (/root/catkin_ws/devel/.private/slam_msgs/share/roseus/ros/slam_msgs/msg/MinibatchTrainingResult.l, /root/catkin_ws/devel/share/roseus/ros/slam_msgs/msg/MinibatchTrainingResult.l)
Linked: (/root/catkin_ws/devel/.private/slam_msgs/share/roseus/ros/slam_msgs/msg/PlotPosteriorAction.l, /root/catkin_ws/devel/share/roseus/ros/slam_msgs/msg/PlotPosteriorAction.l)
Linked: (/root/catkin_ws/devel/.private/slam_msgs/share/roseus/ros/slam_msgs/msg/PlotPosteriorActionFeedback.l, /root/catkin_ws/devel/share/roseus/ros/slam_msgs/msg/PlotPosteriorActionFeedback.l)
Linked: (/root/catkin_ws/devel/.private/slam_msgs/share/roseus/ros/slam_msgs/msg/PlotPosteriorActionGoal.l, /root/catkin_ws/devel/share/roseus/ros/slam_msgs/msg/PlotPosteriorActionGoal.l)
Linked: (/root/catkin_ws/devel/.private/slam_msgs/share/roseus/ros/slam_msgs/msg/PlotPosteriorActionResult.l, /root/catkin_ws/devel/share/roseus/ros/slam_msgs/msg/PlotPosteriorActionResult.l)
Linked: (/root/catkin_ws/devel/.private/slam_msgs/share/roseus/ros/slam_msgs/msg/PlotPosteriorFeedback.l, /root/catkin_ws/devel/share/roseus/ros/slam_msgs/msg/PlotPosteriorFeedback.l)
Linked: (/root/catkin_ws/devel/.private/slam_msgs/share/roseus/ros/slam_msgs/msg/PlotPosteriorGoal.l, /root/catkin_ws/devel/share/roseus/ros/slam_msgs/msg/PlotPosteriorGoal.l)
Linked: (/root/catkin_ws/devel/.private/slam_msgs/share/roseus/ros/slam_msgs/msg/PlotPosteriorResult.l, /root/catkin_ws/devel/share/roseus/ros/slam_msgs/msg/PlotPosteriorResult.l)
Linked: (/root/catkin_ws/devel/.private/slam_msgs/share/roseus/ros/slam_msgs/msg/SamplePosteriorAction.l, /root/catkin_ws/devel/share/roseus/ros/slam_msgs/msg/SamplePosteriorAction.l)
Linked: (/root/catkin_ws/devel/.private/slam_msgs/share/roseus/ros/slam_msgs/msg/SamplePosteriorActionFeedback.l, /root/catkin_ws/devel/share/roseus/ros/slam_msgs/msg/SamplePosteriorActionFeedback.l)
Linked: (/root/catkin_ws/devel/.private/slam_msgs/share/roseus/ros/slam_msgs/msg/SamplePosteriorActionGoal.l, /root/catkin_ws/devel/share/roseus/ros/slam_msgs/msg/SamplePosteriorActionGoal.l)
Linked: (/root/catkin_ws/devel/.private/slam_msgs/share/roseus/ros/slam_msgs/msg/SamplePosteriorActionResult.l, /root/catkin_ws/devel/share/roseus/ros/slam_msgs/msg/SamplePosteriorActionResult.l)
Linked: (/root/catkin_ws/devel/.private/slam_msgs/share/roseus/ros/slam_msgs/msg/SamplePosteriorFeedback.l, /root/catkin_ws/devel/share/roseus/ros/slam_msgs/msg/SamplePosteriorFeedback.l)
Linked: (/root/catkin_ws/devel/.private/slam_msgs/share/roseus/ros/slam_msgs/msg/SamplePosteriorGoal.l, /root/catkin_ws/devel/share/roseus/ros/slam_msgs/msg/SamplePosteriorGoal.l)
Linked: (/root/catkin_ws/devel/.private/slam_msgs/share/roseus/ros/slam_msgs/msg/SamplePosteriorResult.l, /root/catkin_ws/devel/share/roseus/ros/slam_msgs/msg/SamplePosteriorResult.l)
Linked: (/root/catkin_ws/devel/.private/slam_msgs/share/roseus/ros/slam_msgs/srv/Resample.l, /root/catkin_ws/devel/share/roseus/ros/slam_msgs/srv/Resample.l)
Linked: (/root/catkin_ws/devel/.private/slam_msgs/share/slam_msgs/cmake/slam_msgs-msg-extras.cmake, /root/catkin_ws/devel/share/slam_msgs/cmake/slam_msgs-msg-extras.cmake)
Linked: (/root/catkin_ws/devel/.private/slam_msgs/share/slam_msgs/cmake/slam_msgs-msg-paths.cmake, /root/catkin_ws/devel/share/slam_msgs/cmake/slam_msgs-msg-paths.cmake)
Linked: (/root/catkin_ws/devel/.private/slam_msgs/share/slam_msgs/cmake/slam_msgsConfig-version.cmake, /root/catkin_ws/devel/share/slam_msgs/cmake/slam_msgsConfig-version.cmake)
Linked: (/root/catkin_ws/devel/.private/slam_msgs/share/slam_msgs/cmake/slam_msgsConfig.cmake, /root/catkin_ws/devel/share/slam_msgs/cmake/slam_msgsConfig.cmake)
Linked: (/root/catkin_ws/devel/.private/slam_msgs/share/slam_msgs/msg/ManipulatePosteriorAction.msg, /root/catkin_ws/devel/share/slam_msgs/msg/ManipulatePosteriorAction.msg)
Linked: (/root/catkin_ws/devel/.private/slam_msgs/share/slam_msgs/msg/ManipulatePosteriorActionFeedback.msg, /root/catkin_ws/devel/share/slam_msgs/msg/ManipulatePosteriorActionFeedback.msg)
Linked: (/root/catkin_ws/devel/.private/slam_msgs/share/slam_msgs/msg/ManipulatePosteriorActionGoal.msg, /root/catkin_ws/devel/share/slam_msgs/msg/ManipulatePosteriorActionGoal.msg)
Linked: (/root/catkin_ws/devel/.private/slam_msgs/share/slam_msgs/msg/ManipulatePosteriorActionResult.msg, /root/catkin_ws/devel/share/slam_msgs/msg/ManipulatePosteriorActionResult.msg)
Linked: (/root/catkin_ws/devel/.private/slam_msgs/share/slam_msgs/msg/ManipulatePosteriorFeedback.msg, /root/catkin_ws/devel/share/slam_msgs/msg/ManipulatePosteriorFeedback.msg)
Linked: (/root/catkin_ws/devel/.private/slam_msgs/share/slam_msgs/msg/ManipulatePosteriorGoal.msg, /root/catkin_ws/devel/share/slam_msgs/msg/ManipulatePosteriorGoal.msg)
Linked: (/root/catkin_ws/devel/.private/slam_msgs/share/slam_msgs/msg/ManipulatePosteriorResult.msg, /root/catkin_ws/devel/share/slam_msgs/msg/ManipulatePosteriorResult.msg)
Linked: (/root/catkin_ws/devel/.private/slam_msgs/share/slam_msgs/msg/MinibatchTrainingAction.msg, /root/catkin_ws/devel/share/slam_msgs/msg/MinibatchTrainingAction.msg)
Linked: (/root/catkin_ws/devel/.private/slam_msgs/share/slam_msgs/msg/MinibatchTrainingActionFeedback.msg, /root/catkin_ws/devel/share/slam_msgs/msg/MinibatchTrainingActionFeedback.msg)
Linked: (/root/catkin_ws/devel/.private/slam_msgs/share/slam_msgs/msg/MinibatchTrainingActionGoal.msg, /root/catkin_ws/devel/share/slam_msgs/msg/MinibatchTrainingActionGoal.msg)
Linked: (/root/catkin_ws/devel/.private/slam_msgs/share/slam_msgs/msg/MinibatchTrainingActionResult.msg, /root/catkin_ws/devel/share/slam_msgs/msg/MinibatchTrainingActionResult.msg)
Linked: (/root/catkin_ws/devel/.private/slam_msgs/share/slam_msgs/msg/MinibatchTrainingFeedback.msg, /root/catkin_ws/devel/share/slam_msgs/msg/MinibatchTrainingFeedback.msg)
Linked: (/root/catkin_ws/devel/.private/slam_msgs/share/slam_msgs/msg/MinibatchTrainingGoal.msg, /root/catkin_ws/devel/share/slam_msgs/msg/MinibatchTrainingGoal.msg)
Linked: (/root/catkin_ws/devel/.private/slam_msgs/share/slam_msgs/msg/MinibatchTrainingResult.msg, /root/catkin_ws/devel/share/slam_msgs/msg/MinibatchTrainingResult.msg)
Linked: (/root/catkin_ws/devel/.private/slam_msgs/share/slam_msgs/msg/PlotPosteriorAction.msg, /root/catkin_ws/devel/share/slam_msgs/msg/PlotPosteriorAction.msg)
Linked: (/root/catkin_ws/devel/.private/slam_msgs/share/slam_msgs/msg/PlotPosteriorActionFeedback.msg, /root/catkin_ws/devel/share/slam_msgs/msg/PlotPosteriorActionFeedback.msg)
Linked: (/root/catkin_ws/devel/.private/slam_msgs/share/slam_msgs/msg/PlotPosteriorActionGoal.msg, /root/catkin_ws/devel/share/slam_msgs/msg/PlotPosteriorActionGoal.msg)
Linked: (/root/catkin_ws/devel/.private/slam_msgs/share/slam_msgs/msg/PlotPosteriorActionResult.msg, /root/catkin_ws/devel/share/slam_msgs/msg/PlotPosteriorActionResult.msg)
Linked: (/root/catkin_ws/devel/.private/slam_msgs/share/slam_msgs/msg/PlotPosteriorFeedback.msg, /root/catkin_ws/devel/share/slam_msgs/msg/PlotPosteriorFeedback.msg)
Linked: (/root/catkin_ws/devel/.private/slam_msgs/share/slam_msgs/msg/PlotPosteriorGoal.msg, /root/catkin_ws/devel/share/slam_msgs/msg/PlotPosteriorGoal.msg)
Linked: (/root/catkin_ws/devel/.private/slam_msgs/share/slam_msgs/msg/PlotPosteriorResult.msg, /root/catkin_ws/devel/share/slam_msgs/msg/PlotPosteriorResult.msg)
Linked: (/root/catkin_ws/devel/.private/slam_msgs/share/slam_msgs/msg/SamplePosteriorAction.msg, /root/catkin_ws/devel/share/slam_msgs/msg/SamplePosteriorAction.msg)
Linked: (/root/catkin_ws/devel/.private/slam_msgs/share/slam_msgs/msg/SamplePosteriorActionFeedback.msg, /root/catkin_ws/devel/share/slam_msgs/msg/SamplePosteriorActionFeedback.msg)
Linked: (/root/catkin_ws/devel/.private/slam_msgs/share/slam_msgs/msg/SamplePosteriorActionGoal.msg, /root/catkin_ws/devel/share/slam_msgs/msg/SamplePosteriorActionGoal.msg)
Linked: (/root/catkin_ws/devel/.private/slam_msgs/share/slam_msgs/msg/SamplePosteriorActionResult.msg, /root/catkin_ws/devel/share/slam_msgs/msg/SamplePosteriorActionResult.msg)
Linked: (/root/catkin_ws/devel/.private/slam_msgs/share/slam_msgs/msg/SamplePosteriorFeedback.msg, /root/catkin_ws/devel/share/slam_msgs/msg/SamplePosteriorFeedback.msg)
Linked: (/root/catkin_ws/devel/.private/slam_msgs/share/slam_msgs/msg/SamplePosteriorGoal.msg, /root/catkin_ws/devel/share/slam_msgs/msg/SamplePosteriorGoal.msg)
Linked: (/root/catkin_ws/devel/.private/slam_msgs/share/slam_msgs/msg/SamplePosteriorResult.msg, /root/catkin_ws/devel/share/slam_msgs/msg/SamplePosteriorResult.msg)
