/usr/bin/ld: /root/auvlib/install/lib/libmesh_map.a(mesh_map.cpp.o): in function `igl::embree::EmbreeIntersector::intersectBeam(Eigen::Matrix<float, 1, 3, 1, 1, 3> const&, Eigen::Matrix<float, 1, 3, 1, 1, 3> const&, igl::Hit&, float, float, int, int, bool, unsigned int) const [clone .constprop.0]':
mesh_map.cpp:(.text+0xba3): undefined reference to `rtcIntersect1'
/usr/bin/ld: mesh_map.cpp:(.text+0xe33): undefined reference to `rtcIntersect1'
/usr/bin/ld: /root/auvlib/install/lib/libmesh_map.a(mesh_map.cpp.o): in function `mesh_map::depths_at_points(Eigen::Matrix<double, -1, -1, 0, -1, -1> const&, Eigen::Matrix<int, -1, -1, 0, -1, -1> const&, Eigen::Matrix<double, -1, -1, 0, -1, -1> const&)':
mesh_map.cpp:(.text+0x6df0): undefined reference to `rtcReleaseScene'
/usr/bin/ld: mesh_map.cpp:(.text+0x6dfc): undefined reference to `rtcGetDeviceError'
/usr/bin/ld: /root/auvlib/install/lib/libmesh_map.a(mesh_map.cpp.o): in function `mesh_map::normals_at_points(Eigen::Matrix<double, -1, -1, 0, -1, -1> const&, Eigen::Matrix<int, -1, -1, 0, -1, -1> const&, Eigen::Matrix<double, -1, -1, 0, -1, -1> const&, Eigen::Matrix<double, -1, -1, 0, -1, -1> const&)':
mesh_map.cpp:(.text+0x7840): undefined reference to `rtcReleaseScene'
/usr/bin/ld: mesh_map.cpp:(.text+0x784c): undefined reference to `rtcGetDeviceError'
/usr/bin/ld: /root/auvlib/install/lib/libmesh_map.a(mesh_map.cpp.o): in function `igl::embree::EmbreeIntersector::~EmbreeIntersector()':
mesh_map.cpp:(.text._ZN3igl6embree17EmbreeIntersectorD2Ev[_ZN3igl6embree17EmbreeIntersectorD5Ev]+0x35): undefined reference to `rtcReleaseScene'
/usr/bin/ld: mesh_map.cpp:(.text._ZN3igl6embree17EmbreeIntersectorD2Ev[_ZN3igl6embree17EmbreeIntersectorD5Ev]+0x41): undefined reference to `rtcGetDeviceError'
/usr/bin/ld: /root/auvlib/install/lib/libmesh_map.a(mesh_map.cpp.o): in function `igl::embree::EmbreeIntersector::~EmbreeIntersector()':
mesh_map.cpp:(.text._ZN3igl6embree17EmbreeIntersectorD0Ev[_ZN3igl6embree17EmbreeIntersectorD5Ev]+0x4c): undefined reference to `rtcReleaseScene'
/usr/bin/ld: mesh_map.cpp:(.text._ZN3igl6embree17EmbreeIntersectorD0Ev[_ZN3igl6embree17EmbreeIntersectorD5Ev]+0x58): undefined reference to `rtcGetDeviceError'
/usr/bin/ld: /root/auvlib/install/lib/libmesh_map.a(mesh_map.cpp.o): in function `igl::embree::EmbreeIntersector::deinit()':
mesh_map.cpp:(.text._ZN3igl6embree17EmbreeIntersector6deinitEv[_ZN3igl6embree17EmbreeIntersector6deinitEv]+0x19): undefined reference to `rtcReleaseScene'
/usr/bin/ld: mesh_map.cpp:(.text._ZN3igl6embree17EmbreeIntersector6deinitEv[_ZN3igl6embree17EmbreeIntersector6deinitEv]+0x25): undefined reference to `rtcGetDeviceError'
/usr/bin/ld: /root/auvlib/install/lib/libmesh_map.a(mesh_map.cpp.o): in function `igl::embree::EmbreeIntersector::init(Eigen::Matrix<float, -1, 3, 0, -1, 3> const&, Eigen::Matrix<int, -1, 3, 0, -1, 3> const&, bool)':
mesh_map.cpp:(.text._ZN3igl6embree17EmbreeIntersector4initERKN5Eigen6MatrixIfLin1ELi3ELi0ELin1ELi3EEERKNS3_IiLin1ELi3ELi0ELin1ELi3EEEb[_ZN3igl6embree17EmbreeIntersector4initERKN5Eigen6MatrixIfLin1ELi3ELi0ELin1ELi3EEERKNS3_IiLin1ELi3ELi0ELin1ELi3EEEb]+0x10c): undefined reference to `rtcNewScene'
/usr/bin/ld: mesh_map.cpp:(.text._ZN3igl6embree17EmbreeIntersector4initERKN5Eigen6MatrixIfLin1ELi3ELi0ELin1ELi3EEERKNS3_IiLin1ELi3ELi0ELin1ELi3EEEb[_ZN3igl6embree17EmbreeIntersector4initERKN5Eigen6MatrixIfLin1ELi3ELi0ELin1ELi3EEERKNS3_IiLin1ELi3ELi0ELin1ELi3EEEb]+0x11d): undefined reference to `rtcSetSceneFlags'
/usr/bin/ld: mesh_map.cpp:(.text._ZN3igl6embree17EmbreeIntersector4initERKN5Eigen6MatrixIfLin1ELi3ELi0ELin1ELi3EEERKNS3_IiLin1ELi3ELi0ELin1ELi3EEEb[_ZN3igl6embree17EmbreeIntersector4initERKN5Eigen6MatrixIfLin1ELi3ELi0ELin1ELi3EEERKNS3_IiLin1ELi3ELi0ELin1ELi3EEEb]+0x129): undefined reference to `rtcSetSceneBuildQuality'
/usr/bin/ld: mesh_map.cpp:(.text._ZN3igl6embree17EmbreeIntersector4initERKN5Eigen6MatrixIfLin1ELi3ELi0ELin1ELi3EEERKNS3_IiLin1ELi3ELi0ELin1ELi3EEEb[_ZN3igl6embree17EmbreeIntersector4initERKN5Eigen6MatrixIfLin1ELi3ELi0ELin1ELi3EEERKNS3_IiLin1ELi3ELi0ELin1ELi3EEEb]+0x15a): undefined reference to `rtcNewGeometry'
/usr/bin/ld: mesh_map.cpp:(.text._ZN3igl6embree17EmbreeIntersector4initERKN5Eigen6MatrixIfLin1ELi3ELi0ELin1ELi3EEERKNS3_IiLin1ELi3ELi0ELin1ELi3EEEb[_ZN3igl6embree17EmbreeIntersector4initERKN5Eigen6MatrixIfLin1ELi3ELi0ELin1ELi3EEERKNS3_IiLin1ELi3ELi0ELin1ELi3EEEb]+0x168): undefined reference to `rtcSetGeometryBuildQuality'
/usr/bin/ld: mesh_map.cpp:(.text._ZN3igl6embree17EmbreeIntersector4initERKN5Eigen6MatrixIfLin1ELi3ELi0ELin1ELi3EEERKNS3_IiLin1ELi3ELi0ELin1ELi3EEEb[_ZN3igl6embree17EmbreeIntersector4initERKN5Eigen6MatrixIfLin1ELi3ELi0ELin1ELi3EEERKNS3_IiLin1ELi3ELi0ELin1ELi3EEEb]+0x175): undefined reference to `rtcSetGeometryTimeStepCount'
/usr/bin/ld: mesh_map.cpp:(.text._ZN3igl6embree17EmbreeIntersector4initERKN5Eigen6MatrixIfLin1ELi3ELi0ELin1ELi3EEERKNS3_IiLin1ELi3ELi0ELin1ELi3EEEb[_ZN3igl6embree17EmbreeIntersector4initERKN5Eigen6MatrixIfLin1ELi3ELi0ELin1ELi3EEERKNS3_IiLin1ELi3ELi0ELin1ELi3EEEb]+0x181): undefined reference to `rtcAttachGeometry'
/usr/bin/ld: mesh_map.cpp:(.text._ZN3igl6embree17EmbreeIntersector4initERKN5Eigen6MatrixIfLin1ELi3ELi0ELin1ELi3EEERKNS3_IiLin1ELi3ELi0ELin1ELi3EEEb[_ZN3igl6embree17EmbreeIntersector4initERKN5Eigen6MatrixIfLin1ELi3ELi0ELin1ELi3EEERKNS3_IiLin1ELi3ELi0ELin1ELi3EEEb]+0x18c): undefined reference to `rtcReleaseGeometry'
/usr/bin/ld: mesh_map.cpp:(.text._ZN3igl6embree17EmbreeIntersector4initERKN5Eigen6MatrixIfLin1ELi3ELi0ELin1ELi3EEERKNS3_IiLin1ELi3ELi0ELin1ELi3EEEb[_ZN3igl6embree17EmbreeIntersector4initERKN5Eigen6MatrixIfLin1ELi3ELi0ELin1ELi3EEERKNS3_IiLin1ELi3ELi0ELin1ELi3EEEb]+0x1bb): undefined reference to `rtcSetNewGeometryBuffer'
/usr/bin/ld: mesh_map.cpp:(.text._ZN3igl6embree17EmbreeIntersector4initERKN5Eigen6MatrixIfLin1ELi3ELi0ELin1ELi3EEERKNS3_IiLin1ELi3ELi0ELin1ELi3EEEb[_ZN3igl6embree17EmbreeIntersector4initERKN5Eigen6MatrixIfLin1ELi3ELi0ELin1ELi3EEERKNS3_IiLin1ELi3ELi0ELin1ELi3EEEb]+0x3e8): undefined reference to `rtcSetNewGeometryBuffer'
/usr/bin/ld: mesh_map.cpp:(.text._ZN3igl6embree17EmbreeIntersector4initERKN5Eigen6MatrixIfLin1ELi3ELi0ELin1ELi3EEERKNS3_IiLin1ELi3ELi0ELin1ELi3EEEb[_ZN3igl6embree17EmbreeIntersector4initERKN5Eigen6MatrixIfLin1ELi3ELi0ELin1ELi3EEERKNS3_IiLin1ELi3ELi0ELin1ELi3EEEb]+0x451): undefined reference to `rtcSetGeometryMask'
/usr/bin/ld: mesh_map.cpp:(.text._ZN3igl6embree17EmbreeIntersector4initERKN5Eigen6MatrixIfLin1ELi3ELi0ELin1ELi3EEERKNS3_IiLin1ELi3ELi0ELin1ELi3EEEb[_ZN3igl6embree17EmbreeIntersector4initERKN5Eigen6MatrixIfLin1ELi3ELi0ELin1ELi3EEERKNS3_IiLin1ELi3ELi0ELin1ELi3EEEb]+0x459): undefined reference to `rtcCommitGeometry'
/usr/bin/ld: mesh_map.cpp:(.text._ZN3igl6embree17EmbreeIntersector4initERKN5Eigen6MatrixIfLin1ELi3ELi0ELin1ELi3EEERKNS3_IiLin1ELi3ELi0ELin1ELi3EEEb[_ZN3igl6embree17EmbreeIntersector4initERKN5Eigen6MatrixIfLin1ELi3ELi0ELin1ELi3EEERKNS3_IiLin1ELi3ELi0ELin1ELi3EEEb]+0x47d): undefined reference to `rtcCommitScene'
/usr/bin/ld: mesh_map.cpp:(.text._ZN3igl6embree17EmbreeIntersector4initERKN5Eigen6MatrixIfLin1ELi3ELi0ELin1ELi3EEERKNS3_IiLin1ELi3ELi0ELin1ELi3EEEb[_ZN3igl6embree17EmbreeIntersector4initERKN5Eigen6MatrixIfLin1ELi3ELi0ELin1ELi3EEERKNS3_IiLin1ELi3ELi0ELin1ELi3EEEb]+0x489): undefined reference to `rtcGetDeviceError'
/usr/bin/ld: mesh_map.cpp:(.text._ZN3igl6embree17EmbreeIntersector4initERKN5Eigen6MatrixIfLin1ELi3ELi0ELin1ELi3EEERKNS3_IiLin1ELi3ELi0ELin1ELi3EEEb[_ZN3igl6embree17EmbreeIntersector4initERKN5Eigen6MatrixIfLin1ELi3ELi0ELin1ELi3EEERKNS3_IiLin1ELi3ELi0ELin1ELi3EEEb]+0x577): undefined reference to `rtcReleaseScene'
/usr/bin/ld: mesh_map.cpp:(.text._ZN3igl6embree17EmbreeIntersector4initERKN5Eigen6MatrixIfLin1ELi3ELi0ELin1ELi3EEERKNS3_IiLin1ELi3ELi0ELin1ELi3EEEb[_ZN3igl6embree17EmbreeIntersector4initERKN5Eigen6MatrixIfLin1ELi3ELi0ELin1ELi3EEERKNS3_IiLin1ELi3ELi0ELin1ELi3EEEb]+0x583): undefined reference to `rtcGetDeviceError'
/usr/bin/ld: mesh_map.cpp:(.text._ZN3igl6embree17EmbreeIntersector4initERKN5Eigen6MatrixIfLin1ELi3ELi0ELin1ELi3EEERKNS3_IiLin1ELi3ELi0ELin1ELi3EEEb[_ZN3igl6embree17EmbreeIntersector4initERKN5Eigen6MatrixIfLin1ELi3ELi0ELin1ELi3EEERKNS3_IiLin1ELi3ELi0ELin1ELi3EEEb]+0x5f3): undefined reference to `rtcNewDevice'
/usr/bin/ld: mesh_map.cpp:(.text._ZN3igl6embree17EmbreeIntersector4initERKN5Eigen6MatrixIfLin1ELi3ELi0ELin1ELi3EEERKNS3_IiLin1ELi3ELi0ELin1ELi3EEEb[_ZN3igl6embree17EmbreeIntersector4initERKN5Eigen6MatrixIfLin1ELi3ELi0ELin1ELi3EEERKNS3_IiLin1ELi3ELi0ELin1ELi3EEEb]+0x602): undefined reference to `rtcGetDeviceError'
/usr/bin/ld: /root/auvlib/install/lib/libbathy_tracer.a(bathy_tracer.cpp.o): in function `igl::embree::EmbreeIntersector::intersectBeam(Eigen::Matrix<float, 1, 3, 1, 1, 3> const&, Eigen::Matrix<float, 1, 3, 1, 1, 3> const&, igl::Hit&, float, float, int, int, bool, unsigned int) const [clone .constprop.0]':
bathy_tracer.cpp:(.text+0xd3): undefined reference to `rtcIntersect1'
/usr/bin/ld: bathy_tracer.cpp:(.text+0x363): undefined reference to `rtcIntersect1'
collect2: error: ld returned 1 exit status
make[2]: *** [CMakeFiles/sss_pf_localization_node.dir/build.make:539: /root/catkin_ws/devel/.private/sss_particle_filter/lib/sss_particle_filter/sss_pf_localization_node] Error 1
make[1]: *** [CMakeFiles/Makefile2:2801: CMakeFiles/sss_pf_localization_node.dir/all] Error 2
make: *** [Makefile:146: all] Error 2
