In file included from [01m[K/root/auvlib/install/include/bathy_maps/base_draper.h:21[m[K,
                 from [01m[K/root/catkin_ws/src/UWExploration/localization/sss_particle_filter/include/sss_particle_filter/sss_payload.hpp:10[m[K,
                 from [01m[K/root/catkin_ws/src/UWExploration/localization/sss_particle_filter/src/sss_payload.cpp:1[m[K:
[01m[K/root/auvlib/install/include/data_tools/sensor_offset.h:29:41:[m[K [01;35m[Kwarning: [m[Kunknown escape sequence: '\.'
   29 |     static std::regex regex_sensor_name([01;35m[K"\\[(\.+)\\]"[m[K);
      |                                         [01;35m[K^~~~~~~~~~~~~[m[K
In file included from [01m[K/root/auvlib/install/include/bathy_maps/base_draper.h:21[m[K,
                 from [01m[K/root/catkin_ws/src/UWExploration/localization/sss_particle_filter/include/sss_particle_filter/sss_payload.hpp:10[m[K,
                 from [01m[K/root/catkin_ws/src/UWExploration/localization/sss_particle_filter/include/sss_particle_filter/pf_particle.h:37[m[K,
                 from [01m[K/root/catkin_ws/src/UWExploration/localization/sss_particle_filter/src/pf_particle.cpp:1[m[K:
[01m[K/root/auvlib/install/include/data_tools/sensor_offset.h:29:41:[m[K [01;35m[Kwarning: [m[Kunknown escape sequence: '\.'
   29 |     static std::regex regex_sensor_name([01;35m[K"\\[(\.+)\\]"[m[K);
      |                                         [01;35m[K^~~~~~~~~~~~~[m[K
In file included from [01m[K/root/auvlib/install/include/bathy_maps/base_draper.h:21[m[K,
                 from [01m[K/root/catkin_ws/src/UWExploration/localization/sss_particle_filter/include/sss_particle_filter/sss_payload.hpp:10[m[K,
                 from [01m[K/root/catkin_ws/src/UWExploration/localization/sss_particle_filter/include/sss_particle_filter/pf_particle.h:37[m[K,
                 from [01m[K/root/catkin_ws/src/UWExploration/localization/sss_particle_filter/include/sss_particle_filter/sss_pf_localization.h:4[m[K,
                 from [01m[K/root/catkin_ws/src/UWExploration/localization/sss_particle_filter/src/sss_pf_localization_node.cpp:1[m[K:
[01m[K/root/auvlib/install/include/data_tools/sensor_offset.h:29:41:[m[K [01;35m[Kwarning: [m[Kunknown escape sequence: '\.'
   29 |     static std::regex regex_sensor_name([01;35m[K"\\[(\.+)\\]"[m[K);
      |                                         [01;35m[K^~~~~~~~~~~~~[m[K
In file included from [01m[K/root/auvlib/install/include/bathy_maps/base_draper.h:21[m[K,
                 from [01m[K/root/catkin_ws/src/UWExploration/localization/sss_particle_filter/include/sss_particle_filter/sss_payload.hpp:10[m[K,
                 from [01m[K/root/catkin_ws/src/UWExploration/localization/sss_particle_filter/include/sss_particle_filter/pf_particle.h:37[m[K,
                 from [01m[K/root/catkin_ws/src/UWExploration/localization/sss_particle_filter/include/sss_particle_filter/sss_pf_localization.h:4[m[K,
                 from [01m[K/root/catkin_ws/src/UWExploration/localization/sss_particle_filter/src/sss_pf_localization.cpp:1[m[K:
[01m[K/root/auvlib/install/include/data_tools/sensor_offset.h:29:41:[m[K [01;35m[Kwarning: [m[Kunknown escape sequence: '\.'
   29 |     static std::regex regex_sensor_name([01;35m[K"\\[(\.+)\\]"[m[K);
      |                                         [01;35m[K^~~~~~~~~~~~~[m[K
/usr/bin/ld: cannot find -ligl::embree
collect2: error: ld returned 1 exit status
make[2]: *** [CMakeFiles/sss_pf_localization_node.dir/build.make:531: /root/catkin_ws/devel/.private/sss_particle_filter/lib/sss_particle_filter/sss_pf_localization_node] Error 1
make[1]: *** [CMakeFiles/Makefile2:2801: CMakeFiles/sss_pf_localization_node.dir/all] Error 2
make: *** [Makefile:146: all] Error 2
